TpTrace Verbose: 0 : 12972, 1, 2022/12/21, 17:18:54.255, 163330171991, vstest.console.dll, Version: 17.4.0-release-20221019-01 Current process architecture: X64
TpTrace Verbose: 0 : 12972, 1, 2022/12/21, 17:18:54.257, 163330194550, vstest.console.dll, Runtime location: C:\Program Files\dotnet\shared\Microsoft.NETCore.App\7.0.0
TpTrace Verbose: 0 : 12972, 1, 2022/12/21, 17:18:54.261, 163330236567, vstest.console.dll, ArtifactProcessingPostProcessModeProcessorExecutor.Initialize: ArtifactProcessingMode.Collect
TpTrace Verbose: 0 : 12972, 1, 2022/12/21, 17:18:54.261, 163330238957, vstest.console.dll, TestSessionCorrelationIdProcessorModeProcessorExecutor.Initialize: TestSessionCorrelationId '18516_171acc58-d15e-4c5e-a827-662a06348b33'
TpTrace Information: 0 : 12972, 1, 2022/12/21, 17:18:54.274, 163330361199, vstest.console.dll, FilePatternParser: The given file C:\Facultate\dotNET\MyVetAppoinmentApp\IntegrationTests\bin\Debug\net7.0\fine-code-coverage\build-output\IntegrationTests.dll is a full path.
TpTrace Verbose: 0 : 12972, 1, 2022/12/21, 17:18:54.282, 163330443553, vstest.console.dll, TestPluginCache.DiscoverTestExtensions: finding test extensions in assemblies ends with: RuntimeProvider.dll TPluginInfo: Microsoft.VisualStudio.TestPlatform.Common.ExtensionFramework.Utilities.TestRuntimePluginInformation TExtension: Microsoft.VisualStudio.TestPlatform.ObjectModel.Host.ITestRuntimeProvider
TpTrace Verbose: 0 : 12972, 1, 2022/12/21, 17:18:54.282, 163330447986, vstest.console.dll, TestPluginCache.GetExtensionPaths: Filtered extension paths: 
TpTrace Verbose: 0 : 12972, 1, 2022/12/21, 17:18:54.282, 163330448985, vstest.console.dll, TestPluginCache.GetExtensionPaths: Added default extension paths: C:\Program Files\dotnet\sdk\7.0.100\Extensions\Microsoft.Diagnostics.NETCore.Client.dll
C:\Program Files\dotnet\sdk\7.0.100\Extensions\Microsoft.TestPlatform.Extensions.BlameDataCollector.dll
C:\Program Files\dotnet\sdk\7.0.100\Extensions\Microsoft.TestPlatform.Extensions.EventLogCollector.dll
C:\Program Files\dotnet\sdk\7.0.100\Extensions\Microsoft.TestPlatform.TestHostRuntimeProvider.dll
C:\Program Files\dotnet\sdk\7.0.100\Extensions\Microsoft.VisualStudio.TestPlatform.Extensions.Html.TestLogger.dll
C:\Program Files\dotnet\sdk\7.0.100\Extensions\Microsoft.VisualStudio.TestPlatform.Extensions.Trx.TestLogger.dll
TpTrace Verbose: 0 : 12972, 1, 2022/12/21, 17:18:54.282, 163330449422, vstest.console.dll, TestPluginCache.GetExtensionPaths: Added unfilterableExtensionPaths: 
TpTrace Information: 0 : 12972, 1, 2022/12/21, 17:18:54.283, 163330460809, vstest.console.dll, AssemblyResolver.ctor: Creating AssemblyResolver with searchDirectories C:\Program Files\dotnet\sdk\7.0.100\Extensions,C:\Program Files\dotnet\sdk\7.0.100
TpTrace Verbose: 0 : 12972, 1, 2022/12/21, 17:18:54.285, 163330478581, vstest.console.dll, TestPluginCache.DiscoverTestExtensions: Discovering the extensions using extension path.
TpTrace Verbose: 0 : 12972, 1, 2022/12/21, 17:18:54.286, 163330481337, vstest.console.dll, TestPluginCache.GetExtensionPaths: Filtered extension paths: 
TpTrace Verbose: 0 : 12972, 1, 2022/12/21, 17:18:54.286, 163330482015, vstest.console.dll, TestPluginCache.GetExtensionPaths: Added default extension paths: C:\Program Files\dotnet\sdk\7.0.100\Extensions\Microsoft.Diagnostics.NETCore.Client.dll
C:\Program Files\dotnet\sdk\7.0.100\Extensions\Microsoft.TestPlatform.Extensions.BlameDataCollector.dll
C:\Program Files\dotnet\sdk\7.0.100\Extensions\Microsoft.TestPlatform.Extensions.EventLogCollector.dll
C:\Program Files\dotnet\sdk\7.0.100\Extensions\Microsoft.TestPlatform.TestHostRuntimeProvider.dll
C:\Program Files\dotnet\sdk\7.0.100\Extensions\Microsoft.VisualStudio.TestPlatform.Extensions.Html.TestLogger.dll
C:\Program Files\dotnet\sdk\7.0.100\Extensions\Microsoft.VisualStudio.TestPlatform.Extensions.Trx.TestLogger.dll
TpTrace Verbose: 0 : 12972, 1, 2022/12/21, 17:18:54.286, 163330482330, vstest.console.dll, TestPluginCache.GetExtensionPaths: Added unfilterableExtensionPaths: 
TpTrace Verbose: 0 : 12972, 1, 2022/12/21, 17:18:54.286, 163330483853, vstest.console.dll, TestPluginCache.DiscoverTestExtensions: Discovering the extensions using allExtensionPaths: C:\Program Files\dotnet\sdk\7.0.100\Extensions\Microsoft.Diagnostics.NETCore.Client.dll
C:\Program Files\dotnet\sdk\7.0.100\Extensions\Microsoft.TestPlatform.Extensions.BlameDataCollector.dll
C:\Program Files\dotnet\sdk\7.0.100\Extensions\Microsoft.TestPlatform.Extensions.EventLogCollector.dll
C:\Program Files\dotnet\sdk\7.0.100\Extensions\Microsoft.TestPlatform.TestHostRuntimeProvider.dll
C:\Program Files\dotnet\sdk\7.0.100\Extensions\Microsoft.VisualStudio.TestPlatform.Extensions.Html.TestLogger.dll
C:\Program Files\dotnet\sdk\7.0.100\Extensions\Microsoft.VisualStudio.TestPlatform.Extensions.Trx.TestLogger.dll
TpTrace Information: 0 : 12972, 1, 2022/12/21, 17:18:54.286, 163330486015, vstest.console.dll, AssemblyResolver.AddSearchDirectories: Adding more searchDirectories C:\Program Files\dotnet\sdk\7.0.100\Extensions,C:\Program Files\dotnet\sdk\7.0.100
TpTrace Information: 0 : 12972, 1, 2022/12/21, 17:18:54.286, 163330486723, vstest.console.dll, AssemblyResolver.AddSearchDirectories: Adding more searchDirectories C:\Program Files\dotnet\sdk\7.0.100\Extensions,C:\Program Files\dotnet\sdk\7.0.100
TpTrace Information: 0 : 12972, 1, 2022/12/21, 17:18:54.286, 163330487085, vstest.console.dll, AssemblyResolver.AddSearchDirectories: Adding more searchDirectories C:\Program Files\dotnet\sdk\7.0.100\Extensions,C:\Program Files\dotnet\sdk\7.0.100
TpTrace Information: 0 : 12972, 1, 2022/12/21, 17:18:54.286, 163330487394, vstest.console.dll, AssemblyResolver.AddSearchDirectories: Adding more searchDirectories C:\Program Files\dotnet\sdk\7.0.100\Extensions,C:\Program Files\dotnet\sdk\7.0.100
TpTrace Information: 0 : 12972, 1, 2022/12/21, 17:18:54.286, 163330487756, vstest.console.dll, AssemblyResolver.AddSearchDirectories: Adding more searchDirectories C:\Program Files\dotnet\sdk\7.0.100\Extensions,C:\Program Files\dotnet\sdk\7.0.100
TpTrace Information: 0 : 12972, 1, 2022/12/21, 17:18:54.286, 163330488064, vstest.console.dll, AssemblyResolver.AddSearchDirectories: Adding more searchDirectories C:\Program Files\dotnet\sdk\7.0.100\Extensions,C:\Program Files\dotnet\sdk\7.0.100
TpTrace Information: 0 : 12972, 1, 2022/12/21, 17:18:54.287, 163330493021, vstest.console.dll, AssemblyResolver.OnResolve: Microsoft.Diagnostics.NETCore.Client: Resolving assembly.
TpTrace Information: 0 : 12972, 1, 2022/12/21, 17:18:54.287, 163330493795, vstest.console.dll, AssemblyResolver.OnResolve: Microsoft.Diagnostics.NETCore.Client: Searching in: 'C:\Program Files\dotnet\sdk\7.0.100\Extensions'.
TpTrace Information: 0 : 12972, 1, 2022/12/21, 17:18:54.295, 163330578612, vstest.console.dll, AssemblyResolver.OnResolve: Microsoft.Diagnostics.NETCore.Client: Loading assembly 'C:\Program Files\dotnet\sdk\7.0.100\Extensions\Microsoft.Diagnostics.NETCore.Client.dll'.
TpTrace Information: 0 : 12972, 1, 2022/12/21, 17:18:54.297, 163330592535, vstest.console.dll, AssemblyResolver.OnResolve: Resolved assembly: Microsoft.Diagnostics.NETCore.Client, from path: C:\Program Files\dotnet\sdk\7.0.100\Extensions\Microsoft.Diagnostics.NETCore.Client.dll
TpTrace Verbose: 0 : 12972, 1, 2022/12/21, 17:18:54.300, 163330622474, vstest.console.dll, MetadataReaderExtensionsHelper: Discovering extensions inside assembly 'Microsoft.Diagnostics.NETCore.Client, Version=0.2.6.42401, Culture=neutral, PublicKeyToken=31bf3856ad364e35' file path 'C:\Program Files\dotnet\sdk\7.0.100\Extensions\Microsoft.Diagnostics.NETCore.Client.dll'
TpTrace Information: 0 : 12972, 1, 2022/12/21, 17:18:54.308, 163330706759, vstest.console.dll, AssemblyResolver.OnResolve: Microsoft.Bcl.AsyncInterfaces: Resolving assembly.
TpTrace Information: 0 : 12972, 1, 2022/12/21, 17:18:54.308, 163330707907, vstest.console.dll, AssemblyResolver.OnResolve: Microsoft.Bcl.AsyncInterfaces: Searching in: 'C:\Program Files\dotnet\sdk\7.0.100\Extensions'.
TpTrace Information: 0 : 12972, 1, 2022/12/21, 17:18:54.308, 163330709077, vstest.console.dll, AssemblyResolver.OnResolve: Microsoft.Bcl.AsyncInterfaces: Assembly path does not exist: 'C:\Program Files\dotnet\sdk\7.0.100\Extensions\Microsoft.Bcl.AsyncInterfaces.dll', returning.
TpTrace Information: 0 : 12972, 1, 2022/12/21, 17:18:54.308, 163330710663, vstest.console.dll, AssemblyResolver.OnResolve: Microsoft.Bcl.AsyncInterfaces: Assembly path does not exist: 'C:\Program Files\dotnet\sdk\7.0.100\Extensions\Microsoft.Bcl.AsyncInterfaces.exe', returning.
TpTrace Information: 0 : 12972, 1, 2022/12/21, 17:18:54.309, 163330711091, vstest.console.dll, AssemblyResolver.OnResolve: Microsoft.Bcl.AsyncInterfaces: Searching in: 'C:\Program Files\dotnet\sdk\7.0.100'.
TpTrace Information: 0 : 12972, 1, 2022/12/21, 17:18:54.309, 163330711889, vstest.console.dll, AssemblyResolver.OnResolve: Microsoft.Bcl.AsyncInterfaces: Assembly path does not exist: 'C:\Program Files\dotnet\sdk\7.0.100\Microsoft.Bcl.AsyncInterfaces.dll', returning.
TpTrace Information: 0 : 12972, 1, 2022/12/21, 17:18:54.309, 163330712621, vstest.console.dll, AssemblyResolver.OnResolve: Microsoft.Bcl.AsyncInterfaces: Assembly path does not exist: 'C:\Program Files\dotnet\sdk\7.0.100\Microsoft.Bcl.AsyncInterfaces.exe', returning.
TpTrace Information: 0 : 12972, 1, 2022/12/21, 17:18:54.309, 163330713018, vstest.console.dll, AssemblyResolver.OnResolve: Microsoft.Bcl.AsyncInterfaces: Failed to load assembly.
TpTrace Verbose: 0 : 12972, 1, 2022/12/21, 17:18:54.309, 163330713470, vstest.console.dll, CurrentDomainAssemblyResolve: Resolving assembly 'Microsoft.Bcl.AsyncInterfaces'.
TpTrace Information: 0 : 12972, 1, 2022/12/21, 17:18:54.309, 163330714173, vstest.console.dll, AssemblyResolver.OnResolve: Microsoft.Bcl.AsyncInterfaces: Resolving assembly.
TpTrace Information: 0 : 12972, 1, 2022/12/21, 17:18:54.309, 163330714670, vstest.console.dll, AssemblyResolver.OnResolve: Microsoft.Bcl.AsyncInterfaces: Resolved from cache.
TpTrace Verbose: 0 : 12972, 1, 2022/12/21, 17:18:54.309, 163330714986, vstest.console.dll, CurrentDomainAssemblyResolve: Resolving assembly 'Microsoft.Bcl.AsyncInterfaces'.
TpTrace Verbose: 0 : 12972, 1, 2022/12/21, 17:18:54.309, 163330715401, vstest.console.dll, CurrentDomainAssemblyResolve: Failed to resolve assembly 'Microsoft.Bcl.AsyncInterfaces'.
TpTrace Verbose: 0 : 12972, 1, 2022/12/21, 17:18:54.310, 163330726858, vstest.console.dll, CurrentDomainAssemblyResolve: Failed to resolve assembly 'Microsoft.Bcl.AsyncInterfaces'.
TpTrace Warning: 0 : 12972, 1, 2022/12/21, 17:18:54.319, 163330814584, vstest.console.dll, TestPluginDiscoverer: Failed to get types from assembly 'Microsoft.Diagnostics.NETCore.Client, Version=0.2.6.42401, Culture=neutral, PublicKeyToken=31bf3856ad364e35'. Error: System.Reflection.ReflectionTypeLoadException: Unable to load one or more of the requested types.
Could not load file or assembly 'Microsoft.Bcl.AsyncInterfaces, Version=1.0.0.0, Culture=neutral, PublicKeyToken=cc7b13ffcd2ddd51'. The system cannot find the file specified.
   at System.Reflection.RuntimeModule.GetTypes(RuntimeModule module)
   at System.Reflection.Assembly.GetTypes()
   at Microsoft.VisualStudio.TestPlatform.Common.ExtensionFramework.TestPluginDiscoverer.GetTestExtensionsFromAssembly[TPluginInfo,TExtension](Assembly assembly, Dictionary`2 pluginInfos, String filePath)
System.IO.FileNotFoundException: Could not load file or assembly 'Microsoft.Bcl.AsyncInterfaces, Version=1.0.0.0, Culture=neutral, PublicKeyToken=cc7b13ffcd2ddd51'. The system cannot find the file specified.
File name: 'Microsoft.Bcl.AsyncInterfaces, Version=1.0.0.0, Culture=neutral, PublicKeyToken=cc7b13ffcd2ddd51'
 ---> System.IO.FileNotFoundException: Could not load file or assembly 'Microsoft.Bcl.AsyncInterfaces, Culture=neutral, PublicKeyToken=null'. The system cannot find the file specified.
File name: 'Microsoft.Bcl.AsyncInterfaces, Culture=neutral, PublicKeyToken=null'
   at System.Reflection.RuntimeAssembly.InternalLoad(AssemblyName assemblyName, StackCrawlMark& stackMark, AssemblyLoadContext assemblyLoadContext, RuntimeAssembly requestingAssembly, Boolean throwOnFileNotFound)
   at System.Reflection.Assembly.Load(AssemblyName assemblyRef)
   at Microsoft.VisualStudio.TestPlatform.Common.ExtensionFramework.TestPluginCache.CurrentDomainAssemblyResolve(Object sender, AssemblyResolveEventArgs args)
   at System.Runtime.Loader.AssemblyLoadContext.GetFirstResolvedAssemblyFromResolvingEvent(AssemblyName assemblyName)
   at System.Runtime.Loader.AssemblyLoadContext.ResolveUsingEvent(AssemblyName assemblyName)
   at System.Runtime.Loader.AssemblyLoadContext.ResolveUsingResolvingEvent(IntPtr gchManagedAssemblyLoadContext, AssemblyName assemblyName)
TpTrace Warning: 0 : 12972, 1, 2022/12/21, 17:18:54.319, 163330820339, vstest.console.dll, LoaderExceptions: System.IO.FileNotFoundException: Could not load file or assembly 'Microsoft.Bcl.AsyncInterfaces, Version=1.0.0.0, Culture=neutral, PublicKeyToken=cc7b13ffcd2ddd51'. The system cannot find the file specified.
File name: 'Microsoft.Bcl.AsyncInterfaces, Version=1.0.0.0, Culture=neutral, PublicKeyToken=cc7b13ffcd2ddd51'
 ---> System.IO.FileNotFoundException: Could not load file or assembly 'Microsoft.Bcl.AsyncInterfaces, Culture=neutral, PublicKeyToken=null'. The system cannot find the file specified.
File name: 'Microsoft.Bcl.AsyncInterfaces, Culture=neutral, PublicKeyToken=null'
   at System.Reflection.RuntimeAssembly.InternalLoad(AssemblyName assemblyName, StackCrawlMark& stackMark, AssemblyLoadContext assemblyLoadContext, RuntimeAssembly requestingAssembly, Boolean throwOnFileNotFound)
   at System.Reflection.Assembly.Load(AssemblyName assemblyRef)
   at Microsoft.VisualStudio.TestPlatform.Common.ExtensionFramework.TestPluginCache.CurrentDomainAssemblyResolve(Object sender, AssemblyResolveEventArgs args)
   at System.Runtime.Loader.AssemblyLoadContext.GetFirstResolvedAssemblyFromResolvingEvent(AssemblyName assemblyName)
   at System.Runtime.Loader.AssemblyLoadContext.ResolveUsingEvent(AssemblyName assemblyName)
   at System.Runtime.Loader.AssemblyLoadContext.ResolveUsingResolvingEvent(IntPtr gchManagedAssemblyLoadContext, AssemblyName assemblyName)
TpTrace Information: 0 : 12972, 1, 2022/12/21, 17:18:54.320, 163330822512, vstest.console.dll, AssemblyResolver.OnResolve: Microsoft.TestPlatform.Extensions.BlameDataCollector: Resolving assembly.
TpTrace Information: 0 : 12972, 1, 2022/12/21, 17:18:54.320, 163330822978, vstest.console.dll, AssemblyResolver.OnResolve: Microsoft.TestPlatform.Extensions.BlameDataCollector: Searching in: 'C:\Program Files\dotnet\sdk\7.0.100\Extensions'.
TpTrace Information: 0 : 12972, 1, 2022/12/21, 17:18:54.321, 163330831182, vstest.console.dll, AssemblyResolver.OnResolve: Microsoft.TestPlatform.Extensions.BlameDataCollector: Loading assembly 'C:\Program Files\dotnet\sdk\7.0.100\Extensions\Microsoft.TestPlatform.Extensions.BlameDataCollector.dll'.
TpTrace Information: 0 : 12972, 1, 2022/12/21, 17:18:54.321, 163330838561, vstest.console.dll, AssemblyResolver.OnResolve: Resolved assembly: Microsoft.TestPlatform.Extensions.BlameDataCollector, from path: C:\Program Files\dotnet\sdk\7.0.100\Extensions\Microsoft.TestPlatform.Extensions.BlameDataCollector.dll
TpTrace Verbose: 0 : 12972, 1, 2022/12/21, 17:18:54.321, 163330839644, vstest.console.dll, MetadataReaderExtensionsHelper: Discovering extensions inside assembly 'Microsoft.TestPlatform.Extensions.BlameDataCollector, Version=15.0.0.0, Culture=neutral, PublicKeyToken=b03f5f7f11d50a3a' file path 'C:\Program Files\dotnet\sdk\7.0.100\Extensions\Microsoft.TestPlatform.Extensions.BlameDataCollector.dll'
TpTrace Information: 0 : 12972, 1, 2022/12/21, 17:18:54.324, 163330863494, vstest.console.dll, AssemblyResolver.OnResolve: Microsoft.TestPlatform.Extensions.EventLogCollector: Resolving assembly.
TpTrace Information: 0 : 12972, 1, 2022/12/21, 17:18:54.324, 163330864618, vstest.console.dll, AssemblyResolver.OnResolve: Microsoft.TestPlatform.Extensions.EventLogCollector: Searching in: 'C:\Program Files\dotnet\sdk\7.0.100\Extensions'.
TpTrace Information: 0 : 12972, 1, 2022/12/21, 17:18:54.325, 163330871957, vstest.console.dll, AssemblyResolver.OnResolve: Microsoft.TestPlatform.Extensions.EventLogCollector: Loading assembly 'C:\Program Files\dotnet\sdk\7.0.100\Extensions\Microsoft.TestPlatform.Extensions.EventLogCollector.dll'.
TpTrace Information: 0 : 12972, 1, 2022/12/21, 17:18:54.325, 163330879493, vstest.console.dll, AssemblyResolver.OnResolve: Resolved assembly: Microsoft.TestPlatform.Extensions.EventLogCollector, from path: C:\Program Files\dotnet\sdk\7.0.100\Extensions\Microsoft.TestPlatform.Extensions.EventLogCollector.dll
TpTrace Verbose: 0 : 12972, 1, 2022/12/21, 17:18:54.326, 163330881127, vstest.console.dll, MetadataReaderExtensionsHelper: Discovering extensions inside assembly 'Microsoft.TestPlatform.Extensions.EventLogCollector, Version=15.0.0.0, Culture=neutral, PublicKeyToken=b03f5f7f11d50a3a' file path 'C:\Program Files\dotnet\sdk\7.0.100\Extensions\Microsoft.TestPlatform.Extensions.EventLogCollector.dll'
TpTrace Information: 0 : 12972, 1, 2022/12/21, 17:18:54.328, 163330908509, vstest.console.dll, AssemblyResolver.OnResolve: Microsoft.TestPlatform.TestHostRuntimeProvider: Resolving assembly.
TpTrace Information: 0 : 12972, 1, 2022/12/21, 17:18:54.328, 163330909658, vstest.console.dll, AssemblyResolver.OnResolve: Microsoft.TestPlatform.TestHostRuntimeProvider: Searching in: 'C:\Program Files\dotnet\sdk\7.0.100\Extensions'.
TpTrace Information: 0 : 12972, 1, 2022/12/21, 17:18:54.329, 163330916973, vstest.console.dll, AssemblyResolver.OnResolve: Microsoft.TestPlatform.TestHostRuntimeProvider: Loading assembly 'C:\Program Files\dotnet\sdk\7.0.100\Extensions\Microsoft.TestPlatform.TestHostRuntimeProvider.dll'.
TpTrace Information: 0 : 12972, 1, 2022/12/21, 17:18:54.330, 163330924067, vstest.console.dll, AssemblyResolver.OnResolve: Resolved assembly: Microsoft.TestPlatform.TestHostRuntimeProvider, from path: C:\Program Files\dotnet\sdk\7.0.100\Extensions\Microsoft.TestPlatform.TestHostRuntimeProvider.dll
TpTrace Verbose: 0 : 12972, 1, 2022/12/21, 17:18:54.330, 163330925206, vstest.console.dll, MetadataReaderExtensionsHelper: Discovering extensions inside assembly 'Microsoft.TestPlatform.TestHostRuntimeProvider, Version=15.0.0.0, Culture=neutral, PublicKeyToken=b03f5f7f11d50a3a' file path 'C:\Program Files\dotnet\sdk\7.0.100\Extensions\Microsoft.TestPlatform.TestHostRuntimeProvider.dll'
TpTrace Information: 0 : 12972, 1, 2022/12/21, 17:18:54.333, 163330959931, vstest.console.dll, GetTestExtensionFromType: Register extension with identifier data 'HostProvider://DefaultTestHost' and type 'Microsoft.VisualStudio.TestPlatform.CrossPlatEngine.Hosting.DefaultTestHostManager, Microsoft.TestPlatform.TestHostRuntimeProvider, Version=15.0.0.0, Culture=neutral, PublicKeyToken=b03f5f7f11d50a3a' inside file 'C:\Program Files\dotnet\sdk\7.0.100\Extensions\Microsoft.TestPlatform.TestHostRuntimeProvider.dll'
TpTrace Information: 0 : 12972, 1, 2022/12/21, 17:18:54.334, 163330965820, vstest.console.dll, GetTestExtensionFromType: Register extension with identifier data 'HostProvider://DotnetTestHost' and type 'Microsoft.VisualStudio.TestPlatform.CrossPlatEngine.Hosting.DotnetTestHostManager, Microsoft.TestPlatform.TestHostRuntimeProvider, Version=15.0.0.0, Culture=neutral, PublicKeyToken=b03f5f7f11d50a3a' inside file 'C:\Program Files\dotnet\sdk\7.0.100\Extensions\Microsoft.TestPlatform.TestHostRuntimeProvider.dll'
TpTrace Information: 0 : 12972, 1, 2022/12/21, 17:18:54.334, 163330967342, vstest.console.dll, AssemblyResolver.OnResolve: Microsoft.VisualStudio.TestPlatform.Extensions.Html.TestLogger: Resolving assembly.
TpTrace Information: 0 : 12972, 1, 2022/12/21, 17:18:54.334, 163330967819, vstest.console.dll, AssemblyResolver.OnResolve: Microsoft.VisualStudio.TestPlatform.Extensions.Html.TestLogger: Searching in: 'C:\Program Files\dotnet\sdk\7.0.100\Extensions'.
TpTrace Information: 0 : 12972, 1, 2022/12/21, 17:18:54.335, 163330976463, vstest.console.dll, AssemblyResolver.OnResolve: Microsoft.VisualStudio.TestPlatform.Extensions.Html.TestLogger: Loading assembly 'C:\Program Files\dotnet\sdk\7.0.100\Extensions\Microsoft.VisualStudio.TestPlatform.Extensions.Html.TestLogger.dll'.
TpTrace Information: 0 : 12972, 1, 2022/12/21, 17:18:54.336, 163330988854, vstest.console.dll, AssemblyResolver.OnResolve: Resolved assembly: Microsoft.VisualStudio.TestPlatform.Extensions.Html.TestLogger, from path: C:\Program Files\dotnet\sdk\7.0.100\Extensions\Microsoft.VisualStudio.TestPlatform.Extensions.Html.TestLogger.dll
TpTrace Verbose: 0 : 12972, 1, 2022/12/21, 17:18:54.336, 163330990453, vstest.console.dll, MetadataReaderExtensionsHelper: Discovering extensions inside assembly 'Microsoft.VisualStudio.TestPlatform.Extensions.Html.TestLogger, Version=15.0.0.0, Culture=neutral, PublicKeyToken=b03f5f7f11d50a3a' file path 'C:\Program Files\dotnet\sdk\7.0.100\Extensions\Microsoft.VisualStudio.TestPlatform.Extensions.Html.TestLogger.dll'
TpTrace Information: 0 : 12972, 1, 2022/12/21, 17:18:54.338, 163331007663, vstest.console.dll, AssemblyResolver.OnResolve: Microsoft.VisualStudio.TestPlatform.Extensions.Trx.TestLogger: Resolving assembly.
TpTrace Information: 0 : 12972, 1, 2022/12/21, 17:18:54.338, 163331009026, vstest.console.dll, AssemblyResolver.OnResolve: Microsoft.VisualStudio.TestPlatform.Extensions.Trx.TestLogger: Searching in: 'C:\Program Files\dotnet\sdk\7.0.100\Extensions'.
TpTrace Information: 0 : 12972, 1, 2022/12/21, 17:18:54.339, 163331016543, vstest.console.dll, AssemblyResolver.OnResolve: Microsoft.VisualStudio.TestPlatform.Extensions.Trx.TestLogger: Loading assembly 'C:\Program Files\dotnet\sdk\7.0.100\Extensions\Microsoft.VisualStudio.TestPlatform.Extensions.Trx.TestLogger.dll'.
TpTrace Information: 0 : 12972, 1, 2022/12/21, 17:18:54.340, 163331024043, vstest.console.dll, AssemblyResolver.OnResolve: Resolved assembly: Microsoft.VisualStudio.TestPlatform.Extensions.Trx.TestLogger, from path: C:\Program Files\dotnet\sdk\7.0.100\Extensions\Microsoft.VisualStudio.TestPlatform.Extensions.Trx.TestLogger.dll
TpTrace Verbose: 0 : 12972, 1, 2022/12/21, 17:18:54.340, 163331025087, vstest.console.dll, MetadataReaderExtensionsHelper: Discovering extensions inside assembly 'Microsoft.VisualStudio.TestPlatform.Extensions.Trx.TestLogger, Version=15.0.0.0, Culture=neutral, PublicKeyToken=b03f5f7f11d50a3a' file path 'C:\Program Files\dotnet\sdk\7.0.100\Extensions\Microsoft.VisualStudio.TestPlatform.Extensions.Trx.TestLogger.dll'
TpTrace Verbose: 0 : 12972, 1, 2022/12/21, 17:18:54.342, 163331045803, vstest.console.dll, TestPluginCache: Discovered the extensions using extension path ''.
TpTrace Verbose: 0 : 12972, 1, 2022/12/21, 17:18:54.342, 163331047334, vstest.console.dll, TestPluginCache: Discoverers are ''.
TpTrace Verbose: 0 : 12972, 1, 2022/12/21, 17:18:54.342, 163331047764, vstest.console.dll, TestPluginCache: Executors are ''.
TpTrace Verbose: 0 : 12972, 1, 2022/12/21, 17:18:54.342, 163331048146, vstest.console.dll, TestPluginCache: Executors2 are ''.
TpTrace Verbose: 0 : 12972, 1, 2022/12/21, 17:18:54.342, 163331048514, vstest.console.dll, TestPluginCache: Setting providers are ''.
TpTrace Verbose: 0 : 12972, 1, 2022/12/21, 17:18:54.342, 163331048880, vstest.console.dll, TestPluginCache: Loggers are ''.
TpTrace Verbose: 0 : 12972, 1, 2022/12/21, 17:18:54.342, 163331050587, vstest.console.dll, TestPluginCache: TestHosts are 'HostProvider://DefaultTestHost,HostProvider://DotnetTestHost'.
TpTrace Verbose: 0 : 12972, 1, 2022/12/21, 17:18:54.343, 163331051074, vstest.console.dll, TestPluginCache: DataCollectors are ''.
TpTrace Information: 0 : 12972, 1, 2022/12/21, 17:18:54.357, 163331195658, vstest.console.dll, RunTestsArgumentProcessor:Execute: Test run is starting.
TpTrace Verbose: 0 : 12972, 1, 2022/12/21, 17:18:54.357, 163331196810, vstest.console.dll, RunTestsArgumentProcessor:Execute: Queuing Test run.
TpTrace Information: 0 : 12972, 1, 2022/12/21, 17:18:54.357, 163331200001, vstest.console.dll, TestRequestManager.RunTests: run tests started.
TpTrace Information: 0 : 12972, 1, 2022/12/21, 17:18:54.359, 163331215026, vstest.console.dll, AssemblyMetadataProvider.GetFrameworkName: Determined framework:'.NETCoreApp,Version=v7.0' for source: 'C:\Facultate\dotNET\MyVetAppoinmentApp\IntegrationTests\bin\Debug\net7.0\fine-code-coverage\build-output\IntegrationTests.dll'
TpTrace Information: 0 : 12972, 1, 2022/12/21, 17:18:54.359, 163331217391, vstest.console.dll, Determined framework for all sources: .NETCoreApp,Version=v7.0
TpTrace Verbose: 0 : 12972, 1, 2022/12/21, 17:18:54.360, 163331221950, vstest.console.dll, TestRequestManager.UpdateRunSettingsIfRequired: Default architecture: X64 IsDefaultTargetArchitecture: True, Current process architecture: X64 OperatingSystem: Windows.
TpTrace Information: 0 : 12972, 1, 2022/12/21, 17:18:54.362, 163331243139, vstest.console.dll, AssemblyMetadataProvider.GetArchitecture: Determined architecture:AnyCPU info for assembly: C:\Facultate\dotNET\MyVetAppoinmentApp\IntegrationTests\bin\Debug\net7.0\fine-code-coverage\build-output\IntegrationTests.dll
TpTrace Information: 0 : 12972, 1, 2022/12/21, 17:18:54.362, 163331244070, vstest.console.dll, Determined platform for source 'C:\Facultate\dotNET\MyVetAppoinmentApp\IntegrationTests\bin\Debug\net7.0\fine-code-coverage\build-output\IntegrationTests.dll' was AnyCPU and it will use the default plaform X64.
TpTrace Information: 0 : 12972, 1, 2022/12/21, 17:18:54.362, 163331244404, vstest.console.dll, None of the sources provided any runnable platform, using the default platform: X64
TpTrace Information: 0 : 12972, 1, 2022/12/21, 17:18:54.362, 163331245503, vstest.console.dll, Platform was updated to 'X64'.
TpTrace Information: 0 : 12972, 1, 2022/12/21, 17:18:54.366, 163331288664, vstest.console.dll, InferRunSettingsHelper.IsTestSettingsEnabled: Unable to navigate to RunSettings/MSTest. Current node: RunSettings
TpTrace Information: 0 : 12972, 1, 2022/12/21, 17:18:54.367, 163331297622, vstest.console.dll, AssemblyResolver.OnResolve: Microsoft.VisualStudio.TestPlatform.Fakes: Resolving assembly.
TpTrace Information: 0 : 12972, 1, 2022/12/21, 17:18:54.367, 163331298735, vstest.console.dll, AssemblyResolver.OnResolve: Microsoft.VisualStudio.TestPlatform.Fakes: Searching in: 'C:\Program Files\dotnet\sdk\7.0.100\Extensions'.
TpTrace Information: 0 : 12972, 1, 2022/12/21, 17:18:54.367, 163331299999, vstest.console.dll, AssemblyResolver.OnResolve: Microsoft.VisualStudio.TestPlatform.Fakes: Assembly path does not exist: 'C:\Program Files\dotnet\sdk\7.0.100\Extensions\Microsoft.VisualStudio.TestPlatform.Fakes.dll', returning.
TpTrace Information: 0 : 12972, 1, 2022/12/21, 17:18:54.367, 163331300769, vstest.console.dll, AssemblyResolver.OnResolve: Microsoft.VisualStudio.TestPlatform.Fakes: Assembly path does not exist: 'C:\Program Files\dotnet\sdk\7.0.100\Extensions\Microsoft.VisualStudio.TestPlatform.Fakes.exe', returning.
TpTrace Information: 0 : 12972, 1, 2022/12/21, 17:18:54.368, 163331301165, vstest.console.dll, AssemblyResolver.OnResolve: Microsoft.VisualStudio.TestPlatform.Fakes: Searching in: 'C:\Program Files\dotnet\sdk\7.0.100'.
TpTrace Information: 0 : 12972, 1, 2022/12/21, 17:18:54.368, 163331301931, vstest.console.dll, AssemblyResolver.OnResolve: Microsoft.VisualStudio.TestPlatform.Fakes: Assembly path does not exist: 'C:\Program Files\dotnet\sdk\7.0.100\Microsoft.VisualStudio.TestPlatform.Fakes.dll', returning.
TpTrace Information: 0 : 12972, 1, 2022/12/21, 17:18:54.368, 163331302632, vstest.console.dll, AssemblyResolver.OnResolve: Microsoft.VisualStudio.TestPlatform.Fakes: Assembly path does not exist: 'C:\Program Files\dotnet\sdk\7.0.100\Microsoft.VisualStudio.TestPlatform.Fakes.exe', returning.
TpTrace Information: 0 : 12972, 1, 2022/12/21, 17:18:54.368, 163331302962, vstest.console.dll, AssemblyResolver.OnResolve: Microsoft.VisualStudio.TestPlatform.Fakes: Failed to load assembly.
TpTrace Information: 0 : 12972, 1, 2022/12/21, 17:18:54.368, 163331305902, vstest.console.dll, Failed to load assembly Microsoft.VisualStudio.TestPlatform.Fakes, Version=17.0.0.0, Culture=neutral. Reason:System.IO.FileNotFoundException: Could not load file or assembly 'Microsoft.VisualStudio.TestPlatform.Fakes, Version=17.0.0.0, Culture=neutral, PublicKeyToken=null'. The system cannot find the file specified.
File name: 'Microsoft.VisualStudio.TestPlatform.Fakes, Version=17.0.0.0, Culture=neutral, PublicKeyToken=null'
   at System.Reflection.RuntimeAssembly.InternalLoad(AssemblyName assemblyName, StackCrawlMark& stackMark, AssemblyLoadContext assemblyLoadContext, RuntimeAssembly requestingAssembly, Boolean throwOnFileNotFound)
   at System.Reflection.Assembly.Load(AssemblyName assemblyRef)
   at Microsoft.VisualStudio.TestPlatform.Common.Utilities.FakesUtilities.LoadTestPlatformAssembly()
TpTrace Verbose: 0 : 12972, 1, 2022/12/21, 17:18:54.372, 163331344469, vstest.console.dll, TestPluginCache.DiscoverTestExtensions: finding test extensions in assemblies ends with: TestLogger.dll TPluginInfo: Microsoft.VisualStudio.TestPlatform.Common.ExtensionFramework.Utilities.TestLoggerPluginInformation TExtension: Microsoft.VisualStudio.TestPlatform.ObjectModel.Client.ITestLogger
TpTrace Verbose: 0 : 12972, 1, 2022/12/21, 17:18:54.372, 163331345699, vstest.console.dll, TestPluginCache.GetExtensionPaths: Filtered extension paths: 
TpTrace Verbose: 0 : 12972, 1, 2022/12/21, 17:18:54.372, 163331346096, vstest.console.dll, TestPluginCache.GetExtensionPaths: Added default extension paths: C:\Program Files\dotnet\sdk\7.0.100\Extensions\Microsoft.Diagnostics.NETCore.Client.dll
C:\Program Files\dotnet\sdk\7.0.100\Extensions\Microsoft.TestPlatform.Extensions.BlameDataCollector.dll
C:\Program Files\dotnet\sdk\7.0.100\Extensions\Microsoft.TestPlatform.Extensions.EventLogCollector.dll
C:\Program Files\dotnet\sdk\7.0.100\Extensions\Microsoft.TestPlatform.TestHostRuntimeProvider.dll
C:\Program Files\dotnet\sdk\7.0.100\Extensions\Microsoft.VisualStudio.TestPlatform.Extensions.Html.TestLogger.dll
C:\Program Files\dotnet\sdk\7.0.100\Extensions\Microsoft.VisualStudio.TestPlatform.Extensions.Trx.TestLogger.dll
TpTrace Verbose: 0 : 12972, 1, 2022/12/21, 17:18:54.372, 163331346428, vstest.console.dll, TestPluginCache.GetExtensionPaths: Added unfilterableExtensionPaths: 
TpTrace Information: 0 : 12972, 1, 2022/12/21, 17:18:54.372, 163331348089, vstest.console.dll, AssemblyResolver.AddSearchDirectories: Adding more searchDirectories C:\Program Files\dotnet\sdk\7.0.100\Extensions,C:\Program Files\dotnet\sdk\7.0.100
TpTrace Verbose: 0 : 12972, 1, 2022/12/21, 17:18:54.372, 163331348558, vstest.console.dll, TestPluginCache.DiscoverTestExtensions: Discovering the extensions using extension path.
TpTrace Verbose: 0 : 12972, 1, 2022/12/21, 17:18:54.372, 163331348910, vstest.console.dll, TestPluginCache.GetExtensionPaths: Filtered extension paths: 
TpTrace Verbose: 0 : 12972, 1, 2022/12/21, 17:18:54.372, 163331349300, vstest.console.dll, TestPluginCache.GetExtensionPaths: Added default extension paths: C:\Program Files\dotnet\sdk\7.0.100\Extensions\Microsoft.Diagnostics.NETCore.Client.dll
C:\Program Files\dotnet\sdk\7.0.100\Extensions\Microsoft.TestPlatform.Extensions.BlameDataCollector.dll
C:\Program Files\dotnet\sdk\7.0.100\Extensions\Microsoft.TestPlatform.Extensions.EventLogCollector.dll
C:\Program Files\dotnet\sdk\7.0.100\Extensions\Microsoft.TestPlatform.TestHostRuntimeProvider.dll
C:\Program Files\dotnet\sdk\7.0.100\Extensions\Microsoft.VisualStudio.TestPlatform.Extensions.Html.TestLogger.dll
C:\Program Files\dotnet\sdk\7.0.100\Extensions\Microsoft.VisualStudio.TestPlatform.Extensions.Trx.TestLogger.dll
TpTrace Verbose: 0 : 12972, 1, 2022/12/21, 17:18:54.372, 163331349601, vstest.console.dll, TestPluginCache.GetExtensionPaths: Added unfilterableExtensionPaths: 
TpTrace Verbose: 0 : 12972, 1, 2022/12/21, 17:18:54.372, 163331349935, vstest.console.dll, TestPluginCache.DiscoverTestExtensions: Discovering the extensions using allExtensionPaths: C:\Program Files\dotnet\sdk\7.0.100\Extensions\Microsoft.Diagnostics.NETCore.Client.dll
C:\Program Files\dotnet\sdk\7.0.100\Extensions\Microsoft.TestPlatform.Extensions.BlameDataCollector.dll
C:\Program Files\dotnet\sdk\7.0.100\Extensions\Microsoft.TestPlatform.Extensions.EventLogCollector.dll
C:\Program Files\dotnet\sdk\7.0.100\Extensions\Microsoft.TestPlatform.TestHostRuntimeProvider.dll
C:\Program Files\dotnet\sdk\7.0.100\Extensions\Microsoft.VisualStudio.TestPlatform.Extensions.Html.TestLogger.dll
C:\Program Files\dotnet\sdk\7.0.100\Extensions\Microsoft.VisualStudio.TestPlatform.Extensions.Trx.TestLogger.dll
TpTrace Information: 0 : 12972, 1, 2022/12/21, 17:18:54.373, 163331351063, vstest.console.dll, AssemblyResolver.AddSearchDirectories: Adding more searchDirectories C:\Program Files\dotnet\sdk\7.0.100\Extensions,C:\Program Files\dotnet\sdk\7.0.100
TpTrace Information: 0 : 12972, 1, 2022/12/21, 17:18:54.373, 163331351528, vstest.console.dll, AssemblyResolver.AddSearchDirectories: Adding more searchDirectories C:\Program Files\dotnet\sdk\7.0.100\Extensions,C:\Program Files\dotnet\sdk\7.0.100
TpTrace Information: 0 : 12972, 1, 2022/12/21, 17:18:54.373, 163331351847, vstest.console.dll, AssemblyResolver.AddSearchDirectories: Adding more searchDirectories C:\Program Files\dotnet\sdk\7.0.100\Extensions,C:\Program Files\dotnet\sdk\7.0.100
TpTrace Information: 0 : 12972, 1, 2022/12/21, 17:18:54.373, 163331352147, vstest.console.dll, AssemblyResolver.AddSearchDirectories: Adding more searchDirectories C:\Program Files\dotnet\sdk\7.0.100\Extensions,C:\Program Files\dotnet\sdk\7.0.100
TpTrace Information: 0 : 12972, 1, 2022/12/21, 17:18:54.373, 163331352490, vstest.console.dll, AssemblyResolver.AddSearchDirectories: Adding more searchDirectories C:\Program Files\dotnet\sdk\7.0.100\Extensions,C:\Program Files\dotnet\sdk\7.0.100
TpTrace Information: 0 : 12972, 1, 2022/12/21, 17:18:54.373, 163331352802, vstest.console.dll, AssemblyResolver.AddSearchDirectories: Adding more searchDirectories C:\Program Files\dotnet\sdk\7.0.100\Extensions,C:\Program Files\dotnet\sdk\7.0.100
TpTrace Verbose: 0 : 12972, 1, 2022/12/21, 17:18:54.373, 163331353880, vstest.console.dll, MetadataReaderExtensionsHelper: Discovering extensions inside assembly 'Microsoft.Diagnostics.NETCore.Client, Version=0.2.6.42401, Culture=neutral, PublicKeyToken=31bf3856ad364e35' file path 'C:\Program Files\dotnet\sdk\7.0.100\Extensions\Microsoft.Diagnostics.NETCore.Client.dll'
TpTrace Information: 0 : 12972, 1, 2022/12/21, 17:18:54.374, 163331367376, vstest.console.dll, AssemblyResolver.OnResolve: Microsoft.Bcl.AsyncInterfaces: Resolving assembly.
TpTrace Information: 0 : 12972, 1, 2022/12/21, 17:18:54.374, 163331368714, vstest.console.dll, AssemblyResolver.OnResolve: Microsoft.Bcl.AsyncInterfaces: Resolved from cache.
TpTrace Verbose: 0 : 12972, 1, 2022/12/21, 17:18:54.374, 163331369027, vstest.console.dll, CurrentDomainAssemblyResolve: Resolving assembly 'Microsoft.Bcl.AsyncInterfaces'.
TpTrace Information: 0 : 12972, 1, 2022/12/21, 17:18:54.374, 163331369616, vstest.console.dll, AssemblyResolver.OnResolve: Microsoft.Bcl.AsyncInterfaces: Resolving assembly.
TpTrace Information: 0 : 12972, 1, 2022/12/21, 17:18:54.374, 163331369945, vstest.console.dll, AssemblyResolver.OnResolve: Microsoft.Bcl.AsyncInterfaces: Resolved from cache.
TpTrace Verbose: 0 : 12972, 1, 2022/12/21, 17:18:54.374, 163331370210, vstest.console.dll, CurrentDomainAssemblyResolve: Resolving assembly 'Microsoft.Bcl.AsyncInterfaces'.
TpTrace Verbose: 0 : 12972, 1, 2022/12/21, 17:18:54.374, 163331370622, vstest.console.dll, CurrentDomainAssemblyResolve: Failed to resolve assembly 'Microsoft.Bcl.AsyncInterfaces'.
TpTrace Verbose: 0 : 12972, 1, 2022/12/21, 17:18:54.375, 163331372282, vstest.console.dll, CurrentDomainAssemblyResolve: Failed to resolve assembly 'Microsoft.Bcl.AsyncInterfaces'.
TpTrace Warning: 0 : 12972, 1, 2022/12/21, 17:18:54.375, 163331375839, vstest.console.dll, TestPluginDiscoverer: Failed to get types from assembly 'Microsoft.Diagnostics.NETCore.Client, Version=0.2.6.42401, Culture=neutral, PublicKeyToken=31bf3856ad364e35'. Error: System.Reflection.ReflectionTypeLoadException: Unable to load one or more of the requested types.
Could not load file or assembly 'Microsoft.Bcl.AsyncInterfaces, Version=1.0.0.0, Culture=neutral, PublicKeyToken=cc7b13ffcd2ddd51'. The system cannot find the file specified.
   at System.Reflection.RuntimeModule.GetTypes(RuntimeModule module)
   at System.Reflection.Assembly.GetTypes()
   at Microsoft.VisualStudio.TestPlatform.Common.ExtensionFramework.TestPluginDiscoverer.GetTestExtensionsFromAssembly[TPluginInfo,TExtension](Assembly assembly, Dictionary`2 pluginInfos, String filePath)
System.IO.FileNotFoundException: Could not load file or assembly 'Microsoft.Bcl.AsyncInterfaces, Version=1.0.0.0, Culture=neutral, PublicKeyToken=cc7b13ffcd2ddd51'. The system cannot find the file specified.
File name: 'Microsoft.Bcl.AsyncInterfaces, Version=1.0.0.0, Culture=neutral, PublicKeyToken=cc7b13ffcd2ddd51'
 ---> System.IO.FileNotFoundException: Could not load file or assembly 'Microsoft.Bcl.AsyncInterfaces, Culture=neutral, PublicKeyToken=null'. The system cannot find the file specified.
File name: 'Microsoft.Bcl.AsyncInterfaces, Culture=neutral, PublicKeyToken=null'
   at System.Reflection.RuntimeAssembly.InternalLoad(AssemblyName assemblyName, StackCrawlMark& stackMark, AssemblyLoadContext assemblyLoadContext, RuntimeAssembly requestingAssembly, Boolean throwOnFileNotFound)
   at System.Reflection.Assembly.Load(AssemblyName assemblyRef)
   at Microsoft.VisualStudio.TestPlatform.Common.ExtensionFramework.TestPluginCache.CurrentDomainAssemblyResolve(Object sender, AssemblyResolveEventArgs args)
   at System.Runtime.Loader.AssemblyLoadContext.GetFirstResolvedAssemblyFromResolvingEvent(AssemblyName assemblyName)
   at System.Runtime.Loader.AssemblyLoadContext.ResolveUsingEvent(AssemblyName assemblyName)
   at System.Runtime.Loader.AssemblyLoadContext.ResolveUsingResolvingEvent(IntPtr gchManagedAssemblyLoadContext, AssemblyName assemblyName)
TpTrace Warning: 0 : 12972, 1, 2022/12/21, 17:18:54.375, 163331378398, vstest.console.dll, LoaderExceptions: System.IO.FileNotFoundException: Could not load file or assembly 'Microsoft.Bcl.AsyncInterfaces, Version=1.0.0.0, Culture=neutral, PublicKeyToken=cc7b13ffcd2ddd51'. The system cannot find the file specified.
File name: 'Microsoft.Bcl.AsyncInterfaces, Version=1.0.0.0, Culture=neutral, PublicKeyToken=cc7b13ffcd2ddd51'
 ---> System.IO.FileNotFoundException: Could not load file or assembly 'Microsoft.Bcl.AsyncInterfaces, Culture=neutral, PublicKeyToken=null'. The system cannot find the file specified.
File name: 'Microsoft.Bcl.AsyncInterfaces, Culture=neutral, PublicKeyToken=null'
   at System.Reflection.RuntimeAssembly.InternalLoad(AssemblyName assemblyName, StackCrawlMark& stackMark, AssemblyLoadContext assemblyLoadContext, RuntimeAssembly requestingAssembly, Boolean throwOnFileNotFound)
   at System.Reflection.Assembly.Load(AssemblyName assemblyRef)
   at Microsoft.VisualStudio.TestPlatform.Common.ExtensionFramework.TestPluginCache.CurrentDomainAssemblyResolve(Object sender, AssemblyResolveEventArgs args)
   at System.Runtime.Loader.AssemblyLoadContext.GetFirstResolvedAssemblyFromResolvingEvent(AssemblyName assemblyName)
   at System.Runtime.Loader.AssemblyLoadContext.ResolveUsingEvent(AssemblyName assemblyName)
   at System.Runtime.Loader.AssemblyLoadContext.ResolveUsingResolvingEvent(IntPtr gchManagedAssemblyLoadContext, AssemblyName assemblyName)
TpTrace Verbose: 0 : 12972, 1, 2022/12/21, 17:18:54.375, 163331379381, vstest.console.dll, MetadataReaderExtensionsHelper: Discovering extensions inside assembly 'Microsoft.TestPlatform.Extensions.BlameDataCollector, Version=15.0.0.0, Culture=neutral, PublicKeyToken=b03f5f7f11d50a3a' file path 'C:\Program Files\dotnet\sdk\7.0.100\Extensions\Microsoft.TestPlatform.Extensions.BlameDataCollector.dll'
TpTrace Information: 0 : 12972, 1, 2022/12/21, 17:18:54.376, 163331388857, vstest.console.dll, GetTestExtensionFromType: Register extension with identifier data 'logger://Microsoft/TestPlatform/Extensions/Blame/v1' and type 'Microsoft.TestPlatform.Extensions.BlameDataCollector.BlameLogger, Microsoft.TestPlatform.Extensions.BlameDataCollector, Version=15.0.0.0, Culture=neutral, PublicKeyToken=b03f5f7f11d50a3a' inside file 'C:\Program Files\dotnet\sdk\7.0.100\Extensions\Microsoft.TestPlatform.Extensions.BlameDataCollector.dll'
TpTrace Verbose: 0 : 12972, 1, 2022/12/21, 17:18:54.376, 163331389796, vstest.console.dll, MetadataReaderExtensionsHelper: Discovering extensions inside assembly 'Microsoft.TestPlatform.Extensions.EventLogCollector, Version=15.0.0.0, Culture=neutral, PublicKeyToken=b03f5f7f11d50a3a' file path 'C:\Program Files\dotnet\sdk\7.0.100\Extensions\Microsoft.TestPlatform.Extensions.EventLogCollector.dll'
TpTrace Verbose: 0 : 12972, 1, 2022/12/21, 17:18:54.377, 163331397940, vstest.console.dll, MetadataReaderExtensionsHelper: Discovering extensions inside assembly 'Microsoft.TestPlatform.TestHostRuntimeProvider, Version=15.0.0.0, Culture=neutral, PublicKeyToken=b03f5f7f11d50a3a' file path 'C:\Program Files\dotnet\sdk\7.0.100\Extensions\Microsoft.TestPlatform.TestHostRuntimeProvider.dll'
TpTrace Verbose: 0 : 12972, 1, 2022/12/21, 17:18:54.378, 163331405091, vstest.console.dll, MetadataReaderExtensionsHelper: Discovering extensions inside assembly 'Microsoft.VisualStudio.TestPlatform.Extensions.Html.TestLogger, Version=15.0.0.0, Culture=neutral, PublicKeyToken=b03f5f7f11d50a3a' file path 'C:\Program Files\dotnet\sdk\7.0.100\Extensions\Microsoft.VisualStudio.TestPlatform.Extensions.Html.TestLogger.dll'
TpTrace Information: 0 : 12972, 1, 2022/12/21, 17:18:54.379, 163331413532, vstest.console.dll, GetTestExtensionFromType: Register extension with identifier data 'logger://Microsoft/TestPlatform/HtmlLogger/v1' and type 'Microsoft.VisualStudio.TestPlatform.Extensions.HtmlLogger.HtmlLogger, Microsoft.VisualStudio.TestPlatform.Extensions.Html.TestLogger, Version=15.0.0.0, Culture=neutral, PublicKeyToken=b03f5f7f11d50a3a' inside file 'C:\Program Files\dotnet\sdk\7.0.100\Extensions\Microsoft.VisualStudio.TestPlatform.Extensions.Html.TestLogger.dll'
TpTrace Verbose: 0 : 12972, 1, 2022/12/21, 17:18:54.379, 163331414591, vstest.console.dll, MetadataReaderExtensionsHelper: Discovering extensions inside assembly 'Microsoft.VisualStudio.TestPlatform.Extensions.Trx.TestLogger, Version=15.0.0.0, Culture=neutral, PublicKeyToken=b03f5f7f11d50a3a' file path 'C:\Program Files\dotnet\sdk\7.0.100\Extensions\Microsoft.VisualStudio.TestPlatform.Extensions.Trx.TestLogger.dll'
TpTrace Information: 0 : 12972, 1, 2022/12/21, 17:18:54.380, 163331421268, vstest.console.dll, GetTestExtensionFromType: Register extension with identifier data 'logger://Microsoft/TestPlatform/TrxLogger/v1' and type 'Microsoft.VisualStudio.TestPlatform.Extensions.TrxLogger.TrxLogger, Microsoft.VisualStudio.TestPlatform.Extensions.Trx.TestLogger, Version=15.0.0.0, Culture=neutral, PublicKeyToken=b03f5f7f11d50a3a' inside file 'C:\Program Files\dotnet\sdk\7.0.100\Extensions\Microsoft.VisualStudio.TestPlatform.Extensions.Trx.TestLogger.dll'
TpTrace Verbose: 0 : 12972, 1, 2022/12/21, 17:18:54.380, 163331422375, vstest.console.dll, TestPluginCache: Discovered the extensions using extension path ''.
TpTrace Verbose: 0 : 12972, 1, 2022/12/21, 17:18:54.380, 163331422731, vstest.console.dll, TestPluginCache: Discoverers are ''.
TpTrace Verbose: 0 : 12972, 1, 2022/12/21, 17:18:54.380, 163331422988, vstest.console.dll, TestPluginCache: Executors are ''.
TpTrace Verbose: 0 : 12972, 1, 2022/12/21, 17:18:54.380, 163331423255, vstest.console.dll, TestPluginCache: Executors2 are ''.
TpTrace Verbose: 0 : 12972, 1, 2022/12/21, 17:18:54.380, 163331423533, vstest.console.dll, TestPluginCache: Setting providers are ''.
TpTrace Verbose: 0 : 12972, 1, 2022/12/21, 17:18:54.380, 163331424532, vstest.console.dll, TestPluginCache: Loggers are 'logger://Microsoft/TestPlatform/Extensions/Blame/v1,logger://Microsoft/TestPlatform/HtmlLogger/v1,logger://Microsoft/TestPlatform/TrxLogger/v1'.
TpTrace Verbose: 0 : 12972, 1, 2022/12/21, 17:18:54.380, 163331425039, vstest.console.dll, TestPluginCache: TestHosts are 'HostProvider://DefaultTestHost,HostProvider://DotnetTestHost'.
TpTrace Verbose: 0 : 12972, 1, 2022/12/21, 17:18:54.380, 163331425347, vstest.console.dll, TestPluginCache: DataCollectors are ''.
TpTrace Information: 0 : 12972, 1, 2022/12/21, 17:18:54.381, 163331437622, vstest.console.dll, TestPluginManager.CreateTestExtension: Attempting to load test extension: Microsoft.TestPlatform.Extensions.BlameDataCollector.BlameLogger
TpTrace Verbose: 0 : 12972, 1, 2022/12/21, 17:18:54.390, 163331525404, vstest.console.dll, TestEngine: Initializing Parallel Execution as MaxCpuCount is set to: 1
TpTrace Information: 0 : 12972, 1, 2022/12/21, 17:18:54.394, 163331563753, vstest.console.dll, TestPluginManager.CreateTestExtension: Attempting to load test extension: Microsoft.VisualStudio.TestPlatform.CrossPlatEngine.Hosting.DefaultTestHostManager
TpTrace Information: 0 : 12972, 1, 2022/12/21, 17:18:54.395, 163331573558, vstest.console.dll, TestPluginManager.CreateTestExtension: Attempting to load test extension: Microsoft.VisualStudio.TestPlatform.CrossPlatEngine.Hosting.DotnetTestHostManager
TpTrace Information: 0 : 12972, 1, 2022/12/21, 17:18:54.396, 163331582683, vstest.console.dll, InferRunSettingsHelper.IsTestSettingsEnabled: Unable to navigate to RunSettings/MSTest. Current node: RunSettings
TpTrace Verbose: 0 : 12972, 1, 2022/12/21, 17:18:54.400, 163331629660, vstest.console.dll, TestEngine.GetExecutionManager: Chosen execution manager 'Microsoft.VisualStudio.TestPlatform.CrossPlatEngine.Client.Parallel.ParallelProxyExecutionManager, Microsoft.TestPlatform.CrossPlatEngine, Version=15.0.0.0, Culture=neutral, PublicKeyToken=b03f5f7f11d50a3a' ParallelLevel '1'.
TpTrace Verbose: 0 : 12972, 1, 2022/12/21, 17:18:54.401, 163331631912, vstest.console.dll, TestRunRequest.ExecuteAsync: Creating test run request.
TpTrace Verbose: 0 : 12972, 1, 2022/12/21, 17:18:54.401, 163331634866, vstest.console.dll, TestRunRequest.ExecuteAsync: Starting.
TpTrace Information: 0 : 12972, 1, 2022/12/21, 17:18:54.401, 163331638053, vstest.console.dll, TestRunRequest.ExecuteAsync: Starting run with settings:TestRunCriteria:
   KeepAlive=False,FrequencyOfRunStatsChangeEvent=10,RunStatsChangeEventTimeout=00:00:01.5000000,TestCaseFilter=,TestExecutorLauncher=
   Settingsxml=<RunSettings>
  <RunConfiguration>
    <ResultsDirectory>C:\Facultate\dotNET\MyVetAppoinmentApp\IntegrationTests\bin\Debug\net7.0\fine-code-coverage\coverage-tool-output</ResultsDirectory>
    <TargetPlatform>X64</TargetPlatform>
    <TargetFrameworkVersion>.NETCoreApp,Version=v7.0</TargetFrameworkVersion>
    <DesignMode>False</DesignMode>
    <CollectSourceInformation>False</CollectSourceInformation>
  </RunConfiguration>
  <LoggerRunSettings>
    <Loggers>
      <Logger friendlyName="blame" enabled="True" />
      <Logger friendlyName="Console" uri="logger://microsoft/TestPlatform/ConsoleLogger/v1" assemblyQualifiedName="Microsoft.VisualStudio.TestPlatform.CommandLine.Internal.ConsoleLogger, vstest.console, Version=15.0.0.0, Culture=neutral, PublicKeyToken=b03f5f7f11d50a3a" codeBase="C:\Program Files\dotnet\sdk\7.0.100\vstest.console.dll" enabled="True" />
    </Loggers>
  </LoggerRunSettings>
  <DataCollectionRunSettings>
    <DataCollectors>
      <DataCollector friendlyName="blame" enabled="True">
        <Configuration>
          <ResultsDirectory>C:\Facultate\dotNET\MyVetAppoinmentApp\IntegrationTests\bin\Debug\net7.0\fine-code-coverage\coverage-tool-output</ResultsDirectory>
        </Configuration>
      </DataCollector>
    </DataCollectors>
  </DataCollectionRunSettings>
</RunSettings>

TpTrace Verbose: 0 : 12972, 1, 2022/12/21, 17:18:54.401, 163331638718, vstest.console.dll, TestRunRequest.ExecuteAsync: Wait for the first run request is over.
TpTrace Verbose: 0 : 12972, 1, 2022/12/21, 17:18:54.402, 163331642390, vstest.console.dll, MulticastDelegateUtilities.SafeInvoke: TestRun.TestRunStart: Invoking callbacks was skipped because there are no subscribers.
TpTrace Verbose: 0 : 12972, 4, 2022/12/21, 17:18:54.402, 163331645591, vstest.console.dll, MulticastDelegateUtilities.SafeInvoke: InternalTestLoggerEvents.SendTestRunStart: Invoking callback 1/1 for Microsoft.VisualStudio.TestPlatform.CommandLine.Internal.ConsoleLogger., took 0 ms.
TpTrace Verbose: 0 : 12972, 1, 2022/12/21, 17:18:54.404, 163331667599, vstest.console.dll, ParallelProxyExecutionManager: Start execution. Total sources: 1
TpTrace Verbose: 0 : 12972, 1, 2022/12/21, 17:18:54.407, 163331699100, vstest.console.dll, TestRequestSender is acting as server.
TpTrace Verbose: 0 : 12972, 1, 2022/12/21, 17:18:54.410, 163331724707, vstest.console.dll, DataCollectionRequestSender.InitializeCommunication : Initialize communication. 
TpTrace Information: 0 : 12972, 1, 2022/12/21, 17:18:54.419, 163331811977, vstest.console.dll, Listening on Endpoint : 127.0.0.1:56663
TpTrace Verbose: 0 : 12972, 1, 2022/12/21, 17:18:54.429, 163331912127, vstest.console.dll, DotnetDataCollectionLauncher: Adding  --runtimeconfig "C:\Program Files\dotnet\sdk\7.0.100\datacollector.runtimeconfig.json" in args
TpTrace Verbose: 0 : 12972, 1, 2022/12/21, 17:18:54.429, 163331913635, vstest.console.dll, DotnetDataCollectionLauncher: Adding  --depsfile "C:\Program Files\dotnet\sdk\7.0.100\datacollector.deps.json" in args
TpTrace Verbose: 0 : 12972, 1, 2022/12/21, 17:18:54.429, 163331915505, vstest.console.dll, DotnetDataCollectionLauncher: Full path of dotnet.exe is C:\Program Files\dotnet\dotnet.exe
TpTrace Information: 0 : 12972, 1, 2022/12/21, 17:18:54.439, 163332015540, vstest.console.dll, ProxyDataCollectionManager.Initialize: Launched datacollector processId: 8764 port: 56663
TpTrace Information: 0 : 12972, 1, 2022/12/21, 17:18:54.439, 163332017523, vstest.console.dll, ProxyDataCollectionManager.Initialize: waiting for connection with timeout: 90 seconds
TpTrace Verbose: 0 : 12972, 1, 2022/12/21, 17:18:54.439, 163332018265, vstest.console.dll, DataCollectionRequestSender.WaitForRequestHandlerConnection : Waiting for connection with timeout: 90000
TpTrace Information: 0 : 12972, 7, 2022/12/21, 17:18:54.694, 163334562036, vstest.console.dll, Using the buffer size of 16384 bytes
TpTrace Verbose: 0 : 12972, 1, 2022/12/21, 17:18:54.694, 163334562418, vstest.console.dll, SocketCommunicationManager.WaitForClientConnection took: 254 ms, with 90000 ms timeout, and finished with True.
TpTrace Information: 0 : 12972, 7, 2022/12/21, 17:18:54.694, 163334564000, vstest.console.dll, Accepted Client request and set the flag
TpTrace Verbose: 0 : 12972, 1, 2022/12/21, 17:18:54.694, 163334565831, vstest.console.dll, ProxyDataCollectionManager.InvokeDataCollectionServiceAction: Starting.
TpTrace Information: 0 : 12972, 1, 2022/12/21, 17:18:54.694, 163334567250, vstest.console.dll, ProxyDataCollectionManager.BeforeTestRunStart: Get environment variable and port for datacollector processId: 8764 port: 56663
TpTrace Verbose: 0 : 12972, 1, 2022/12/21, 17:18:54.694, 163334569264, vstest.console.dll, DataCollectionRequestSender.SendBeforeTestRunStartAndGetResult: Send BeforeTestRunStart message with settingsXml <RunSettings><RunConfiguration><ResultsDirectory>C:\Facultate\dotNET\MyVetAppoinmentApp\IntegrationTests\bin\Debug\net7.0\fine-code-coverage\coverage-tool-output</ResultsDirectory><TargetPlatform>X64</TargetPlatform><TargetFrameworkVersion>.NETCoreApp,Version=v7.0</TargetFrameworkVersion><DesignMode>False</DesignMode><CollectSourceInformation>False</CollectSourceInformation><TestAdaptersPaths>C:\Program Files\dotnet\sdk\7.0.100\Extensions</TestAdaptersPaths></RunConfiguration><LoggerRunSettings><Loggers><Logger friendlyName="blame" enabled="True" /><Logger friendlyName="Console" uri="logger://microsoft/TestPlatform/ConsoleLogger/v1" assemblyQualifiedName="Microsoft.VisualStudio.TestPlatform.CommandLine.Internal.ConsoleLogger, vstest.console, Version=15.0.0.0, Culture=neutral, PublicKeyToken=b03f5f7f11d50a3a" codeBase="C:\Program Files\dotnet\sdk\7.0.100\vstest.console.dll" enabled="True" /></Loggers></LoggerRunSettings><DataCollectionRunSettings><DataCollectors><DataCollector friendlyName="blame" enabled="True"><Configuration><ResultsDirectory>C:\Facultate\dotNET\MyVetAppoinmentApp\IntegrationTests\bin\Debug\net7.0\fine-code-coverage\coverage-tool-output</ResultsDirectory></Configuration></DataCollector></DataCollectors></DataCollectionRunSettings></RunSettings> and sources System.Collections.Generic.List`1[System.String]: 
TpTrace Verbose: 0 : 12972, 1, 2022/12/21, 17:18:54.838, 163336003044, vstest.console.dll, DataCollectionRequestSender.SendBeforeTestRunStartAndGetResult: Received message: (DataCollection.SendMessage) -> {"MessageType":"DataCollection.SendMessage","Payload":{"FriendlyName":null,"Uri":null,"TestCaseId":"00000000-0000-0000-0000-000000000000","Message":"Logging DataCollector Diagnostics in file: C:\\Facultate\\dotNET\\MyVetAppoinmentApp\\IntegrationTests\\bin\\Debug\\net7.0\\fine-code-coverage\\coverage-tool-output\\diagnostics.datacollector.22-12-21_17-18-54_42876_1.log","Level":0}}
TpTrace Verbose: 0 : 12972, 1, 2022/12/21, 17:18:54.962, 163337248369, vstest.console.dll, DataCollectionRequestSender.SendBeforeTestRunStartAndGetResult: Received message: (DataCollection.BeforeTestRunStartResult) -> {"MessageType":"DataCollection.BeforeTestRunStartResult","Payload":{"EnvironmentVariables":{},"DataCollectionEventsPort":56665}}
TpTrace Information: 0 : 12972, 1, 2022/12/21, 17:18:54.971, 163337338635, vstest.console.dll, ProxyDataCollectionManager.BeforeTestRunStart: SendBeforeTestRunStartAndGetResult successful, env variable from datacollector:   and testhost port: 56665
TpTrace Information: 0 : 12972, 1, 2022/12/21, 17:18:54.971, 163337340147, vstest.console.dll, ProxyDataCollectionManager.InvokeDataCollectionServiceAction: Completed.
TpTrace Verbose: 0 : 12972, 7, 2022/12/21, 17:18:54.972, 163337341741, vstest.console.dll, ParallelProxyExecutionManager: Execution started. Started clients: 1
TpTrace Verbose: 0 : 12972, 1, 2022/12/21, 17:18:54.972, 163337342036, vstest.console.dll, ProxyParallelExecutionManager: No sources available for execution.
TpTrace Information: 0 : 12972, 1, 2022/12/21, 17:18:54.972, 163337343456, vstest.console.dll, TestRunRequest.ExecuteAsync: Started.
TpTrace Verbose: 0 : 12972, 1, 2022/12/21, 17:18:54.972, 163337344701, vstest.console.dll, TestRunRequest.WaitForCompletion: Waiting with timeout -1.
TpTrace Verbose: 0 : 12972, 7, 2022/12/21, 17:18:54.972, 163337346418, vstest.console.dll, TestRunRequest:SendTestRunMessage: Starting.
TpTrace Verbose: 0 : 12972, 7, 2022/12/21, 17:18:54.972, 163337348913, vstest.console.dll, MulticastDelegateUtilities.SafeInvoke: TestRun.LogMessages: Invoking callback 1/1 for Microsoft.VisualStudio.TestPlatform.CommandLine.TestRunResultAggregator., took 0 ms.
TpTrace Information: 0 : 12972, 7, 2022/12/21, 17:18:54.972, 163337349603, vstest.console.dll, TestRunRequest:SendTestRunMessage: Completed.
TpTrace Verbose: 0 : 12972, 4, 2022/12/21, 17:18:54.973, 163337351077, vstest.console.dll, MulticastDelegateUtilities.SafeInvoke: InternalTestLoggerEvents.SendTestRunMessage: Invoking callback 1/1 for Microsoft.VisualStudio.TestPlatform.CommandLine.Internal.ConsoleLogger., took 0 ms.
TpTrace Verbose: 0 : 12972, 7, 2022/12/21, 17:18:54.973, 163337352276, vstest.console.dll, ProxyExecutionManager: Test host is always Lazy initialize.
TpTrace Verbose: 0 : 12972, 7, 2022/12/21, 17:18:54.973, 163337356686, vstest.console.dll, TestRequestSender.InitializeCommunication: initialize communication. 
TpTrace Information: 0 : 12972, 7, 2022/12/21, 17:18:54.974, 163337364391, vstest.console.dll, SocketServer.Start: Listening on endpoint : 127.0.0.1:56666
TpTrace Verbose: 0 : 12972, 7, 2022/12/21, 17:18:54.975, 163337376079, vstest.console.dll, DotnetTestHostmanager.GetTestHostProcessStartInfo: Platform environment 'X64' target architecture 'X64' framework '.NETCoreApp,Version=v7.0' OS 'Windows'
TpTrace Verbose: 0 : 12972, 7, 2022/12/21, 17:18:54.975, 163337379734, vstest.console.dll, DotnetTestHostmanager: Adding  --runtimeconfig "C:\Facultate\dotNET\MyVetAppoinmentApp\IntegrationTests\bin\Debug\net7.0\fine-code-coverage\build-output\IntegrationTests.runtimeconfig.json" in args
TpTrace Verbose: 0 : 12972, 7, 2022/12/21, 17:18:54.975, 163337380971, vstest.console.dll, DotnetTestHostmanager: Adding  --depsfile "C:\Facultate\dotNET\MyVetAppoinmentApp\IntegrationTests\bin\Debug\net7.0\fine-code-coverage\build-output\IntegrationTests.deps.json" in args
TpTrace Verbose: 0 : 12972, 7, 2022/12/21, 17:18:54.976, 163337383008, vstest.console.dll, DotnetTestHostmanager.IsWinOnArm: Current PROCESSOR_ARCHITECTURE from environment variable 'AMD64'
TpTrace Verbose: 0 : 12972, 7, 2022/12/21, 17:18:54.976, 163337383777, vstest.console.dll, DotnetTestHostmanager.IsWinOnArm: Is Windows on ARM 'False'
TpTrace Verbose: 0 : 12972, 7, 2022/12/21, 17:18:54.976, 163337384861, vstest.console.dll, DotnetTestHostManager: testhost.exe found at path: C:\Facultate\dotNET\MyVetAppoinmentApp\IntegrationTests\bin\Debug\net7.0\fine-code-coverage\build-output\testhost.exe
TpTrace Verbose: 0 : 12972, 7, 2022/12/21, 17:18:54.976, 163337385403, vstest.console.dll, DotnetTestHostmanager: Full path of host exe is C:\Facultate\dotNET\MyVetAppoinmentApp\IntegrationTests\bin\Debug\net7.0\fine-code-coverage\build-output\testhost.exe
TpTrace Verbose: 0 : 12972, 7, 2022/12/21, 17:18:54.976, 163337387067, vstest.console.dll, DotnetTestHostmanager.LaunchTestHostAsync: Found 'VSTEST_WINAPPHOST_DOTNET_ROOT' in env variables, value 'C:\Program Files\dotnet', forwarding to 'DOTNET_ROOT'
TpTrace Verbose: 0 : 12972, 7, 2022/12/21, 17:18:54.976, 163337389489, vstest.console.dll, DotnetTestHostManager: Starting process 'C:\Facultate\dotNET\MyVetAppoinmentApp\IntegrationTests\bin\Debug\net7.0\fine-code-coverage\build-output\testhost.exe' with command line ' --runtimeconfig "C:\Facultate\dotNET\MyVetAppoinmentApp\IntegrationTests\bin\Debug\net7.0\fine-code-coverage\build-output\IntegrationTests.runtimeconfig.json" --depsfile "C:\Facultate\dotNET\MyVetAppoinmentApp\IntegrationTests\bin\Debug\net7.0\fine-code-coverage\build-output\IntegrationTests.deps.json" --port 56666 --endpoint 127.0.0.1:056666 --role client --parentprocessid 12972 --diag "C:\Facultate\dotNET\MyVetAppoinmentApp\IntegrationTests\bin\Debug\net7.0\fine-code-coverage\coverage-tool-output\diagnostics.host.22-12-21_17-18-54_97491_7.log" --tracelevel 4 --datacollectionport 56665 --telemetryoptedin false'
TpTrace Verbose: 0 : 12972, 7, 2022/12/21, 17:18:54.986, 163337486579, vstest.console.dll, MulticastDelegateUtilities.SafeInvoke: HostProviderEvents.OnHostLaunched: Invoking callback 1/2 for Microsoft.VisualStudio.TestPlatform.CrossPlatEngine.Client.ProxyExecutionManagerWithDataCollection., took 2 ms.
TpTrace Verbose: 0 : 12972, 7, 2022/12/21, 17:18:54.987, 163337492911, vstest.console.dll, Test Runtime launched
TpTrace Verbose: 0 : 12972, 7, 2022/12/21, 17:18:54.987, 163337495000, vstest.console.dll, MulticastDelegateUtilities.SafeInvoke: HostProviderEvents.OnHostLaunched: Invoking callback 2/2 for Microsoft.VisualStudio.TestPlatform.CrossPlatEngine.Client.ProxyOperationManager., took 0 ms.
TpTrace Verbose: 0 : 12972, 7, 2022/12/21, 17:18:54.987, 163337497494, vstest.console.dll, TestRequestSender.WaitForRequestHandlerConnection: waiting for connection with timeout: 90000.
TpTrace Verbose: 0 : 12972, 10, 2022/12/21, 17:18:55.274, 163340370054, vstest.console.dll, MulticastDelegateUtilities.SafeInvoke: SocketServer: ClientConnected: Invoking callback 1/1 for Microsoft.VisualStudio.TestPlatform.CommunicationUtilities.TestRequestSender., took 0 ms.
TpTrace Verbose: 0 : 12972, 7, 2022/12/21, 17:18:55.274, 163340370055, vstest.console.dll, TestRequestSender.WaitForRequestHandlerConnection: waiting took 287 ms, with timeout 90000 ms, and result 0, which is success.
TpTrace Verbose: 0 : 12972, 10, 2022/12/21, 17:18:55.275, 163340372262, vstest.console.dll, SocketServer.OnClientConnected: Client connected for endPoint: 127.0.0.1:56666, starting MessageLoopAsync:
TpTrace Verbose: 0 : 12972, 12, 2022/12/21, 17:18:55.275, 163340376798, vstest.console.dll, TcpClientExtensions.MessageLoopAsync: Polling on remoteEndPoint: 127.0.0.1:56667 localEndPoint: 127.0.0.1:56666
TpTrace Verbose: 0 : 12972, 7, 2022/12/21, 17:18:55.276, 163340389288, vstest.console.dll, TestRequestSender.CheckVersionWithTestHost: Sending check version message: {"MessageType":"ProtocolVersion","Payload":7}
TpTrace Verbose: 0 : 12972, 12, 2022/12/21, 17:18:55.464, 163342263850, vstest.console.dll, TcpClientExtensions.MessageLoopAsync: NotifyDataAvailable remoteEndPoint: 127.0.0.1:56667 localEndPoint: 127.0.0.1:56666
TpTrace Verbose: 0 : 12972, 12, 2022/12/21, 17:18:55.464, 163342268263, vstest.console.dll, TestRequestSender.CheckVersionWithTestHost: onMessageReceived received message: (ProtocolVersion) -> {"MessageType":"ProtocolVersion","Payload":7}
TpTrace Verbose: 0 : 12972, 12, 2022/12/21, 17:18:55.466, 163342282920, vstest.console.dll, MulticastDelegateUtilities.SafeInvoke: LengthPrefixCommunicationChannel: MessageReceived: Invoking callback 1/1 for Microsoft.VisualStudio.TestPlatform.CommunicationUtilities.TestRequestSender+<>c__DisplayClass26_0., took 1 ms.
TpTrace Verbose: 0 : 12972, 7, 2022/12/21, 17:18:55.466, 163342284398, vstest.console.dll, TestPluginCache.GetExtensionPaths: Filtered extension paths: 
TpTrace Verbose: 0 : 12972, 12, 2022/12/21, 17:18:55.466, 163342286131, vstest.console.dll, TcpClientExtensions.MessageLoopAsync: Polling on remoteEndPoint: 127.0.0.1:56667 localEndPoint: 127.0.0.1:56666
TpTrace Verbose: 0 : 12972, 7, 2022/12/21, 17:18:55.466, 163342286596, vstest.console.dll, TestPluginCache.GetExtensionPaths: Added default extension paths: C:\Program Files\dotnet\sdk\7.0.100\Extensions\Microsoft.Diagnostics.NETCore.Client.dll
C:\Program Files\dotnet\sdk\7.0.100\Extensions\Microsoft.TestPlatform.Extensions.BlameDataCollector.dll
C:\Program Files\dotnet\sdk\7.0.100\Extensions\Microsoft.TestPlatform.Extensions.EventLogCollector.dll
C:\Program Files\dotnet\sdk\7.0.100\Extensions\Microsoft.TestPlatform.TestHostRuntimeProvider.dll
C:\Program Files\dotnet\sdk\7.0.100\Extensions\Microsoft.VisualStudio.TestPlatform.Extensions.Html.TestLogger.dll
C:\Program Files\dotnet\sdk\7.0.100\Extensions\Microsoft.VisualStudio.TestPlatform.Extensions.Trx.TestLogger.dll
TpTrace Verbose: 0 : 12972, 7, 2022/12/21, 17:18:55.466, 163342288054, vstest.console.dll, TestPluginCache.GetExtensionPaths: Added unfilterableExtensionPaths: 
TpTrace Verbose: 0 : 12972, 7, 2022/12/21, 17:18:55.472, 163342345900, vstest.console.dll, TestRequestSender.InitializeExecution: Sending initialize execution with message: {"Version":7,"MessageType":"TestExecution.Initialize","Payload":["C:\\Facultate\\dotNET\\MyVetAppoinmentApp\\IntegrationTests\\bin\\Debug\\net7.0\\fine-code-coverage\\build-output\\xunit.runner.visualstudio.dotnetcore.testadapter.dll"]}
TpTrace Warning: 0 : 12972, 7, 2022/12/21, 17:18:55.473, 163342353496, vstest.console.dll, InferRunSettingsHelper.MakeRunsettingsCompatible: Removing the following settings: TargetPlatform from RunSettings file. To use those settings please move to latest version of Microsoft.NET.Test.Sdk
TpTrace Verbose: 0 : 12972, 12, 2022/12/21, 17:18:55.475, 163342376074, vstest.console.dll, TcpClientExtensions.MessageLoopAsync: NotifyDataAvailable remoteEndPoint: 127.0.0.1:56667 localEndPoint: 127.0.0.1:56666
TpTrace Verbose: 0 : 12972, 12, 2022/12/21, 17:18:55.476, 163342382107, vstest.console.dll, TestRequestSender.OnExecutionMessageReceived: Received message: {"Version":7,"MessageType":"TestSession.Message","Payload":{"MessageLevel":0,"Message":"Logging TestHost Diagnostics in file: C:\\Facultate\\dotNET\\MyVetAppoinmentApp\\IntegrationTests\\bin\\Debug\\net7.0\\fine-code-coverage\\coverage-tool-output\\diagnostics.host.22-12-21_17-18-54_97491_7.log"}}
TpTrace Verbose: 0 : 12972, 12, 2022/12/21, 17:18:55.485, 163342475621, vstest.console.dll, TestRunRequest:SendTestRunMessage: Starting.
TpTrace Verbose: 0 : 12972, 12, 2022/12/21, 17:18:55.485, 163342478926, vstest.console.dll, MulticastDelegateUtilities.SafeInvoke: TestRun.LogMessages: Invoking callback 1/1 for Microsoft.VisualStudio.TestPlatform.CommandLine.TestRunResultAggregator., took 0 ms.
TpTrace Verbose: 0 : 12972, 4, 2022/12/21, 17:18:55.485, 163342478925, vstest.console.dll, MulticastDelegateUtilities.SafeInvoke: InternalTestLoggerEvents.SendTestRunMessage: Invoking callback 1/1 for Microsoft.VisualStudio.TestPlatform.CommandLine.Internal.ConsoleLogger., took 0 ms.
TpTrace Information: 0 : 12972, 12, 2022/12/21, 17:18:55.485, 163342479800, vstest.console.dll, TestRunRequest:SendTestRunMessage: Completed.
TpTrace Verbose: 0 : 12972, 12, 2022/12/21, 17:18:55.485, 163342481028, vstest.console.dll, MulticastDelegateUtilities.SafeInvoke: LengthPrefixCommunicationChannel: MessageReceived: Invoking callback 1/1 for Microsoft.VisualStudio.TestPlatform.CommunicationUtilities.TestRequestSender+<>c__DisplayClass31_0., took 10 ms.
TpTrace Verbose: 0 : 12972, 12, 2022/12/21, 17:18:55.486, 163342481578, vstest.console.dll, TcpClientExtensions.MessageLoopAsync: Polling on remoteEndPoint: 127.0.0.1:56667 localEndPoint: 127.0.0.1:56666
TpTrace Verbose: 0 : 12972, 7, 2022/12/21, 17:18:55.491, 163342532774, vstest.console.dll, TestRequestSender.StartTestRun: Sending test run with message: {"Version":7,"MessageType":"TestExecution.StartWithSources","Payload":{"AdapterSourceMap":{"_none_":["C:\\Facultate\\dotNET\\MyVetAppoinmentApp\\IntegrationTests\\bin\\Debug\\net7.0\\fine-code-coverage\\build-output\\IntegrationTests.dll"]},"RunSettings":"<RunSettings>\r\n  <RunConfiguration>\r\n    <ResultsDirectory>C:\\Facultate\\dotNET\\MyVetAppoinmentApp\\IntegrationTests\\bin\\Debug\\net7.0\\fine-code-coverage\\coverage-tool-output</ResultsDirectory>\r\n    <TargetFrameworkVersion>.NETCoreApp,Version=v7.0</TargetFrameworkVersion>\r\n    <DesignMode>False</DesignMode>\r\n    <CollectSourceInformation>False</CollectSourceInformation>\r\n  </RunConfiguration>\r\n  <LoggerRunSettings>\r\n    <Loggers>\r\n      <Logger friendlyName=\"blame\" enabled=\"True\" />\r\n      <Logger friendlyName=\"Console\" uri=\"logger://microsoft/TestPlatform/ConsoleLogger/v1\" assemblyQualifiedName=\"Microsoft.VisualStudio.TestPlatform.CommandLine.Internal.ConsoleLogger, vstest.console, Version=15.0.0.0, Culture=neutral, PublicKeyToken=b03f5f7f11d50a3a\" codeBase=\"C:\\Program Files\\dotnet\\sdk\\7.0.100\\vstest.console.dll\" enabled=\"True\" />\r\n    </Loggers>\r\n  </LoggerRunSettings>\r\n  <DataCollectionRunSettings>\r\n    <DataCollectors>\r\n      <DataCollector friendlyName=\"blame\" enabled=\"True\">\r\n        <Configuration>\r\n          <ResultsDirectory>C:\\Facultate\\dotNET\\MyVetAppoinmentApp\\IntegrationTests\\bin\\Debug\\net7.0\\fine-code-coverage\\coverage-tool-output</ResultsDirectory>\r\n        </Configuration>\r\n      </DataCollector>\r\n    </DataCollectors>\r\n  </DataCollectionRunSettings>\r\n</RunSettings>","TestExecutionContext":{"FrequencyOfRunStatsChangeEvent":10,"RunStatsChangeEventTimeout":"00:00:01.5000000","InIsolation":false,"KeepAlive":false,"AreTestCaseLevelEventsRequired":false,"IsDebug":false,"TestCaseFilter":null,"FilterOptions":null},"Package":null}}
TpTrace Verbose: 0 : 12972, 12, 2022/12/21, 17:18:55.691, 163344533678, vstest.console.dll, TcpClientExtensions.MessageLoopAsync: NotifyDataAvailable remoteEndPoint: 127.0.0.1:56667 localEndPoint: 127.0.0.1:56666
TpTrace Verbose: 0 : 12972, 12, 2022/12/21, 17:18:55.691, 163344535759, vstest.console.dll, TestRequestSender.OnExecutionMessageReceived: Received message: {"Version":7,"MessageType":"TestSession.Message","Payload":{"MessageLevel":0,"Message":"[xUnit.net 00:00:00.00] xUnit.net VSTest Adapter v2.4.5+1caef2f33e (64-bit .NET 7.0.0)"}}
TpTrace Verbose: 0 : 12972, 12, 2022/12/21, 17:18:55.691, 163344539396, vstest.console.dll, TestRunRequest:SendTestRunMessage: Starting.
TpTrace Verbose: 0 : 12972, 12, 2022/12/21, 17:18:55.691, 163344540636, vstest.console.dll, MulticastDelegateUtilities.SafeInvoke: TestRun.LogMessages: Invoking callback 1/1 for Microsoft.VisualStudio.TestPlatform.CommandLine.TestRunResultAggregator., took 0 ms.
TpTrace Verbose: 0 : 12972, 4, 2022/12/21, 17:18:55.691, 163344540746, vstest.console.dll, MulticastDelegateUtilities.SafeInvoke: InternalTestLoggerEvents.SendTestRunMessage: Invoking callback 1/1 for Microsoft.VisualStudio.TestPlatform.CommandLine.Internal.ConsoleLogger., took 0 ms.
TpTrace Information: 0 : 12972, 12, 2022/12/21, 17:18:55.692, 163344541411, vstest.console.dll, TestRunRequest:SendTestRunMessage: Completed.
TpTrace Verbose: 0 : 12972, 12, 2022/12/21, 17:18:55.692, 163344542580, vstest.console.dll, MulticastDelegateUtilities.SafeInvoke: LengthPrefixCommunicationChannel: MessageReceived: Invoking callback 1/1 for Microsoft.VisualStudio.TestPlatform.CommunicationUtilities.TestRequestSender+<>c__DisplayClass31_0., took 0 ms.
TpTrace Verbose: 0 : 12972, 12, 2022/12/21, 17:18:55.692, 163344543223, vstest.console.dll, TcpClientExtensions.MessageLoopAsync: Polling on remoteEndPoint: 127.0.0.1:56667 localEndPoint: 127.0.0.1:56666
TpTrace Verbose: 0 : 12972, 12, 2022/12/21, 17:18:56.697, 163354595355, vstest.console.dll, TcpClientExtensions.MessageLoopAsync: Polling on remoteEndPoint: 127.0.0.1:56667 localEndPoint: 127.0.0.1:56666
TpTrace Verbose: 0 : 12972, 12, 2022/12/21, 17:18:57.082, 163358445366, vstest.console.dll, TcpClientExtensions.MessageLoopAsync: NotifyDataAvailable remoteEndPoint: 127.0.0.1:56667 localEndPoint: 127.0.0.1:56666
TpTrace Verbose: 0 : 12972, 12, 2022/12/21, 17:18:57.082, 163358448735, vstest.console.dll, TestRequestSender.OnExecutionMessageReceived: Received message: {"Version":7,"MessageType":"TestSession.Message","Payload":{"MessageLevel":0,"Message":"[xUnit.net 00:00:01.39]   Discovering: IntegrationTests"}}
TpTrace Verbose: 0 : 12972, 12, 2022/12/21, 17:18:57.083, 163358452358, vstest.console.dll, TestRunRequest:SendTestRunMessage: Starting.
TpTrace Verbose: 0 : 12972, 12, 2022/12/21, 17:18:57.083, 163358454739, vstest.console.dll, MulticastDelegateUtilities.SafeInvoke: TestRun.LogMessages: Invoking callback 1/1 for Microsoft.VisualStudio.TestPlatform.CommandLine.TestRunResultAggregator., took 0 ms.
TpTrace Verbose: 0 : 12972, 4, 2022/12/21, 17:18:57.083, 163358454747, vstest.console.dll, MulticastDelegateUtilities.SafeInvoke: InternalTestLoggerEvents.SendTestRunMessage: Invoking callback 1/1 for Microsoft.VisualStudio.TestPlatform.CommandLine.Internal.ConsoleLogger., took 0 ms.
TpTrace Information: 0 : 12972, 12, 2022/12/21, 17:18:57.083, 163358455611, vstest.console.dll, TestRunRequest:SendTestRunMessage: Completed.
TpTrace Verbose: 0 : 12972, 12, 2022/12/21, 17:18:57.083, 163358457139, vstest.console.dll, MulticastDelegateUtilities.SafeInvoke: LengthPrefixCommunicationChannel: MessageReceived: Invoking callback 1/1 for Microsoft.VisualStudio.TestPlatform.CommunicationUtilities.TestRequestSender+<>c__DisplayClass31_0., took 0 ms.
TpTrace Verbose: 0 : 12972, 12, 2022/12/21, 17:18:57.083, 163358457823, vstest.console.dll, TcpClientExtensions.MessageLoopAsync: Polling on remoteEndPoint: 127.0.0.1:56667 localEndPoint: 127.0.0.1:56666
TpTrace Verbose: 0 : 12972, 12, 2022/12/21, 17:18:57.136, 163358988853, vstest.console.dll, TcpClientExtensions.MessageLoopAsync: NotifyDataAvailable remoteEndPoint: 127.0.0.1:56667 localEndPoint: 127.0.0.1:56666
TpTrace Verbose: 0 : 12972, 12, 2022/12/21, 17:18:57.136, 163358990518, vstest.console.dll, TestRequestSender.OnExecutionMessageReceived: Received message: {"Version":7,"MessageType":"TestSession.Message","Payload":{"MessageLevel":0,"Message":"[xUnit.net 00:00:01.44]   Discovered:  IntegrationTests"}}
TpTrace Verbose: 0 : 12972, 12, 2022/12/21, 17:18:57.137, 163358991894, vstest.console.dll, TestRunRequest:SendTestRunMessage: Starting.
TpTrace Verbose: 0 : 12972, 12, 2022/12/21, 17:18:57.137, 163358992531, vstest.console.dll, MulticastDelegateUtilities.SafeInvoke: TestRun.LogMessages: Invoking callback 1/1 for Microsoft.VisualStudio.TestPlatform.CommandLine.TestRunResultAggregator., took 0 ms.
TpTrace Verbose: 0 : 12972, 4, 2022/12/21, 17:18:57.137, 163358992759, vstest.console.dll, MulticastDelegateUtilities.SafeInvoke: InternalTestLoggerEvents.SendTestRunMessage: Invoking callback 1/1 for Microsoft.VisualStudio.TestPlatform.CommandLine.Internal.ConsoleLogger., took 0 ms.
TpTrace Information: 0 : 12972, 12, 2022/12/21, 17:18:57.137, 163358992881, vstest.console.dll, TestRunRequest:SendTestRunMessage: Completed.
TpTrace Verbose: 0 : 12972, 12, 2022/12/21, 17:18:57.137, 163358993881, vstest.console.dll, MulticastDelegateUtilities.SafeInvoke: LengthPrefixCommunicationChannel: MessageReceived: Invoking callback 1/1 for Microsoft.VisualStudio.TestPlatform.CommunicationUtilities.TestRequestSender+<>c__DisplayClass31_0., took 0 ms.
TpTrace Verbose: 0 : 12972, 12, 2022/12/21, 17:18:57.137, 163358994338, vstest.console.dll, TcpClientExtensions.MessageLoopAsync: Polling on remoteEndPoint: 127.0.0.1:56667 localEndPoint: 127.0.0.1:56666
TpTrace Verbose: 0 : 12972, 12, 2022/12/21, 17:18:57.142, 163359045661, vstest.console.dll, TcpClientExtensions.MessageLoopAsync: NotifyDataAvailable remoteEndPoint: 127.0.0.1:56667 localEndPoint: 127.0.0.1:56666
TpTrace Verbose: 0 : 12972, 12, 2022/12/21, 17:18:57.142, 163359048168, vstest.console.dll, TestRequestSender.OnExecutionMessageReceived: Received message: {"Version":7,"MessageType":"TestSession.Message","Payload":{"MessageLevel":0,"Message":"[xUnit.net 00:00:01.45]   Starting:    IntegrationTests"}}
TpTrace Verbose: 0 : 12972, 12, 2022/12/21, 17:18:57.142, 163359050122, vstest.console.dll, TestRunRequest:SendTestRunMessage: Starting.
TpTrace Verbose: 0 : 12972, 12, 2022/12/21, 17:18:57.142, 163359051044, vstest.console.dll, MulticastDelegateUtilities.SafeInvoke: TestRun.LogMessages: Invoking callback 1/1 for Microsoft.VisualStudio.TestPlatform.CommandLine.TestRunResultAggregator., took 0 ms.
TpTrace Verbose: 0 : 12972, 4, 2022/12/21, 17:18:57.143, 163359051184, vstest.console.dll, MulticastDelegateUtilities.SafeInvoke: InternalTestLoggerEvents.SendTestRunMessage: Invoking callback 1/1 for Microsoft.VisualStudio.TestPlatform.CommandLine.Internal.ConsoleLogger., took 0 ms.
TpTrace Information: 0 : 12972, 12, 2022/12/21, 17:18:57.143, 163359051695, vstest.console.dll, TestRunRequest:SendTestRunMessage: Completed.
TpTrace Verbose: 0 : 12972, 12, 2022/12/21, 17:18:57.143, 163359052680, vstest.console.dll, MulticastDelegateUtilities.SafeInvoke: LengthPrefixCommunicationChannel: MessageReceived: Invoking callback 1/1 for Microsoft.VisualStudio.TestPlatform.CommunicationUtilities.TestRequestSender+<>c__DisplayClass31_0., took 0 ms.
TpTrace Verbose: 0 : 12972, 12, 2022/12/21, 17:18:57.143, 163359053157, vstest.console.dll, TcpClientExtensions.MessageLoopAsync: Polling on remoteEndPoint: 127.0.0.1:56667 localEndPoint: 127.0.0.1:56666
TpTrace Verbose: 0 : 12972, 12, 2022/12/21, 17:18:57.239, 163360016265, vstest.console.dll, TcpClientExtensions.MessageLoopAsync: NotifyDataAvailable remoteEndPoint: 127.0.0.1:56667 localEndPoint: 127.0.0.1:56666
TpTrace Verbose: 0 : 12972, 12, 2022/12/21, 17:18:57.239, 163360018513, vstest.console.dll, TestRequestSender.OnExecutionMessageReceived: Received message: {"Version":7,"MessageType":"TestExecution.StatsChange","Payload":{"NewTestResults":[],"TestRunStatistics":{"ExecutedTests":0,"Stats":{}},"ActiveTests":[{"Id":"3d6dff47-2dbf-dcb5-b855-6d25e5ca891f","FullyQualifiedName":"IntegrationTests.Tests.ClientTests.TestPutClientAsync","DisplayName":"IntegrationTests.Tests.ClientTests.TestPutClientAsync","ExecutorUri":"executor://xunit/VsTestRunner2/netcoreapp","Source":"C:\\Facultate\\dotNET\\MyVetAppoinmentApp\\IntegrationTests\\bin\\Debug\\net7.0\\fine-code-coverage\\build-output\\IntegrationTests.dll","CodeFilePath":null,"LineNumber":0,"Properties":[]}]}}
TpTrace Verbose: 0 : 12972, 12, 2022/12/21, 17:18:57.257, 163360198956, vstest.console.dll, TestRunRequest:SendTestRunStatsChange: Starting.
TpTrace Verbose: 0 : 12972, 12, 2022/12/21, 17:18:57.258, 163360201057, vstest.console.dll, InProgress is IntegrationTests.Tests.ClientTests.TestPutClientAsync
TpTrace Verbose: 0 : 12972, 12, 2022/12/21, 17:18:57.258, 163360202221, vstest.console.dll, MulticastDelegateUtilities.SafeInvoke: TestRun.RunStatsChanged: Invoking callbacks was skipped because there are no subscribers.
TpTrace Information: 0 : 12972, 12, 2022/12/21, 17:18:57.258, 163360202584, vstest.console.dll, TestRunRequest:SendTestRunStatsChange: Completed.
TpTrace Verbose: 0 : 12972, 12, 2022/12/21, 17:18:57.258, 163360202898, vstest.console.dll, MulticastDelegateUtilities.SafeInvoke: LengthPrefixCommunicationChannel: MessageReceived: Invoking callback 1/1 for Microsoft.VisualStudio.TestPlatform.CommunicationUtilities.TestRequestSender+<>c__DisplayClass31_0., took 18 ms.
TpTrace Verbose: 0 : 12972, 12, 2022/12/21, 17:18:57.258, 163360203282, vstest.console.dll, TcpClientExtensions.MessageLoopAsync: Polling on remoteEndPoint: 127.0.0.1:56667 localEndPoint: 127.0.0.1:56666
TpTrace Verbose: 0 : 12972, 12, 2022/12/21, 17:18:58.272, 163370343388, vstest.console.dll, TcpClientExtensions.MessageLoopAsync: Polling on remoteEndPoint: 127.0.0.1:56667 localEndPoint: 127.0.0.1:56666
TpTrace Verbose: 0 : 12972, 12, 2022/12/21, 17:18:59.284, 163380469918, vstest.console.dll, TcpClientExtensions.MessageLoopAsync: Polling on remoteEndPoint: 127.0.0.1:56667 localEndPoint: 127.0.0.1:56666
TpTrace Verbose: 0 : 12972, 12, 2022/12/21, 17:18:59.943, 163387055041, vstest.console.dll, TcpClientExtensions.MessageLoopAsync: NotifyDataAvailable remoteEndPoint: 127.0.0.1:56667 localEndPoint: 127.0.0.1:56666
TpTrace Verbose: 0 : 12972, 12, 2022/12/21, 17:18:59.943, 163387058370, vstest.console.dll, TestRequestSender.OnExecutionMessageReceived: Received message: {"Version":7,"MessageType":"TestExecution.StatsChange","Payload":{"NewTestResults":[{"TestCase":{"Id":"3d6dff47-2dbf-dcb5-b855-6d25e5ca891f","FullyQualifiedName":"IntegrationTests.Tests.ClientTests.TestPutClientAsync","DisplayName":"IntegrationTests.Tests.ClientTests.TestPutClientAsync","ExecutorUri":"executor://xunit/VsTestRunner2/netcoreapp","Source":"C:\\Facultate\\dotNET\\MyVetAppoinmentApp\\IntegrationTests\\bin\\Debug\\net7.0\\fine-code-coverage\\build-output\\IntegrationTests.dll","CodeFilePath":null,"LineNumber":0,"Properties":[]},"Attachments":[],"Outcome":1,"ErrorMessage":null,"ErrorStackTrace":null,"DisplayName":"IntegrationTests.Tests.ClientTests.TestPutClientAsync","Messages":[],"ComputerName":"DESKTOP-AI463B2","Duration":"00:00:02.6629630","StartTime":"2022-12-21T15:18:59.8917208+00:00","EndTime":"2022-12-21T15:18:59.8917702+00:00","Properties":[]}],"TestRunStatistics":{"ExecutedTests":1,"Stats":{"Passed":1}},"ActiveTests":[{"Id":"90b5ad74-e3b9-7c76-fbfe-06ec3f99891a","FullyQualifiedName":"IntegrationTests.Tests.ClientTests.TestGetClientAsync","DisplayName":"IntegrationTests.Tests.ClientTests.TestGetClientAsync","ExecutorUri":"executor://xunit/VsTestRunner2/netcoreapp","Source":"C:\\Facultate\\dotNET\\MyVetAppoinmentApp\\IntegrationTests\\bin\\Debug\\net7.0\\fine-code-coverage\\build-output\\IntegrationTests.dll","CodeFilePath":null,"LineNumber":0,"Properties":[]}]}}
TpTrace Verbose: 0 : 12972, 12, 2022/12/21, 17:18:59.957, 163387193974, vstest.console.dll, TestRunRequest:SendTestRunStatsChange: Starting.
TpTrace Verbose: 0 : 12972, 12, 2022/12/21, 17:18:59.957, 163387195451, vstest.console.dll, InProgress is IntegrationTests.Tests.ClientTests.TestGetClientAsync
TpTrace Verbose: 0 : 12972, 12, 2022/12/21, 17:18:59.957, 163387198956, vstest.console.dll, MulticastDelegateUtilities.SafeInvoke: TestRun.RunStatsChanged: Invoking callbacks was skipped because there are no subscribers.
TpTrace Information: 0 : 12972, 12, 2022/12/21, 17:18:59.957, 163387199639, vstest.console.dll, TestRunRequest:SendTestRunStatsChange: Completed.
TpTrace Verbose: 0 : 12972, 12, 2022/12/21, 17:18:59.957, 163387200067, vstest.console.dll, MulticastDelegateUtilities.SafeInvoke: LengthPrefixCommunicationChannel: MessageReceived: Invoking callback 1/1 for Microsoft.VisualStudio.TestPlatform.CommunicationUtilities.TestRequestSender+<>c__DisplayClass31_0., took 14 ms.
TpTrace Verbose: 0 : 12972, 12, 2022/12/21, 17:18:59.957, 163387200430, vstest.console.dll, TcpClientExtensions.MessageLoopAsync: Polling on remoteEndPoint: 127.0.0.1:56667 localEndPoint: 127.0.0.1:56666
TpTrace Verbose: 0 : 12972, 4, 2022/12/21, 17:18:59.965, 163387272455, vstest.console.dll, MulticastDelegateUtilities.SafeInvoke: InternalTestLoggerEvents.SendTestResult: Invoking callback 1/1 for Microsoft.VisualStudio.TestPlatform.CommandLine.Internal.ConsoleLogger., took 7 ms.
TpTrace Verbose: 0 : 12972, 12, 2022/12/21, 17:19:00.378, 163391401449, vstest.console.dll, TcpClientExtensions.MessageLoopAsync: NotifyDataAvailable remoteEndPoint: 127.0.0.1:56667 localEndPoint: 127.0.0.1:56666
TpTrace Verbose: 0 : 12972, 12, 2022/12/21, 17:19:00.378, 163391404793, vstest.console.dll, TestRequestSender.OnExecutionMessageReceived: Received message: {"Version":7,"MessageType":"TestExecution.StatsChange","Payload":{"NewTestResults":[{"TestCase":{"Id":"90b5ad74-e3b9-7c76-fbfe-06ec3f99891a","FullyQualifiedName":"IntegrationTests.Tests.ClientTests.TestGetClientAsync","DisplayName":"IntegrationTests.Tests.ClientTests.TestGetClientAsync","ExecutorUri":"executor://xunit/VsTestRunner2/netcoreapp","Source":"C:\\Facultate\\dotNET\\MyVetAppoinmentApp\\IntegrationTests\\bin\\Debug\\net7.0\\fine-code-coverage\\build-output\\IntegrationTests.dll","CodeFilePath":null,"LineNumber":0,"Properties":[]},"Attachments":[],"Outcome":1,"ErrorMessage":null,"ErrorStackTrace":null,"DisplayName":"IntegrationTests.Tests.ClientTests.TestGetClientAsync","Messages":[],"ComputerName":"DESKTOP-AI463B2","Duration":"00:00:00.1266191","StartTime":"2022-12-21T15:19:00.0218306+00:00","EndTime":"2022-12-21T15:19:00.0218308+00:00","Properties":[]},{"TestCase":{"Id":"0105dbca-cb7f-ae9e-9485-651d5cf8b4f1","FullyQualifiedName":"IntegrationTests.Tests.ClientTests.TestGetClientPetsAsync","DisplayName":"IntegrationTests.Tests.ClientTests.TestGetClientPetsAsync","ExecutorUri":"executor://xunit/VsTestRunner2/netcoreapp","Source":"C:\\Facultate\\dotNET\\MyVetAppoinmentApp\\IntegrationTests\\bin\\Debug\\net7.0\\fine-code-coverage\\build-output\\IntegrationTests.dll","CodeFilePath":null,"LineNumber":0,"Properties":[]},"Attachments":[],"Outcome":1,"ErrorMessage":null,"ErrorStackTrace":null,"DisplayName":"IntegrationTests.Tests.ClientTests.TestGetClientPetsAsync","Messages":[],"ComputerName":"DESKTOP-AI463B2","Duration":"00:00:00.0306245","StartTime":"2022-12-21T15:19:00.0526586+00:00","EndTime":"2022-12-21T15:19:00.0526588+00:00","Properties":[]},{"TestCase":{"Id":"5936c560-28ee-d41f-b87c-ec155857170c","FullyQualifiedName":"IntegrationTests.Tests.ClientTests.TestPostClientAsync","DisplayName":"IntegrationTests.Tests.ClientTests.TestPostClientAsync","ExecutorUri":"executor://xunit/VsTestRunner2/netcoreapp","Source":"C:\\Facultate\\dotNET\\MyVetAppoinmentApp\\IntegrationTests\\bin\\Debug\\net7.0\\fine-code-coverage\\build-output\\IntegrationTests.dll","CodeFilePath":null,"LineNumber":0,"Properties":[]},"Attachments":[],"Outcome":1,"ErrorMessage":null,"ErrorStackTrace":null,"DisplayName":"IntegrationTests.Tests.ClientTests.TestPostClientAsync","Messages":[],"ComputerName":"DESKTOP-AI463B2","Duration":"00:00:00.0349568","StartTime":"2022-12-21T15:19:00.0882134+00:00","EndTime":"2022-12-21T15:19:00.0882136+00:00","Properties":[]},{"TestCase":{"Id":"936cb1de-9449-41e5-57a5-ce4398fdec08","FullyQualifiedName":"IntegrationTests.Tests.ClientTests.TestDeleteClientAsync","DisplayName":"IntegrationTests.Tests.ClientTests.TestDeleteClientAsync","ExecutorUri":"executor://xunit/VsTestRunner2/netcoreapp","Source":"C:\\Facultate\\dotNET\\MyVetAppoinmentApp\\IntegrationTests\\bin\\Debug\\net7.0\\fine-code-coverage\\build-output\\IntegrationTests.dll","CodeFilePath":null,"LineNumber":0,"Properties":[]},"Attachments":[],"Outcome":1,"ErrorMessage":null,"ErrorStackTrace":null,"DisplayName":"IntegrationTests.Tests.ClientTests.TestDeleteClientAsync","Messages":[],"ComputerName":"DESKTOP-AI463B2","Duration":"00:00:00.0227051","StartTime":"2022-12-21T15:19:00.1115131+00:00","EndTime":"2022-12-21T15:19:00.1115133+00:00","Properties":[]},{"TestCase":{"Id":"af4b689f-197a-4144-e894-4748447f4db1","FullyQualifiedName":"IntegrationTests.Tests.ClientTests.TestGetClientsAsync","DisplayName":"IntegrationTests.Tests.ClientTests.TestGetClientsAsync","ExecutorUri":"executor://xunit/VsTestRunner2/netcoreapp","Source":"C:\\Facultate\\dotNET\\MyVetAppoinmentApp\\IntegrationTests\\bin\\Debug\\net7.0\\fine-code-coverage\\build-output\\IntegrationTests.dll","CodeFilePath":null,"LineNumber":0,"Properties":[]},"Attachments":[],"Outcome":1,"ErrorMessage":null,"ErrorStackTrace":null,"DisplayName":"IntegrationTests.Tests.ClientTests.TestGetClientsAsync","Messages":[],"ComputerName":"DESKTOP-AI463B2","Duration":"00:00:00.0178068","StartTime":"2022-12-21T15:19:00.1298322+00:00","EndTime":"2022-12-21T15:19:00.1298324+00:00","Properties":[]},{"TestCase":{"Id":"2701b08d-9214-8898-791c-445d22a75309","FullyQualifiedName":"IntegrationTests.Tests.CabinetTests.TestDeleteCabinetAsync","DisplayName":"IntegrationTests.Tests.CabinetTests.TestDeleteCabinetAsync","ExecutorUri":"executor://xunit/VsTestRunner2/netcoreapp","Source":"C:\\Facultate\\dotNET\\MyVetAppoinmentApp\\IntegrationTests\\bin\\Debug\\net7.0\\fine-code-coverage\\build-output\\IntegrationTests.dll","CodeFilePath":null,"LineNumber":0,"Properties":[]},"Attachments":[],"Outcome":1,"ErrorMessage":null,"ErrorStackTrace":null,"DisplayName":"IntegrationTests.Tests.CabinetTests.TestDeleteCabinetAsync","Messages":[],"ComputerName":"DESKTOP-AI463B2","Duration":"00:00:00.1569760","StartTime":"2022-12-21T15:19:00.301072+00:00","EndTime":"2022-12-21T15:19:00.3010722+00:00","Properties":[]},{"TestCase":{"Id":"5194b189-df2b-6ba9-7d83-5951f489f28a","FullyQualifiedName":"IntegrationTests.Tests.CabinetTests.TestGetCabinetAsync","DisplayName":"IntegrationTests.Tests.CabinetTests.TestGetCabinetAsync","ExecutorUri":"executor://xunit/VsTestRunner2/netcoreapp","Source":"C:\\Facultate\\dotNET\\MyVetAppoinmentApp\\IntegrationTests\\bin\\Debug\\net7.0\\fine-code-coverage\\build-output\\IntegrationTests.dll","CodeFilePath":null,"LineNumber":0,"Properties":[]},"Attachments":[],"Outcome":1,"ErrorMessage":null,"ErrorStackTrace":null,"DisplayName":"IntegrationTests.Tests.CabinetTests.TestGetCabinetAsync","Messages":[],"ComputerName":"DESKTOP-AI463B2","Duration":"00:00:00.0170657","StartTime":"2022-12-21T15:19:00.3186377+00:00","EndTime":"2022-12-21T15:19:00.3186378+00:00","Properties":[]},{"TestCase":{"Id":"48acf989-4370-b2fb-2aac-4f92b815f165","FullyQualifiedName":"IntegrationTests.Tests.CabinetTests.TestGetCabinetsAsync","DisplayName":"IntegrationTests.Tests.CabinetTests.TestGetCabinetsAsync","ExecutorUri":"executor://xunit/VsTestRunner2/netcoreapp","Source":"C:\\Facultate\\dotNET\\MyVetAppoinmentApp\\IntegrationTests\\bin\\Debug\\net7.0\\fine-code-coverage\\build-output\\IntegrationTests.dll","CodeFilePath":null,"LineNumber":0,"Properties":[]},"Attachments":[],"Outcome":1,"ErrorMessage":null,"ErrorStackTrace":null,"DisplayName":"IntegrationTests.Tests.CabinetTests.TestGetCabinetsAsync","Messages":[],"ComputerName":"DESKTOP-AI463B2","Duration":"00:00:00.0182131","StartTime":"2022-12-21T15:19:00.3373645+00:00","EndTime":"2022-12-21T15:19:00.3373648+00:00","Properties":[]},{"TestCase":{"Id":"482485f2-b3cb-0c32-4e31-bf4ca5f3214b","FullyQualifiedName":"IntegrationTests.Tests.CabinetTests.TestPostCabinetAsync","DisplayName":"IntegrationTests.Tests.CabinetTests.TestPostCabinetAsync","ExecutorUri":"executor://xunit/VsTestRunner2/netcoreapp","Source":"C:\\Facultate\\dotNET\\MyVetAppoinmentApp\\IntegrationTests\\bin\\Debug\\net7.0\\fine-code-coverage\\build-output\\IntegrationTests.dll","CodeFilePath":null,"LineNumber":0,"Properties":[]},"Attachments":[],"Outcome":1,"ErrorMessage":null,"ErrorStackTrace":null,"DisplayName":"IntegrationTests.Tests.CabinetTests.TestPostCabinetAsync","Messages":[],"ComputerName":"DESKTOP-AI463B2","Duration":"00:00:00.0295680","StartTime":"2022-12-21T15:19:00.3676077+00:00","EndTime":"2022-12-21T15:19:00.367608+00:00","Properties":[]}],"TestRunStatistics":{"ExecutedTests":10,"Stats":{"Passed":10}},"ActiveTests":[{"Id":"0c6dd3e5-1225-85aa-a4f9-c1aa43133596","FullyQualifiedName":"IntegrationTests.Tests.CabinetTests.TestGetCabinetClientsAsync","DisplayName":"IntegrationTests.Tests.CabinetTests.TestGetCabinetClientsAsync","ExecutorUri":"executor://xunit/VsTestRunner2/netcoreapp","Source":"C:\\Facultate\\dotNET\\MyVetAppoinmentApp\\IntegrationTests\\bin\\Debug\\net7.0\\fine-code-coverage\\build-output\\IntegrationTests.dll","CodeFilePath":null,"LineNumber":0,"Properties":[]}]}}
TpTrace Verbose: 0 : 12972, 12, 2022/12/21, 17:19:00.379, 163391417191, vstest.console.dll, TestRunRequest:SendTestRunStatsChange: Starting.
TpTrace Verbose: 0 : 12972, 12, 2022/12/21, 17:19:00.379, 163391417981, vstest.console.dll, InProgress is IntegrationTests.Tests.CabinetTests.TestGetCabinetClientsAsync
TpTrace Verbose: 0 : 12972, 12, 2022/12/21, 17:19:00.379, 163391418805, vstest.console.dll, MulticastDelegateUtilities.SafeInvoke: TestRun.RunStatsChanged: Invoking callbacks was skipped because there are no subscribers.
TpTrace Information: 0 : 12972, 12, 2022/12/21, 17:19:00.379, 163391419214, vstest.console.dll, TestRunRequest:SendTestRunStatsChange: Completed.
TpTrace Verbose: 0 : 12972, 12, 2022/12/21, 17:19:00.379, 163391419605, vstest.console.dll, MulticastDelegateUtilities.SafeInvoke: LengthPrefixCommunicationChannel: MessageReceived: Invoking callback 1/1 for Microsoft.VisualStudio.TestPlatform.CommunicationUtilities.TestRequestSender+<>c__DisplayClass31_0., took 1 ms.
TpTrace Verbose: 0 : 12972, 12, 2022/12/21, 17:19:00.379, 163391420148, vstest.console.dll, TcpClientExtensions.MessageLoopAsync: Polling on remoteEndPoint: 127.0.0.1:56667 localEndPoint: 127.0.0.1:56666
TpTrace Verbose: 0 : 12972, 4, 2022/12/21, 17:19:00.380, 163391422777, vstest.console.dll, MulticastDelegateUtilities.SafeInvoke: InternalTestLoggerEvents.SendTestResult: Invoking callback 1/1 for Microsoft.VisualStudio.TestPlatform.CommandLine.Internal.ConsoleLogger., took 0 ms.
TpTrace Verbose: 0 : 12972, 4, 2022/12/21, 17:19:00.380, 163391423795, vstest.console.dll, MulticastDelegateUtilities.SafeInvoke: InternalTestLoggerEvents.SendTestResult: Invoking callback 1/1 for Microsoft.VisualStudio.TestPlatform.CommandLine.Internal.ConsoleLogger., took 0 ms.
TpTrace Verbose: 0 : 12972, 4, 2022/12/21, 17:19:00.380, 163391424588, vstest.console.dll, MulticastDelegateUtilities.SafeInvoke: InternalTestLoggerEvents.SendTestResult: Invoking callback 1/1 for Microsoft.VisualStudio.TestPlatform.CommandLine.Internal.ConsoleLogger., took 0 ms.
TpTrace Verbose: 0 : 12972, 4, 2022/12/21, 17:19:00.380, 163391425432, vstest.console.dll, MulticastDelegateUtilities.SafeInvoke: InternalTestLoggerEvents.SendTestResult: Invoking callback 1/1 for Microsoft.VisualStudio.TestPlatform.CommandLine.Internal.ConsoleLogger., took 0 ms.
TpTrace Verbose: 0 : 12972, 4, 2022/12/21, 17:19:00.380, 163391426252, vstest.console.dll, MulticastDelegateUtilities.SafeInvoke: InternalTestLoggerEvents.SendTestResult: Invoking callback 1/1 for Microsoft.VisualStudio.TestPlatform.CommandLine.Internal.ConsoleLogger., took 0 ms.
TpTrace Verbose: 0 : 12972, 4, 2022/12/21, 17:19:00.380, 163391426901, vstest.console.dll, MulticastDelegateUtilities.SafeInvoke: InternalTestLoggerEvents.SendTestResult: Invoking callback 1/1 for Microsoft.VisualStudio.TestPlatform.CommandLine.Internal.ConsoleLogger., took 0 ms.
TpTrace Verbose: 0 : 12972, 4, 2022/12/21, 17:19:00.380, 163391427554, vstest.console.dll, MulticastDelegateUtilities.SafeInvoke: InternalTestLoggerEvents.SendTestResult: Invoking callback 1/1 for Microsoft.VisualStudio.TestPlatform.CommandLine.Internal.ConsoleLogger., took 0 ms.
TpTrace Verbose: 0 : 12972, 4, 2022/12/21, 17:19:00.380, 163391428169, vstest.console.dll, MulticastDelegateUtilities.SafeInvoke: InternalTestLoggerEvents.SendTestResult: Invoking callback 1/1 for Microsoft.VisualStudio.TestPlatform.CommandLine.Internal.ConsoleLogger., took 0 ms.
TpTrace Verbose: 0 : 12972, 4, 2022/12/21, 17:19:00.380, 163391428742, vstest.console.dll, MulticastDelegateUtilities.SafeInvoke: InternalTestLoggerEvents.SendTestResult: Invoking callback 1/1 for Microsoft.VisualStudio.TestPlatform.CommandLine.Internal.ConsoleLogger., took 0 ms.
TpTrace Verbose: 0 : 12972, 12, 2022/12/21, 17:19:00.841, 163396034037, vstest.console.dll, TcpClientExtensions.MessageLoopAsync: NotifyDataAvailable remoteEndPoint: 127.0.0.1:56667 localEndPoint: 127.0.0.1:56666
TpTrace Verbose: 0 : 12972, 12, 2022/12/21, 17:19:00.841, 163396038201, vstest.console.dll, TestRequestSender.OnExecutionMessageReceived: Received message: {"Version":7,"MessageType":"TestExecution.StatsChange","Payload":{"NewTestResults":[{"TestCase":{"Id":"0c6dd3e5-1225-85aa-a4f9-c1aa43133596","FullyQualifiedName":"IntegrationTests.Tests.CabinetTests.TestGetCabinetClientsAsync","DisplayName":"IntegrationTests.Tests.CabinetTests.TestGetCabinetClientsAsync","ExecutorUri":"executor://xunit/VsTestRunner2/netcoreapp","Source":"C:\\Facultate\\dotNET\\MyVetAppoinmentApp\\IntegrationTests\\bin\\Debug\\net7.0\\fine-code-coverage\\build-output\\IntegrationTests.dll","CodeFilePath":null,"LineNumber":0,"Properties":[]},"Attachments":[],"Outcome":1,"ErrorMessage":null,"ErrorStackTrace":null,"DisplayName":"IntegrationTests.Tests.CabinetTests.TestGetCabinetClientsAsync","Messages":[],"ComputerName":"DESKTOP-AI463B2","Duration":"00:00:00.0392183","StartTime":"2022-12-21T15:19:00.4073005+00:00","EndTime":"2022-12-21T15:19:00.4073007+00:00","Properties":[]},{"TestCase":{"Id":"f27a8dde-4a42-e71d-e053-a30b3b1ece21","FullyQualifiedName":"IntegrationTests.Tests.CabinetTests.TestGetNonExistingCabinetAsync","DisplayName":"IntegrationTests.Tests.CabinetTests.TestGetNonExistingCabinetAsync","ExecutorUri":"executor://xunit/VsTestRunner2/netcoreapp","Source":"C:\\Facultate\\dotNET\\MyVetAppoinmentApp\\IntegrationTests\\bin\\Debug\\net7.0\\fine-code-coverage\\build-output\\IntegrationTests.dll","CodeFilePath":null,"LineNumber":0,"Properties":[]},"Attachments":[],"Outcome":1,"ErrorMessage":null,"ErrorStackTrace":null,"DisplayName":"IntegrationTests.Tests.CabinetTests.TestGetNonExistingCabinetAsync","Messages":[],"ComputerName":"DESKTOP-AI463B2","Duration":"00:00:00.0052515","StartTime":"2022-12-21T15:19:00.4130927+00:00","EndTime":"2022-12-21T15:19:00.4130929+00:00","Properties":[]},{"TestCase":{"Id":"63e6b49c-c33a-3326-f432-d0bf8113c481","FullyQualifiedName":"IntegrationTests.Tests.CabinetTests.TestPutCabinetAsync","DisplayName":"IntegrationTests.Tests.CabinetTests.TestPutCabinetAsync","ExecutorUri":"executor://xunit/VsTestRunner2/netcoreapp","Source":"C:\\Facultate\\dotNET\\MyVetAppoinmentApp\\IntegrationTests\\bin\\Debug\\net7.0\\fine-code-coverage\\build-output\\IntegrationTests.dll","CodeFilePath":null,"LineNumber":0,"Properties":[]},"Attachments":[],"Outcome":1,"ErrorMessage":null,"ErrorStackTrace":null,"DisplayName":"IntegrationTests.Tests.CabinetTests.TestPutCabinetAsync","Messages":[],"ComputerName":"DESKTOP-AI463B2","Duration":"00:00:00.0212103","StartTime":"2022-12-21T15:19:00.4349645+00:00","EndTime":"2022-12-21T15:19:00.4349647+00:00","Properties":[]},{"TestCase":{"Id":"1d64b617-d547-f707-746b-cae96e1879e6","FullyQualifiedName":"IntegrationTests.Tests.DrugTests.TestPutDrugAsync","DisplayName":"IntegrationTests.Tests.DrugTests.TestPutDrugAsync","ExecutorUri":"executor://xunit/VsTestRunner2/netcoreapp","Source":"C:\\Facultate\\dotNET\\MyVetAppoinmentApp\\IntegrationTests\\bin\\Debug\\net7.0\\fine-code-coverage\\build-output\\IntegrationTests.dll","CodeFilePath":null,"LineNumber":0,"Properties":[]},"Attachments":[],"Outcome":1,"ErrorMessage":null,"ErrorStackTrace":null,"DisplayName":"IntegrationTests.Tests.DrugTests.TestPutDrugAsync","Messages":[],"ComputerName":"DESKTOP-AI463B2","Duration":"00:00:00.1549655","StartTime":"2022-12-21T15:19:00.5926018+00:00","EndTime":"2022-12-21T15:19:00.592602+00:00","Properties":[]},{"TestCase":{"Id":"cb964280-60cb-d32a-7e51-bd6a20966ed8","FullyQualifiedName":"IntegrationTests.Tests.DrugTests.TestPostDrugAsync","DisplayName":"IntegrationTests.Tests.DrugTests.TestPostDrugAsync","ExecutorUri":"executor://xunit/VsTestRunner2/netcoreapp","Source":"C:\\Facultate\\dotNET\\MyVetAppoinmentApp\\IntegrationTests\\bin\\Debug\\net7.0\\fine-code-coverage\\build-output\\IntegrationTests.dll","CodeFilePath":null,"LineNumber":0,"Properties":[]},"Attachments":[],"Outcome":1,"ErrorMessage":null,"ErrorStackTrace":null,"DisplayName":"IntegrationTests.Tests.DrugTests.TestPostDrugAsync","Messages":[],"ComputerName":"DESKTOP-AI463B2","Duration":"00:00:00.0346904","StartTime":"2022-12-21T15:19:00.6278485+00:00","EndTime":"2022-12-21T15:19:00.627849+00:00","Properties":[]},{"TestCase":{"Id":"a927a928-af7a-eabf-cf8b-b281deab9f90","FullyQualifiedName":"IntegrationTests.Tests.DrugTests.TestGetDrugsAsync","DisplayName":"IntegrationTests.Tests.DrugTests.TestGetDrugsAsync","ExecutorUri":"executor://xunit/VsTestRunner2/netcoreapp","Source":"C:\\Facultate\\dotNET\\MyVetAppoinmentApp\\IntegrationTests\\bin\\Debug\\net7.0\\fine-code-coverage\\build-output\\IntegrationTests.dll","CodeFilePath":null,"LineNumber":0,"Properties":[]},"Attachments":[],"Outcome":1,"ErrorMessage":null,"ErrorStackTrace":null,"DisplayName":"IntegrationTests.Tests.DrugTests.TestGetDrugsAsync","Messages":[],"ComputerName":"DESKTOP-AI463B2","Duration":"00:00:00.0247109","StartTime":"2022-12-21T15:19:00.6531237+00:00","EndTime":"2022-12-21T15:19:00.6531239+00:00","Properties":[]},{"TestCase":{"Id":"cad01b68-bf3a-8741-6e95-cf846c5f9eeb","FullyQualifiedName":"IntegrationTests.Tests.DrugTests.TestDrugAppointmentAsync","DisplayName":"IntegrationTests.Tests.DrugTests.TestDrugAppointmentAsync","ExecutorUri":"executor://xunit/VsTestRunner2/netcoreapp","Source":"C:\\Facultate\\dotNET\\MyVetAppoinmentApp\\IntegrationTests\\bin\\Debug\\net7.0\\fine-code-coverage\\build-output\\IntegrationTests.dll","CodeFilePath":null,"LineNumber":0,"Properties":[]},"Attachments":[],"Outcome":1,"ErrorMessage":null,"ErrorStackTrace":null,"DisplayName":"IntegrationTests.Tests.DrugTests.TestDrugAppointmentAsync","Messages":[],"ComputerName":"DESKTOP-AI463B2","Duration":"00:00:00.0132144","StartTime":"2022-12-21T15:19:00.666896+00:00","EndTime":"2022-12-21T15:19:00.6668962+00:00","Properties":[]},{"TestCase":{"Id":"5ee36b7c-ed17-8161-3690-2f89050c92e0","FullyQualifiedName":"IntegrationTests.Tests.DrugTests.TestGetDrugAsync","DisplayName":"IntegrationTests.Tests.DrugTests.TestGetDrugAsync","ExecutorUri":"executor://xunit/VsTestRunner2/netcoreapp","Source":"C:\\Facultate\\dotNET\\MyVetAppoinmentApp\\IntegrationTests\\bin\\Debug\\net7.0\\fine-code-coverage\\build-output\\IntegrationTests.dll","CodeFilePath":null,"LineNumber":0,"Properties":[]},"Attachments":[],"Outcome":1,"ErrorMessage":null,"ErrorStackTrace":null,"DisplayName":"IntegrationTests.Tests.DrugTests.TestGetDrugAsync","Messages":[],"ComputerName":"DESKTOP-AI463B2","Duration":"00:00:00.0091480","StartTime":"2022-12-21T15:19:00.6766684+00:00","EndTime":"2022-12-21T15:19:00.6766687+00:00","Properties":[]},{"TestCase":{"Id":"3932f0c1-159f-15f5-e38c-c08d18e8148d","FullyQualifiedName":"IntegrationTests.Tests.PetTests.TestPostPetAsync","DisplayName":"IntegrationTests.Tests.PetTests.TestPostPetAsync","ExecutorUri":"executor://xunit/VsTestRunner2/netcoreapp","Source":"C:\\Facultate\\dotNET\\MyVetAppoinmentApp\\IntegrationTests\\bin\\Debug\\net7.0\\fine-code-coverage\\build-output\\IntegrationTests.dll","CodeFilePath":null,"LineNumber":0,"Properties":[]},"Attachments":[],"Outcome":1,"ErrorMessage":null,"ErrorStackTrace":null,"DisplayName":"IntegrationTests.Tests.PetTests.TestPostPetAsync","Messages":[],"ComputerName":"DESKTOP-AI463B2","Duration":"00:00:00.1596668","StartTime":"2022-12-21T15:19:00.8381762+00:00","EndTime":"2022-12-21T15:19:00.8381764+00:00","Properties":[]}],"TestRunStatistics":{"ExecutedTests":19,"Stats":{"Passed":19}},"ActiveTests":[{"Id":"e9b46dbf-33ba-9760-889e-fb96113967d3","FullyQualifiedName":"IntegrationTests.Tests.PetTests.TestPutPetAsync","DisplayName":"IntegrationTests.Tests.PetTests.TestPutPetAsync","ExecutorUri":"executor://xunit/VsTestRunner2/netcoreapp","Source":"C:\\Facultate\\dotNET\\MyVetAppoinmentApp\\IntegrationTests\\bin\\Debug\\net7.0\\fine-code-coverage\\build-output\\IntegrationTests.dll","CodeFilePath":null,"LineNumber":0,"Properties":[]}]}}
TpTrace Verbose: 0 : 12972, 12, 2022/12/21, 17:19:00.843, 163396052561, vstest.console.dll, TestRunRequest:SendTestRunStatsChange: Starting.
TpTrace Verbose: 0 : 12972, 12, 2022/12/21, 17:19:00.843, 163396053753, vstest.console.dll, InProgress is IntegrationTests.Tests.PetTests.TestPutPetAsync
TpTrace Verbose: 0 : 12972, 12, 2022/12/21, 17:19:00.843, 163396054693, vstest.console.dll, MulticastDelegateUtilities.SafeInvoke: TestRun.RunStatsChanged: Invoking callbacks was skipped because there are no subscribers.
TpTrace Information: 0 : 12972, 12, 2022/12/21, 17:19:00.843, 163396055274, vstest.console.dll, TestRunRequest:SendTestRunStatsChange: Completed.
TpTrace Verbose: 0 : 12972, 12, 2022/12/21, 17:19:00.843, 163396055942, vstest.console.dll, MulticastDelegateUtilities.SafeInvoke: LengthPrefixCommunicationChannel: MessageReceived: Invoking callback 1/1 for Microsoft.VisualStudio.TestPlatform.CommunicationUtilities.TestRequestSender+<>c__DisplayClass31_0., took 1 ms.
TpTrace Verbose: 0 : 12972, 4, 2022/12/21, 17:19:00.843, 163396056338, vstest.console.dll, MulticastDelegateUtilities.SafeInvoke: InternalTestLoggerEvents.SendTestResult: Invoking callback 1/1 for Microsoft.VisualStudio.TestPlatform.CommandLine.Internal.ConsoleLogger., took 0 ms.
TpTrace Verbose: 0 : 12972, 12, 2022/12/21, 17:19:00.843, 163396056621, vstest.console.dll, TcpClientExtensions.MessageLoopAsync: Polling on remoteEndPoint: 127.0.0.1:56667 localEndPoint: 127.0.0.1:56666
TpTrace Verbose: 0 : 12972, 4, 2022/12/21, 17:19:00.843, 163396057360, vstest.console.dll, MulticastDelegateUtilities.SafeInvoke: InternalTestLoggerEvents.SendTestResult: Invoking callback 1/1 for Microsoft.VisualStudio.TestPlatform.CommandLine.Internal.ConsoleLogger., took 0 ms.
TpTrace Verbose: 0 : 12972, 4, 2022/12/21, 17:19:00.843, 163396058413, vstest.console.dll, MulticastDelegateUtilities.SafeInvoke: InternalTestLoggerEvents.SendTestResult: Invoking callback 1/1 for Microsoft.VisualStudio.TestPlatform.CommandLine.Internal.ConsoleLogger., took 0 ms.
TpTrace Verbose: 0 : 12972, 4, 2022/12/21, 17:19:00.843, 163396058918, vstest.console.dll, MulticastDelegateUtilities.SafeInvoke: InternalTestLoggerEvents.SendTestResult: Invoking callback 1/1 for Microsoft.VisualStudio.TestPlatform.CommandLine.Internal.ConsoleLogger., took 0 ms.
TpTrace Verbose: 0 : 12972, 4, 2022/12/21, 17:19:00.843, 163396059520, vstest.console.dll, MulticastDelegateUtilities.SafeInvoke: InternalTestLoggerEvents.SendTestResult: Invoking callback 1/1 for Microsoft.VisualStudio.TestPlatform.CommandLine.Internal.ConsoleLogger., took 0 ms.
TpTrace Verbose: 0 : 12972, 4, 2022/12/21, 17:19:00.843, 163396060124, vstest.console.dll, MulticastDelegateUtilities.SafeInvoke: InternalTestLoggerEvents.SendTestResult: Invoking callback 1/1 for Microsoft.VisualStudio.TestPlatform.CommandLine.Internal.ConsoleLogger., took 0 ms.
TpTrace Verbose: 0 : 12972, 4, 2022/12/21, 17:19:00.845, 163396078716, vstest.console.dll, MulticastDelegateUtilities.SafeInvoke: InternalTestLoggerEvents.SendTestResult: Invoking callback 1/1 for Microsoft.VisualStudio.TestPlatform.CommandLine.Internal.ConsoleLogger., took 1 ms.
TpTrace Verbose: 0 : 12972, 4, 2022/12/21, 17:19:00.845, 163396080701, vstest.console.dll, MulticastDelegateUtilities.SafeInvoke: InternalTestLoggerEvents.SendTestResult: Invoking callback 1/1 for Microsoft.VisualStudio.TestPlatform.CommandLine.Internal.ConsoleLogger., took 0 ms.
TpTrace Verbose: 0 : 12972, 4, 2022/12/21, 17:19:00.846, 163396081252, vstest.console.dll, MulticastDelegateUtilities.SafeInvoke: InternalTestLoggerEvents.SendTestResult: Invoking callback 1/1 for Microsoft.VisualStudio.TestPlatform.CommandLine.Internal.ConsoleLogger., took 0 ms.
TpTrace Verbose: 0 : 12972, 12, 2022/12/21, 17:19:00.919, 163396814703, vstest.console.dll, TcpClientExtensions.MessageLoopAsync: NotifyDataAvailable remoteEndPoint: 127.0.0.1:56667 localEndPoint: 127.0.0.1:56666
TpTrace Verbose: 0 : 12972, 12, 2022/12/21, 17:19:00.919, 163396817063, vstest.console.dll, TestRequestSender.OnExecutionMessageReceived: Received message: {"Version":7,"MessageType":"TestSession.Message","Payload":{"MessageLevel":2,"Message":"[xUnit.net 00:00:05.23]     IntegrationTests.Tests.PetTests.TestPutPetAsync [FAIL]"}}
TpTrace Verbose: 0 : 12972, 12, 2022/12/21, 17:19:00.919, 163396818559, vstest.console.dll, TestRunRequest:SendTestRunMessage: Starting.
TpTrace Verbose: 0 : 12972, 12, 2022/12/21, 17:19:00.919, 163396820614, vstest.console.dll, MulticastDelegateUtilities.SafeInvoke: TestRun.LogMessages: Invoking callback 1/1 for Microsoft.VisualStudio.TestPlatform.CommandLine.TestRunResultAggregator., took 0 ms.
TpTrace Information: 0 : 12972, 12, 2022/12/21, 17:19:00.920, 163396821529, vstest.console.dll, TestRunRequest:SendTestRunMessage: Completed.
TpTrace Verbose: 0 : 12972, 12, 2022/12/21, 17:19:00.920, 163396822326, vstest.console.dll, MulticastDelegateUtilities.SafeInvoke: LengthPrefixCommunicationChannel: MessageReceived: Invoking callback 1/1 for Microsoft.VisualStudio.TestPlatform.CommunicationUtilities.TestRequestSender+<>c__DisplayClass31_0., took 0 ms.
TpTrace Verbose: 0 : 12972, 12, 2022/12/21, 17:19:00.920, 163396823014, vstest.console.dll, TcpClientExtensions.MessageLoopAsync: Polling on remoteEndPoint: 127.0.0.1:56667 localEndPoint: 127.0.0.1:56666
TpTrace Verbose: 0 : 12972, 4, 2022/12/21, 17:19:00.920, 163396825117, vstest.console.dll, MulticastDelegateUtilities.SafeInvoke: InternalTestLoggerEvents.SendTestRunMessage: Invoking callback 1/1 for Microsoft.VisualStudio.TestPlatform.CommandLine.Internal.ConsoleLogger., took 0 ms.
TpTrace Verbose: 0 : 12972, 12, 2022/12/21, 17:19:00.921, 163396834669, vstest.console.dll, TcpClientExtensions.MessageLoopAsync: NotifyDataAvailable remoteEndPoint: 127.0.0.1:56667 localEndPoint: 127.0.0.1:56666
TpTrace Verbose: 0 : 12972, 12, 2022/12/21, 17:19:00.921, 163396836411, vstest.console.dll, TestRequestSender.OnExecutionMessageReceived: Received message: {"Version":7,"MessageType":"TestSession.Message","Payload":{"MessageLevel":0,"Message":"[xUnit.net 00:00:05.23]       Assert.True() Failure"}}
TpTrace Verbose: 0 : 12972, 12, 2022/12/21, 17:19:00.921, 163396837822, vstest.console.dll, TestRunRequest:SendTestRunMessage: Starting.
TpTrace Verbose: 0 : 12972, 12, 2022/12/21, 17:19:00.921, 163396838742, vstest.console.dll, MulticastDelegateUtilities.SafeInvoke: TestRun.LogMessages: Invoking callback 1/1 for Microsoft.VisualStudio.TestPlatform.CommandLine.TestRunResultAggregator., took 0 ms.
TpTrace Verbose: 0 : 12972, 4, 2022/12/21, 17:19:00.921, 163396838984, vstest.console.dll, MulticastDelegateUtilities.SafeInvoke: InternalTestLoggerEvents.SendTestRunMessage: Invoking callback 1/1 for Microsoft.VisualStudio.TestPlatform.CommandLine.Internal.ConsoleLogger., took 0 ms.
TpTrace Information: 0 : 12972, 12, 2022/12/21, 17:19:00.921, 163396839326, vstest.console.dll, TestRunRequest:SendTestRunMessage: Completed.
TpTrace Verbose: 0 : 12972, 12, 2022/12/21, 17:19:00.921, 163396840533, vstest.console.dll, MulticastDelegateUtilities.SafeInvoke: LengthPrefixCommunicationChannel: MessageReceived: Invoking callback 1/1 for Microsoft.VisualStudio.TestPlatform.CommunicationUtilities.TestRequestSender+<>c__DisplayClass31_0., took 0 ms.
TpTrace Verbose: 0 : 12972, 12, 2022/12/21, 17:19:00.922, 163396841117, vstest.console.dll, TcpClientExtensions.MessageLoopAsync: Polling on remoteEndPoint: 127.0.0.1:56667 localEndPoint: 127.0.0.1:56666
TpTrace Verbose: 0 : 12972, 12, 2022/12/21, 17:19:00.922, 163396841826, vstest.console.dll, TcpClientExtensions.MessageLoopAsync: NotifyDataAvailable remoteEndPoint: 127.0.0.1:56667 localEndPoint: 127.0.0.1:56666
TpTrace Verbose: 0 : 12972, 12, 2022/12/21, 17:19:00.922, 163396842873, vstest.console.dll, TestRequestSender.OnExecutionMessageReceived: Received message: {"Version":7,"MessageType":"TestSession.Message","Payload":{"MessageLevel":0,"Message":"[xUnit.net 00:00:05.23]       Expected: True"}}
TpTrace Verbose: 0 : 12972, 12, 2022/12/21, 17:19:00.922, 163396844071, vstest.console.dll, TestRunRequest:SendTestRunMessage: Starting.
TpTrace Verbose: 0 : 12972, 12, 2022/12/21, 17:19:00.922, 163396844856, vstest.console.dll, MulticastDelegateUtilities.SafeInvoke: TestRun.LogMessages: Invoking callback 1/1 for Microsoft.VisualStudio.TestPlatform.CommandLine.TestRunResultAggregator., took 0 ms.
TpTrace Verbose: 0 : 12972, 4, 2022/12/21, 17:19:00.922, 163396844953, vstest.console.dll, MulticastDelegateUtilities.SafeInvoke: InternalTestLoggerEvents.SendTestRunMessage: Invoking callback 1/1 for Microsoft.VisualStudio.TestPlatform.CommandLine.Internal.ConsoleLogger., took 0 ms.
TpTrace Information: 0 : 12972, 12, 2022/12/21, 17:19:00.922, 163396845514, vstest.console.dll, TestRunRequest:SendTestRunMessage: Completed.
TpTrace Verbose: 0 : 12972, 12, 2022/12/21, 17:19:00.922, 163396846591, vstest.console.dll, MulticastDelegateUtilities.SafeInvoke: LengthPrefixCommunicationChannel: MessageReceived: Invoking callback 1/1 for Microsoft.VisualStudio.TestPlatform.CommunicationUtilities.TestRequestSender+<>c__DisplayClass31_0., took 0 ms.
TpTrace Verbose: 0 : 12972, 12, 2022/12/21, 17:19:00.922, 163396847215, vstest.console.dll, TcpClientExtensions.MessageLoopAsync: Polling on remoteEndPoint: 127.0.0.1:56667 localEndPoint: 127.0.0.1:56666
TpTrace Verbose: 0 : 12972, 12, 2022/12/21, 17:19:00.922, 163396847887, vstest.console.dll, TcpClientExtensions.MessageLoopAsync: NotifyDataAvailable remoteEndPoint: 127.0.0.1:56667 localEndPoint: 127.0.0.1:56666
TpTrace Verbose: 0 : 12972, 12, 2022/12/21, 17:19:00.922, 163396848723, vstest.console.dll, TestRequestSender.OnExecutionMessageReceived: Received message: {"Version":7,"MessageType":"TestSession.Message","Payload":{"MessageLevel":0,"Message":"[xUnit.net 00:00:05.23]       Actual:   False"}}
TpTrace Verbose: 0 : 12972, 12, 2022/12/21, 17:19:00.922, 163396849792, vstest.console.dll, TestRunRequest:SendTestRunMessage: Starting.
TpTrace Verbose: 0 : 12972, 12, 2022/12/21, 17:19:00.922, 163396850550, vstest.console.dll, MulticastDelegateUtilities.SafeInvoke: TestRun.LogMessages: Invoking callback 1/1 for Microsoft.VisualStudio.TestPlatform.CommandLine.TestRunResultAggregator., took 0 ms.
TpTrace Verbose: 0 : 12972, 4, 2022/12/21, 17:19:00.922, 163396850598, vstest.console.dll, MulticastDelegateUtilities.SafeInvoke: InternalTestLoggerEvents.SendTestRunMessage: Invoking callback 1/1 for Microsoft.VisualStudio.TestPlatform.CommandLine.Internal.ConsoleLogger., took 0 ms.
TpTrace Information: 0 : 12972, 12, 2022/12/21, 17:19:00.923, 163396851109, vstest.console.dll, TestRunRequest:SendTestRunMessage: Completed.
TpTrace Verbose: 0 : 12972, 12, 2022/12/21, 17:19:00.923, 163396852084, vstest.console.dll, MulticastDelegateUtilities.SafeInvoke: LengthPrefixCommunicationChannel: MessageReceived: Invoking callback 1/1 for Microsoft.VisualStudio.TestPlatform.CommunicationUtilities.TestRequestSender+<>c__DisplayClass31_0., took 0 ms.
TpTrace Verbose: 0 : 12972, 12, 2022/12/21, 17:19:00.923, 163396852632, vstest.console.dll, TcpClientExtensions.MessageLoopAsync: Polling on remoteEndPoint: 127.0.0.1:56667 localEndPoint: 127.0.0.1:56666
TpTrace Verbose: 0 : 12972, 12, 2022/12/21, 17:19:00.923, 163396855578, vstest.console.dll, TcpClientExtensions.MessageLoopAsync: NotifyDataAvailable remoteEndPoint: 127.0.0.1:56667 localEndPoint: 127.0.0.1:56666
TpTrace Verbose: 0 : 12972, 12, 2022/12/21, 17:19:00.923, 163396856602, vstest.console.dll, TestRequestSender.OnExecutionMessageReceived: Received message: {"Version":7,"MessageType":"TestSession.Message","Payload":{"MessageLevel":0,"Message":"[xUnit.net 00:00:05.23]       Stack Trace:"}}
TpTrace Verbose: 0 : 12972, 12, 2022/12/21, 17:19:00.923, 163396858061, vstest.console.dll, TestRunRequest:SendTestRunMessage: Starting.
TpTrace Verbose: 0 : 12972, 12, 2022/12/21, 17:19:00.923, 163396858959, vstest.console.dll, MulticastDelegateUtilities.SafeInvoke: TestRun.LogMessages: Invoking callback 1/1 for Microsoft.VisualStudio.TestPlatform.CommandLine.TestRunResultAggregator., took 0 ms.
TpTrace Verbose: 0 : 12972, 4, 2022/12/21, 17:19:00.923, 163396859225, vstest.console.dll, MulticastDelegateUtilities.SafeInvoke: InternalTestLoggerEvents.SendTestRunMessage: Invoking callback 1/1 for Microsoft.VisualStudio.TestPlatform.CommandLine.Internal.ConsoleLogger., took 0 ms.
TpTrace Information: 0 : 12972, 12, 2022/12/21, 17:19:00.923, 163396859727, vstest.console.dll, TestRunRequest:SendTestRunMessage: Completed.
TpTrace Verbose: 0 : 12972, 12, 2022/12/21, 17:19:00.923, 163396860968, vstest.console.dll, MulticastDelegateUtilities.SafeInvoke: LengthPrefixCommunicationChannel: MessageReceived: Invoking callback 1/1 for Microsoft.VisualStudio.TestPlatform.CommunicationUtilities.TestRequestSender+<>c__DisplayClass31_0., took 0 ms.
TpTrace Verbose: 0 : 12972, 12, 2022/12/21, 17:19:00.924, 163396861534, vstest.console.dll, TcpClientExtensions.MessageLoopAsync: Polling on remoteEndPoint: 127.0.0.1:56667 localEndPoint: 127.0.0.1:56666
TpTrace Verbose: 0 : 12972, 12, 2022/12/21, 17:19:00.924, 163396869052, vstest.console.dll, TcpClientExtensions.MessageLoopAsync: NotifyDataAvailable remoteEndPoint: 127.0.0.1:56667 localEndPoint: 127.0.0.1:56666
TpTrace Verbose: 0 : 12972, 12, 2022/12/21, 17:19:00.924, 163396870518, vstest.console.dll, TestRequestSender.OnExecutionMessageReceived: Received message: {"Version":7,"MessageType":"TestSession.Message","Payload":{"MessageLevel":0,"Message":"[xUnit.net 00:00:05.23]         C:\\Facultate\\dotNET\\MyVetAppoinmentApp\\IntegrationTests\\Tests\\PetTests.cs(93,0): at IntegrationTests.Tests.PetTests.TestPutPetAsync()"}}
TpTrace Verbose: 0 : 12972, 12, 2022/12/21, 17:19:00.925, 163396871729, vstest.console.dll, TestRunRequest:SendTestRunMessage: Starting.
TpTrace Verbose: 0 : 12972, 12, 2022/12/21, 17:19:00.925, 163396872426, vstest.console.dll, MulticastDelegateUtilities.SafeInvoke: TestRun.LogMessages: Invoking callback 1/1 for Microsoft.VisualStudio.TestPlatform.CommandLine.TestRunResultAggregator., took 0 ms.
TpTrace Verbose: 0 : 12972, 4, 2022/12/21, 17:19:00.925, 163396872628, vstest.console.dll, MulticastDelegateUtilities.SafeInvoke: InternalTestLoggerEvents.SendTestRunMessage: Invoking callback 1/1 for Microsoft.VisualStudio.TestPlatform.CommandLine.Internal.ConsoleLogger., took 0 ms.
TpTrace Information: 0 : 12972, 12, 2022/12/21, 17:19:00.925, 163396872987, vstest.console.dll, TestRunRequest:SendTestRunMessage: Completed.
TpTrace Verbose: 0 : 12972, 12, 2022/12/21, 17:19:00.925, 163396873996, vstest.console.dll, MulticastDelegateUtilities.SafeInvoke: LengthPrefixCommunicationChannel: MessageReceived: Invoking callback 1/1 for Microsoft.VisualStudio.TestPlatform.CommunicationUtilities.TestRequestSender+<>c__DisplayClass31_0., took 0 ms.
TpTrace Verbose: 0 : 12972, 12, 2022/12/21, 17:19:00.925, 163396874691, vstest.console.dll, TcpClientExtensions.MessageLoopAsync: Polling on remoteEndPoint: 127.0.0.1:56667 localEndPoint: 127.0.0.1:56666
TpTrace Verbose: 0 : 12972, 12, 2022/12/21, 17:19:00.925, 163396875325, vstest.console.dll, TcpClientExtensions.MessageLoopAsync: NotifyDataAvailable remoteEndPoint: 127.0.0.1:56667 localEndPoint: 127.0.0.1:56666
TpTrace Verbose: 0 : 12972, 12, 2022/12/21, 17:19:00.925, 163396876043, vstest.console.dll, TestRequestSender.OnExecutionMessageReceived: Received message: {"Version":7,"MessageType":"TestSession.Message","Payload":{"MessageLevel":0,"Message":"[xUnit.net 00:00:05.23]         --- End of stack trace from previous location ---"}}
TpTrace Verbose: 0 : 12972, 12, 2022/12/21, 17:19:00.925, 163396877163, vstest.console.dll, TestRunRequest:SendTestRunMessage: Starting.
TpTrace Verbose: 0 : 12972, 12, 2022/12/21, 17:19:00.925, 163396877853, vstest.console.dll, MulticastDelegateUtilities.SafeInvoke: TestRun.LogMessages: Invoking callback 1/1 for Microsoft.VisualStudio.TestPlatform.CommandLine.TestRunResultAggregator., took 0 ms.
TpTrace Verbose: 0 : 12972, 4, 2022/12/21, 17:19:00.925, 163396878073, vstest.console.dll, MulticastDelegateUtilities.SafeInvoke: InternalTestLoggerEvents.SendTestRunMessage: Invoking callback 1/1 for Microsoft.VisualStudio.TestPlatform.CommandLine.Internal.ConsoleLogger., took 0 ms.
TpTrace Information: 0 : 12972, 12, 2022/12/21, 17:19:00.925, 163396878608, vstest.console.dll, TestRunRequest:SendTestRunMessage: Completed.
TpTrace Verbose: 0 : 12972, 12, 2022/12/21, 17:19:00.925, 163396879572, vstest.console.dll, MulticastDelegateUtilities.SafeInvoke: LengthPrefixCommunicationChannel: MessageReceived: Invoking callback 1/1 for Microsoft.VisualStudio.TestPlatform.CommunicationUtilities.TestRequestSender+<>c__DisplayClass31_0., took 0 ms.
TpTrace Verbose: 0 : 12972, 12, 2022/12/21, 17:19:00.925, 163396879965, vstest.console.dll, TcpClientExtensions.MessageLoopAsync: Polling on remoteEndPoint: 127.0.0.1:56667 localEndPoint: 127.0.0.1:56666
TpTrace Verbose: 0 : 12972, 12, 2022/12/21, 17:19:01.035, 163397978086, vstest.console.dll, TcpClientExtensions.MessageLoopAsync: NotifyDataAvailable remoteEndPoint: 127.0.0.1:56667 localEndPoint: 127.0.0.1:56666
TpTrace Verbose: 0 : 12972, 12, 2022/12/21, 17:19:01.035, 163397980475, vstest.console.dll, TestRequestSender.OnExecutionMessageReceived: Received message: {"Version":7,"MessageType":"TestSession.Message","Payload":{"MessageLevel":2,"Message":"[xUnit.net 00:00:05.34]     IntegrationTests.Tests.PetTests.TestGetPetAppointmentsAsync [FAIL]"}}
TpTrace Verbose: 0 : 12972, 12, 2022/12/21, 17:19:01.036, 163397982419, vstest.console.dll, TestRunRequest:SendTestRunMessage: Starting.
TpTrace Verbose: 0 : 12972, 12, 2022/12/21, 17:19:01.036, 163397983580, vstest.console.dll, MulticastDelegateUtilities.SafeInvoke: TestRun.LogMessages: Invoking callback 1/1 for Microsoft.VisualStudio.TestPlatform.CommandLine.TestRunResultAggregator., took 0 ms.
TpTrace Information: 0 : 12972, 12, 2022/12/21, 17:19:01.036, 163397984315, vstest.console.dll, TestRunRequest:SendTestRunMessage: Completed.
TpTrace Verbose: 0 : 12972, 12, 2022/12/21, 17:19:01.036, 163397984959, vstest.console.dll, MulticastDelegateUtilities.SafeInvoke: LengthPrefixCommunicationChannel: MessageReceived: Invoking callback 1/1 for Microsoft.VisualStudio.TestPlatform.CommunicationUtilities.TestRequestSender+<>c__DisplayClass31_0., took 0 ms.
TpTrace Verbose: 0 : 12972, 12, 2022/12/21, 17:19:01.036, 163397985681, vstest.console.dll, TcpClientExtensions.MessageLoopAsync: Polling on remoteEndPoint: 127.0.0.1:56667 localEndPoint: 127.0.0.1:56666
TpTrace Verbose: 0 : 12972, 4, 2022/12/21, 17:19:01.036, 163397985825, vstest.console.dll, MulticastDelegateUtilities.SafeInvoke: InternalTestLoggerEvents.SendTestRunMessage: Invoking callback 1/1 for Microsoft.VisualStudio.TestPlatform.CommandLine.Internal.ConsoleLogger., took 0 ms.
TpTrace Verbose: 0 : 12972, 12, 2022/12/21, 17:19:01.036, 163397987779, vstest.console.dll, TcpClientExtensions.MessageLoopAsync: NotifyDataAvailable remoteEndPoint: 127.0.0.1:56667 localEndPoint: 127.0.0.1:56666
TpTrace Verbose: 0 : 12972, 12, 2022/12/21, 17:19:01.036, 163397989116, vstest.console.dll, TestRequestSender.OnExecutionMessageReceived: Received message: {"Version":7,"MessageType":"TestSession.Message","Payload":{"MessageLevel":0,"Message":"[xUnit.net 00:00:05.34]       Assert.True() Failure"}}
TpTrace Verbose: 0 : 12972, 12, 2022/12/21, 17:19:01.036, 163397990619, vstest.console.dll, TestRunRequest:SendTestRunMessage: Starting.
TpTrace Verbose: 0 : 12972, 12, 2022/12/21, 17:19:01.037, 163397991421, vstest.console.dll, MulticastDelegateUtilities.SafeInvoke: TestRun.LogMessages: Invoking callback 1/1 for Microsoft.VisualStudio.TestPlatform.CommandLine.TestRunResultAggregator., took 0 ms.
TpTrace Verbose: 0 : 12972, 4, 2022/12/21, 17:19:01.037, 163397991570, vstest.console.dll, MulticastDelegateUtilities.SafeInvoke: InternalTestLoggerEvents.SendTestRunMessage: Invoking callback 1/1 for Microsoft.VisualStudio.TestPlatform.CommandLine.Internal.ConsoleLogger., took 0 ms.
TpTrace Information: 0 : 12972, 12, 2022/12/21, 17:19:01.037, 163397992015, vstest.console.dll, TestRunRequest:SendTestRunMessage: Completed.
TpTrace Verbose: 0 : 12972, 12, 2022/12/21, 17:19:01.037, 163397993046, vstest.console.dll, MulticastDelegateUtilities.SafeInvoke: LengthPrefixCommunicationChannel: MessageReceived: Invoking callback 1/1 for Microsoft.VisualStudio.TestPlatform.CommunicationUtilities.TestRequestSender+<>c__DisplayClass31_0., took 0 ms.
TpTrace Verbose: 0 : 12972, 12, 2022/12/21, 17:19:01.037, 163397993580, vstest.console.dll, TcpClientExtensions.MessageLoopAsync: Polling on remoteEndPoint: 127.0.0.1:56667 localEndPoint: 127.0.0.1:56666
TpTrace Verbose: 0 : 12972, 12, 2022/12/21, 17:19:01.037, 163397994232, vstest.console.dll, TcpClientExtensions.MessageLoopAsync: NotifyDataAvailable remoteEndPoint: 127.0.0.1:56667 localEndPoint: 127.0.0.1:56666
TpTrace Verbose: 0 : 12972, 12, 2022/12/21, 17:19:01.037, 163397995032, vstest.console.dll, TestRequestSender.OnExecutionMessageReceived: Received message: {"Version":7,"MessageType":"TestSession.Message","Payload":{"MessageLevel":0,"Message":"[xUnit.net 00:00:05.34]       Expected: True"}}
TpTrace Verbose: 0 : 12972, 12, 2022/12/21, 17:19:01.037, 163397996689, vstest.console.dll, TestRunRequest:SendTestRunMessage: Starting.
TpTrace Verbose: 0 : 12972, 12, 2022/12/21, 17:19:01.037, 163397997810, vstest.console.dll, MulticastDelegateUtilities.SafeInvoke: TestRun.LogMessages: Invoking callback 1/1 for Microsoft.VisualStudio.TestPlatform.CommandLine.TestRunResultAggregator., took 0 ms.
TpTrace Verbose: 0 : 12972, 4, 2022/12/21, 17:19:01.037, 163397998224, vstest.console.dll, MulticastDelegateUtilities.SafeInvoke: InternalTestLoggerEvents.SendTestRunMessage: Invoking callback 1/1 for Microsoft.VisualStudio.TestPlatform.CommandLine.Internal.ConsoleLogger., took 0 ms.
TpTrace Information: 0 : 12972, 12, 2022/12/21, 17:19:01.037, 163397998468, vstest.console.dll, TestRunRequest:SendTestRunMessage: Completed.
TpTrace Verbose: 0 : 12972, 12, 2022/12/21, 17:19:01.037, 163398000247, vstest.console.dll, MulticastDelegateUtilities.SafeInvoke: LengthPrefixCommunicationChannel: MessageReceived: Invoking callback 1/1 for Microsoft.VisualStudio.TestPlatform.CommunicationUtilities.TestRequestSender+<>c__DisplayClass31_0., took 0 ms.
TpTrace Verbose: 0 : 12972, 12, 2022/12/21, 17:19:01.037, 163398000956, vstest.console.dll, TcpClientExtensions.MessageLoopAsync: Polling on remoteEndPoint: 127.0.0.1:56667 localEndPoint: 127.0.0.1:56666
TpTrace Verbose: 0 : 12972, 12, 2022/12/21, 17:19:01.038, 163398002142, vstest.console.dll, TcpClientExtensions.MessageLoopAsync: NotifyDataAvailable remoteEndPoint: 127.0.0.1:56667 localEndPoint: 127.0.0.1:56666
TpTrace Verbose: 0 : 12972, 12, 2022/12/21, 17:19:01.038, 163398003473, vstest.console.dll, TestRequestSender.OnExecutionMessageReceived: Received message: {"Version":7,"MessageType":"TestSession.Message","Payload":{"MessageLevel":0,"Message":"[xUnit.net 00:00:05.34]       Actual:   False"}}
TpTrace Verbose: 0 : 12972, 12, 2022/12/21, 17:19:01.038, 163398005112, vstest.console.dll, TestRunRequest:SendTestRunMessage: Starting.
TpTrace Verbose: 0 : 12972, 12, 2022/12/21, 17:19:01.038, 163398006283, vstest.console.dll, MulticastDelegateUtilities.SafeInvoke: TestRun.LogMessages: Invoking callback 1/1 for Microsoft.VisualStudio.TestPlatform.CommandLine.TestRunResultAggregator., took 0 ms.
TpTrace Verbose: 0 : 12972, 4, 2022/12/21, 17:19:01.038, 163398006535, vstest.console.dll, MulticastDelegateUtilities.SafeInvoke: InternalTestLoggerEvents.SendTestRunMessage: Invoking callback 1/1 for Microsoft.VisualStudio.TestPlatform.CommandLine.Internal.ConsoleLogger., took 0 ms.
TpTrace Information: 0 : 12972, 12, 2022/12/21, 17:19:01.038, 163398007051, vstest.console.dll, TestRunRequest:SendTestRunMessage: Completed.
TpTrace Verbose: 0 : 12972, 12, 2022/12/21, 17:19:01.038, 163398008349, vstest.console.dll, MulticastDelegateUtilities.SafeInvoke: LengthPrefixCommunicationChannel: MessageReceived: Invoking callback 1/1 for Microsoft.VisualStudio.TestPlatform.CommunicationUtilities.TestRequestSender+<>c__DisplayClass31_0., took 0 ms.
TpTrace Verbose: 0 : 12972, 12, 2022/12/21, 17:19:01.038, 163398009100, vstest.console.dll, TcpClientExtensions.MessageLoopAsync: Polling on remoteEndPoint: 127.0.0.1:56667 localEndPoint: 127.0.0.1:56666
TpTrace Verbose: 0 : 12972, 12, 2022/12/21, 17:19:01.038, 163398009973, vstest.console.dll, TcpClientExtensions.MessageLoopAsync: NotifyDataAvailable remoteEndPoint: 127.0.0.1:56667 localEndPoint: 127.0.0.1:56666
TpTrace Verbose: 0 : 12972, 12, 2022/12/21, 17:19:01.038, 163398010992, vstest.console.dll, TestRequestSender.OnExecutionMessageReceived: Received message: {"Version":7,"MessageType":"TestSession.Message","Payload":{"MessageLevel":0,"Message":"[xUnit.net 00:00:05.34]       Stack Trace:"}}
TpTrace Verbose: 0 : 12972, 12, 2022/12/21, 17:19:01.039, 163398012385, vstest.console.dll, TestRunRequest:SendTestRunMessage: Starting.
TpTrace Verbose: 0 : 12972, 12, 2022/12/21, 17:19:01.039, 163398013323, vstest.console.dll, MulticastDelegateUtilities.SafeInvoke: TestRun.LogMessages: Invoking callback 1/1 for Microsoft.VisualStudio.TestPlatform.CommandLine.TestRunResultAggregator., took 0 ms.
TpTrace Verbose: 0 : 12972, 4, 2022/12/21, 17:19:01.039, 163398013420, vstest.console.dll, MulticastDelegateUtilities.SafeInvoke: InternalTestLoggerEvents.SendTestRunMessage: Invoking callback 1/1 for Microsoft.VisualStudio.TestPlatform.CommandLine.Internal.ConsoleLogger., took 0 ms.
TpTrace Information: 0 : 12972, 12, 2022/12/21, 17:19:01.039, 163398014148, vstest.console.dll, TestRunRequest:SendTestRunMessage: Completed.
TpTrace Verbose: 0 : 12972, 12, 2022/12/21, 17:19:01.039, 163398014897, vstest.console.dll, MulticastDelegateUtilities.SafeInvoke: LengthPrefixCommunicationChannel: MessageReceived: Invoking callback 1/1 for Microsoft.VisualStudio.TestPlatform.CommunicationUtilities.TestRequestSender+<>c__DisplayClass31_0., took 0 ms.
TpTrace Verbose: 0 : 12972, 12, 2022/12/21, 17:19:01.039, 163398015557, vstest.console.dll, TcpClientExtensions.MessageLoopAsync: Polling on remoteEndPoint: 127.0.0.1:56667 localEndPoint: 127.0.0.1:56666
TpTrace Verbose: 0 : 12972, 12, 2022/12/21, 17:19:01.039, 163398016320, vstest.console.dll, TcpClientExtensions.MessageLoopAsync: NotifyDataAvailable remoteEndPoint: 127.0.0.1:56667 localEndPoint: 127.0.0.1:56666
TpTrace Verbose: 0 : 12972, 12, 2022/12/21, 17:19:01.039, 163398017219, vstest.console.dll, TestRequestSender.OnExecutionMessageReceived: Received message: {"Version":7,"MessageType":"TestSession.Message","Payload":{"MessageLevel":0,"Message":"[xUnit.net 00:00:05.35]         C:\\Facultate\\dotNET\\MyVetAppoinmentApp\\IntegrationTests\\Tests\\PetTests.cs(47,0): at IntegrationTests.Tests.PetTests.TestGetPetAppointmentsAsync()"}}
TpTrace Verbose: 0 : 12972, 12, 2022/12/21, 17:19:01.039, 163398018472, vstest.console.dll, TestRunRequest:SendTestRunMessage: Starting.
TpTrace Verbose: 0 : 12972, 12, 2022/12/21, 17:19:01.039, 163398019247, vstest.console.dll, MulticastDelegateUtilities.SafeInvoke: TestRun.LogMessages: Invoking callback 1/1 for Microsoft.VisualStudio.TestPlatform.CommandLine.TestRunResultAggregator., took 0 ms.
TpTrace Verbose: 0 : 12972, 4, 2022/12/21, 17:19:01.039, 163398019267, vstest.console.dll, MulticastDelegateUtilities.SafeInvoke: InternalTestLoggerEvents.SendTestRunMessage: Invoking callback 1/1 for Microsoft.VisualStudio.TestPlatform.CommandLine.Internal.ConsoleLogger., took 0 ms.
TpTrace Information: 0 : 12972, 12, 2022/12/21, 17:19:01.039, 163398019813, vstest.console.dll, TestRunRequest:SendTestRunMessage: Completed.
TpTrace Verbose: 0 : 12972, 12, 2022/12/21, 17:19:01.039, 163398020554, vstest.console.dll, MulticastDelegateUtilities.SafeInvoke: LengthPrefixCommunicationChannel: MessageReceived: Invoking callback 1/1 for Microsoft.VisualStudio.TestPlatform.CommunicationUtilities.TestRequestSender+<>c__DisplayClass31_0., took 0 ms.
TpTrace Verbose: 0 : 12972, 12, 2022/12/21, 17:19:01.040, 163398021061, vstest.console.dll, TcpClientExtensions.MessageLoopAsync: Polling on remoteEndPoint: 127.0.0.1:56667 localEndPoint: 127.0.0.1:56666
TpTrace Verbose: 0 : 12972, 12, 2022/12/21, 17:19:01.040, 163398021678, vstest.console.dll, TcpClientExtensions.MessageLoopAsync: NotifyDataAvailable remoteEndPoint: 127.0.0.1:56667 localEndPoint: 127.0.0.1:56666
TpTrace Verbose: 0 : 12972, 12, 2022/12/21, 17:19:01.040, 163398022440, vstest.console.dll, TestRequestSender.OnExecutionMessageReceived: Received message: {"Version":7,"MessageType":"TestSession.Message","Payload":{"MessageLevel":0,"Message":"[xUnit.net 00:00:05.35]         --- End of stack trace from previous location ---"}}
TpTrace Verbose: 0 : 12972, 12, 2022/12/21, 17:19:01.040, 163398023414, vstest.console.dll, TestRunRequest:SendTestRunMessage: Starting.
TpTrace Verbose: 0 : 12972, 12, 2022/12/21, 17:19:01.040, 163398024125, vstest.console.dll, MulticastDelegateUtilities.SafeInvoke: TestRun.LogMessages: Invoking callback 1/1 for Microsoft.VisualStudio.TestPlatform.CommandLine.TestRunResultAggregator., took 0 ms.
TpTrace Verbose: 0 : 12972, 4, 2022/12/21, 17:19:01.040, 163398024340, vstest.console.dll, MulticastDelegateUtilities.SafeInvoke: InternalTestLoggerEvents.SendTestRunMessage: Invoking callback 1/1 for Microsoft.VisualStudio.TestPlatform.CommandLine.Internal.ConsoleLogger., took 0 ms.
TpTrace Information: 0 : 12972, 12, 2022/12/21, 17:19:01.040, 163398026048, vstest.console.dll, TestRunRequest:SendTestRunMessage: Completed.
TpTrace Verbose: 0 : 12972, 12, 2022/12/21, 17:19:01.040, 163398027325, vstest.console.dll, MulticastDelegateUtilities.SafeInvoke: LengthPrefixCommunicationChannel: MessageReceived: Invoking callback 1/1 for Microsoft.VisualStudio.TestPlatform.CommunicationUtilities.TestRequestSender+<>c__DisplayClass31_0., took 0 ms.
TpTrace Verbose: 0 : 12972, 12, 2022/12/21, 17:19:01.040, 163398027972, vstest.console.dll, TcpClientExtensions.MessageLoopAsync: Polling on remoteEndPoint: 127.0.0.1:56667 localEndPoint: 127.0.0.1:56666
TpTrace Verbose: 0 : 12972, 12, 2022/12/21, 17:19:01.250, 163400125084, vstest.console.dll, TcpClientExtensions.MessageLoopAsync: NotifyDataAvailable remoteEndPoint: 127.0.0.1:56667 localEndPoint: 127.0.0.1:56666
TpTrace Verbose: 0 : 12972, 12, 2022/12/21, 17:19:01.250, 163400128919, vstest.console.dll, TestRequestSender.OnExecutionMessageReceived: Received message: {"Version":7,"MessageType":"TestExecution.StatsChange","Payload":{"NewTestResults":[{"TestCase":{"Id":"e9b46dbf-33ba-9760-889e-fb96113967d3","FullyQualifiedName":"IntegrationTests.Tests.PetTests.TestPutPetAsync","DisplayName":"IntegrationTests.Tests.PetTests.TestPutPetAsync","ExecutorUri":"executor://xunit/VsTestRunner2/netcoreapp","Source":"C:\\Facultate\\dotNET\\MyVetAppoinmentApp\\IntegrationTests\\bin\\Debug\\net7.0\\fine-code-coverage\\build-output\\IntegrationTests.dll","CodeFilePath":null,"LineNumber":0,"Properties":[]},"Attachments":[],"Outcome":2,"ErrorMessage":"Assert.True() Failure\r\nExpected: True\r\nActual:   False","ErrorStackTrace":"   at IntegrationTests.Tests.PetTests.TestPutPetAsync() in C:\\Facultate\\dotNET\\MyVetAppoinmentApp\\IntegrationTests\\Tests\\PetTests.cs:line 93\r\n--- End of stack trace from previous location ---","DisplayName":"IntegrationTests.Tests.PetTests.TestPutPetAsync","Messages":[],"ComputerName":"DESKTOP-AI463B2","Duration":"00:00:00.0637586","StartTime":"2022-12-21T15:19:00.9265102+00:00","EndTime":"2022-12-21T15:19:00.9265104+00:00","Properties":[]},{"TestCase":{"Id":"a5f2cd85-f333-acda-2060-96e6768595c0","FullyQualifiedName":"IntegrationTests.Tests.PetTests.TestGetPetAsync","DisplayName":"IntegrationTests.Tests.PetTests.TestGetPetAsync","ExecutorUri":"executor://xunit/VsTestRunner2/netcoreapp","Source":"C:\\Facultate\\dotNET\\MyVetAppoinmentApp\\IntegrationTests\\bin\\Debug\\net7.0\\fine-code-coverage\\build-output\\IntegrationTests.dll","CodeFilePath":null,"LineNumber":0,"Properties":[]},"Attachments":[],"Outcome":1,"ErrorMessage":null,"ErrorStackTrace":null,"DisplayName":"IntegrationTests.Tests.PetTests.TestGetPetAsync","Messages":[],"ComputerName":"DESKTOP-AI463B2","Duration":"00:00:00.0155266","StartTime":"2022-12-21T15:19:00.9302855+00:00","EndTime":"2022-12-21T15:19:00.9302857+00:00","Properties":[]},{"TestCase":{"Id":"015c4a3b-95e2-d05b-c5a3-cb2f8f728d55","FullyQualifiedName":"IntegrationTests.Tests.PetTests.TestDeletePetAsync","DisplayName":"IntegrationTests.Tests.PetTests.TestDeletePetAsync","ExecutorUri":"executor://xunit/VsTestRunner2/netcoreapp","Source":"C:\\Facultate\\dotNET\\MyVetAppoinmentApp\\IntegrationTests\\bin\\Debug\\net7.0\\fine-code-coverage\\build-output\\IntegrationTests.dll","CodeFilePath":null,"LineNumber":0,"Properties":[]},"Attachments":[],"Outcome":1,"ErrorMessage":null,"ErrorStackTrace":null,"DisplayName":"IntegrationTests.Tests.PetTests.TestDeletePetAsync","Messages":[],"ComputerName":"DESKTOP-AI463B2","Duration":"00:00:00.0253210","StartTime":"2022-12-21T15:19:00.9546696+00:00","EndTime":"2022-12-21T15:19:00.9546698+00:00","Properties":[]},{"TestCase":{"Id":"dd82756b-5b99-ac3b-22e1-3f932f76cee3","FullyQualifiedName":"IntegrationTests.Tests.PetTests.TestGetPetsAsync","DisplayName":"IntegrationTests.Tests.PetTests.TestGetPetsAsync","ExecutorUri":"executor://xunit/VsTestRunner2/netcoreapp","Source":"C:\\Facultate\\dotNET\\MyVetAppoinmentApp\\IntegrationTests\\bin\\Debug\\net7.0\\fine-code-coverage\\build-output\\IntegrationTests.dll","CodeFilePath":null,"LineNumber":0,"Properties":[]},"Attachments":[],"Outcome":1,"ErrorMessage":null,"ErrorStackTrace":null,"DisplayName":"IntegrationTests.Tests.PetTests.TestGetPetsAsync","Messages":[],"ComputerName":"DESKTOP-AI463B2","Duration":"00:00:00.0224719","StartTime":"2022-12-21T15:19:00.977814+00:00","EndTime":"2022-12-21T15:19:00.9778141+00:00","Properties":[]},{"TestCase":{"Id":"6dcac779-a4ee-d6ce-462c-c33b82a44da0","FullyQualifiedName":"IntegrationTests.Tests.PetTests.TestGetPetAppointmentsAsync","DisplayName":"IntegrationTests.Tests.PetTests.TestGetPetAppointmentsAsync","ExecutorUri":"executor://xunit/VsTestRunner2/netcoreapp","Source":"C:\\Facultate\\dotNET\\MyVetAppoinmentApp\\IntegrationTests\\bin\\Debug\\net7.0\\fine-code-coverage\\build-output\\IntegrationTests.dll","CodeFilePath":null,"LineNumber":0,"Properties":[]},"Attachments":[],"Outcome":2,"ErrorMessage":"Assert.True() Failure\r\nExpected: True\r\nActual:   False","ErrorStackTrace":"   at IntegrationTests.Tests.PetTests.TestGetPetAppointmentsAsync() in C:\\Facultate\\dotNET\\MyVetAppoinmentApp\\IntegrationTests\\Tests\\PetTests.cs:line 47\r\n--- End of stack trace from previous location ---","DisplayName":"IntegrationTests.Tests.PetTests.TestGetPetAppointmentsAsync","Messages":[],"ComputerName":"DESKTOP-AI463B2","Duration":"00:00:00.0553066","StartTime":"2022-12-21T15:19:01.037976+00:00","EndTime":"2022-12-21T15:19:01.0379761+00:00","Properties":[]},{"TestCase":{"Id":"86bca29e-d4f0-c53e-19f5-16e0db032589","FullyQualifiedName":"IntegrationTests.Tests.ShopTests.TestGetShopAsync","DisplayName":"IntegrationTests.Tests.ShopTests.TestGetShopAsync","ExecutorUri":"executor://xunit/VsTestRunner2/netcoreapp","Source":"C:\\Facultate\\dotNET\\MyVetAppoinmentApp\\IntegrationTests\\bin\\Debug\\net7.0\\fine-code-coverage\\build-output\\IntegrationTests.dll","CodeFilePath":null,"LineNumber":0,"Properties":[]},"Attachments":[],"Outcome":1,"ErrorMessage":null,"ErrorStackTrace":null,"DisplayName":"IntegrationTests.Tests.ShopTests.TestGetShopAsync","Messages":[],"ComputerName":"DESKTOP-AI463B2","Duration":"00:00:00.1349043","StartTime":"2022-12-21T15:19:01.1712456+00:00","EndTime":"2022-12-21T15:19:01.1712457+00:00","Properties":[]},{"TestCase":{"Id":"2991e98c-3e42-31c2-82bf-62e9e7529fc1","FullyQualifiedName":"IntegrationTests.Tests.ShopTests.TestPostShopAsync","DisplayName":"IntegrationTests.Tests.ShopTests.TestPostShopAsync","ExecutorUri":"executor://xunit/VsTestRunner2/netcoreapp","Source":"C:\\Facultate\\dotNET\\MyVetAppoinmentApp\\IntegrationTests\\bin\\Debug\\net7.0\\fine-code-coverage\\build-output\\IntegrationTests.dll","CodeFilePath":null,"LineNumber":0,"Properties":[]},"Attachments":[],"Outcome":1,"ErrorMessage":null,"ErrorStackTrace":null,"DisplayName":"IntegrationTests.Tests.ShopTests.TestPostShopAsync","Messages":[],"ComputerName":"DESKTOP-AI463B2","Duration":"00:00:00.0318863","StartTime":"2022-12-21T15:19:01.2037081+00:00","EndTime":"2022-12-21T15:19:01.2037086+00:00","Properties":[]},{"TestCase":{"Id":"8fe28ee3-cc08-b010-544f-2feec04a58d9","FullyQualifiedName":"IntegrationTests.Tests.ShopTests.TestDeleteShopAsync","DisplayName":"IntegrationTests.Tests.ShopTests.TestDeleteShopAsync","ExecutorUri":"executor://xunit/VsTestRunner2/netcoreapp","Source":"C:\\Facultate\\dotNET\\MyVetAppoinmentApp\\IntegrationTests\\bin\\Debug\\net7.0\\fine-code-coverage\\build-output\\IntegrationTests.dll","CodeFilePath":null,"LineNumber":0,"Properties":[]},"Attachments":[],"Outcome":1,"ErrorMessage":null,"ErrorStackTrace":null,"DisplayName":"IntegrationTests.Tests.ShopTests.TestDeleteShopAsync","Messages":[],"ComputerName":"DESKTOP-AI463B2","Duration":"00:00:00.0268615","StartTime":"2022-12-21T15:19:01.2314008+00:00","EndTime":"2022-12-21T15:19:01.2314012+00:00","Properties":[]},{"TestCase":{"Id":"41b69a6f-cd85-07b6-f31c-676cd5dde2a5","FullyQualifiedName":"IntegrationTests.Tests.ShopTests.TestGetShopsAsync","DisplayName":"IntegrationTests.Tests.ShopTests.TestGetShopsAsync","ExecutorUri":"executor://xunit/VsTestRunner2/netcoreapp","Source":"C:\\Facultate\\dotNET\\MyVetAppoinmentApp\\IntegrationTests\\bin\\Debug\\net7.0\\fine-code-coverage\\build-output\\IntegrationTests.dll","CodeFilePath":null,"LineNumber":0,"Properties":[]},"Attachments":[],"Outcome":1,"ErrorMessage":null,"ErrorStackTrace":null,"DisplayName":"IntegrationTests.Tests.ShopTests.TestGetShopsAsync","Messages":[],"ComputerName":"DESKTOP-AI463B2","Duration":"00:00:00.0147459","StartTime":"2022-12-21T15:19:01.2468315+00:00","EndTime":"2022-12-21T15:19:01.2468316+00:00","Properties":[]}],"TestRunStatistics":{"ExecutedTests":28,"Stats":{"Passed":26,"Failed":2}},"ActiveTests":[{"Id":"d69ae51a-d495-d106-7f69-33d8e82c3e2f","FullyQualifiedName":"IntegrationTests.Tests.ShopTests.TestPutShopAsync","DisplayName":"IntegrationTests.Tests.ShopTests.TestPutShopAsync","ExecutorUri":"executor://xunit/VsTestRunner2/netcoreapp","Source":"C:\\Facultate\\dotNET\\MyVetAppoinmentApp\\IntegrationTests\\bin\\Debug\\net7.0\\fine-code-coverage\\build-output\\IntegrationTests.dll","CodeFilePath":null,"LineNumber":0,"Properties":[]}]}}
TpTrace Verbose: 0 : 12972, 12, 2022/12/21, 17:19:01.251, 163400138134, vstest.console.dll, TestRunRequest:SendTestRunStatsChange: Starting.
TpTrace Verbose: 0 : 12972, 12, 2022/12/21, 17:19:01.251, 163400139371, vstest.console.dll, InProgress is IntegrationTests.Tests.ShopTests.TestPutShopAsync
TpTrace Verbose: 0 : 12972, 12, 2022/12/21, 17:19:01.251, 163400140006, vstest.console.dll, MulticastDelegateUtilities.SafeInvoke: TestRun.RunStatsChanged: Invoking callbacks was skipped because there are no subscribers.
TpTrace Information: 0 : 12972, 12, 2022/12/21, 17:19:01.251, 163400140467, vstest.console.dll, TestRunRequest:SendTestRunStatsChange: Completed.
TpTrace Verbose: 0 : 12972, 12, 2022/12/21, 17:19:01.251, 163400140909, vstest.console.dll, MulticastDelegateUtilities.SafeInvoke: LengthPrefixCommunicationChannel: MessageReceived: Invoking callback 1/1 for Microsoft.VisualStudio.TestPlatform.CommunicationUtilities.TestRequestSender+<>c__DisplayClass31_0., took 1 ms.
TpTrace Verbose: 0 : 12972, 12, 2022/12/21, 17:19:01.252, 163400141425, vstest.console.dll, TcpClientExtensions.MessageLoopAsync: Polling on remoteEndPoint: 127.0.0.1:56667 localEndPoint: 127.0.0.1:56666
TpTrace Verbose: 0 : 12972, 4, 2022/12/21, 17:19:01.252, 163400147779, vstest.console.dll, MulticastDelegateUtilities.SafeInvoke: InternalTestLoggerEvents.SendTestResult: Invoking callback 1/1 for Microsoft.VisualStudio.TestPlatform.CommandLine.Internal.ConsoleLogger., took 0 ms.
TpTrace Verbose: 0 : 12972, 4, 2022/12/21, 17:19:01.252, 163400148696, vstest.console.dll, MulticastDelegateUtilities.SafeInvoke: InternalTestLoggerEvents.SendTestResult: Invoking callback 1/1 for Microsoft.VisualStudio.TestPlatform.CommandLine.Internal.ConsoleLogger., took 0 ms.
TpTrace Verbose: 0 : 12972, 4, 2022/12/21, 17:19:01.252, 163400149086, vstest.console.dll, MulticastDelegateUtilities.SafeInvoke: InternalTestLoggerEvents.SendTestResult: Invoking callback 1/1 for Microsoft.VisualStudio.TestPlatform.CommandLine.Internal.ConsoleLogger., took 0 ms.
TpTrace Verbose: 0 : 12972, 4, 2022/12/21, 17:19:01.252, 163400149428, vstest.console.dll, MulticastDelegateUtilities.SafeInvoke: InternalTestLoggerEvents.SendTestResult: Invoking callback 1/1 for Microsoft.VisualStudio.TestPlatform.CommandLine.Internal.ConsoleLogger., took 0 ms.
TpTrace Verbose: 0 : 12972, 4, 2022/12/21, 17:19:01.253, 163400151256, vstest.console.dll, MulticastDelegateUtilities.SafeInvoke: InternalTestLoggerEvents.SendTestResult: Invoking callback 1/1 for Microsoft.VisualStudio.TestPlatform.CommandLine.Internal.ConsoleLogger., took 0 ms.
TpTrace Verbose: 0 : 12972, 4, 2022/12/21, 17:19:01.253, 163400151842, vstest.console.dll, MulticastDelegateUtilities.SafeInvoke: InternalTestLoggerEvents.SendTestResult: Invoking callback 1/1 for Microsoft.VisualStudio.TestPlatform.CommandLine.Internal.ConsoleLogger., took 0 ms.
TpTrace Verbose: 0 : 12972, 4, 2022/12/21, 17:19:01.253, 163400152583, vstest.console.dll, MulticastDelegateUtilities.SafeInvoke: InternalTestLoggerEvents.SendTestResult: Invoking callback 1/1 for Microsoft.VisualStudio.TestPlatform.CommandLine.Internal.ConsoleLogger., took 0 ms.
TpTrace Verbose: 0 : 12972, 4, 2022/12/21, 17:19:01.253, 163400153229, vstest.console.dll, MulticastDelegateUtilities.SafeInvoke: InternalTestLoggerEvents.SendTestResult: Invoking callback 1/1 for Microsoft.VisualStudio.TestPlatform.CommandLine.Internal.ConsoleLogger., took 0 ms.
TpTrace Verbose: 0 : 12972, 4, 2022/12/21, 17:19:01.253, 163400153829, vstest.console.dll, MulticastDelegateUtilities.SafeInvoke: InternalTestLoggerEvents.SendTestResult: Invoking callback 1/1 for Microsoft.VisualStudio.TestPlatform.CommandLine.Internal.ConsoleLogger., took 0 ms.
TpTrace Verbose: 0 : 12972, 12, 2022/12/21, 17:19:01.538, 163403008237, vstest.console.dll, TcpClientExtensions.MessageLoopAsync: NotifyDataAvailable remoteEndPoint: 127.0.0.1:56667 localEndPoint: 127.0.0.1:56666
TpTrace Verbose: 0 : 12972, 12, 2022/12/21, 17:19:01.538, 163403009566, vstest.console.dll, TestRequestSender.OnExecutionMessageReceived: Received message: {"Version":7,"MessageType":"TestSession.Message","Payload":{"MessageLevel":0,"Message":"[xUnit.net 00:00:05.85]   Finished:    IntegrationTests"}}
TpTrace Verbose: 0 : 12972, 12, 2022/12/21, 17:19:01.538, 163403010710, vstest.console.dll, TestRunRequest:SendTestRunMessage: Starting.
TpTrace Verbose: 0 : 12972, 12, 2022/12/21, 17:19:01.539, 163403011306, vstest.console.dll, MulticastDelegateUtilities.SafeInvoke: TestRun.LogMessages: Invoking callback 1/1 for Microsoft.VisualStudio.TestPlatform.CommandLine.TestRunResultAggregator., took 0 ms.
TpTrace Verbose: 0 : 12972, 4, 2022/12/21, 17:19:01.539, 163403011493, vstest.console.dll, MulticastDelegateUtilities.SafeInvoke: InternalTestLoggerEvents.SendTestRunMessage: Invoking callback 1/1 for Microsoft.VisualStudio.TestPlatform.CommandLine.Internal.ConsoleLogger., took 0 ms.
TpTrace Information: 0 : 12972, 12, 2022/12/21, 17:19:01.539, 163403011798, vstest.console.dll, TestRunRequest:SendTestRunMessage: Completed.
TpTrace Verbose: 0 : 12972, 12, 2022/12/21, 17:19:01.539, 163403012628, vstest.console.dll, MulticastDelegateUtilities.SafeInvoke: LengthPrefixCommunicationChannel: MessageReceived: Invoking callback 1/1 for Microsoft.VisualStudio.TestPlatform.CommunicationUtilities.TestRequestSender+<>c__DisplayClass31_0., took 0 ms.
TpTrace Verbose: 0 : 12972, 12, 2022/12/21, 17:19:01.539, 163403013027, vstest.console.dll, TcpClientExtensions.MessageLoopAsync: Polling on remoteEndPoint: 127.0.0.1:56667 localEndPoint: 127.0.0.1:56666
TpTrace Verbose: 0 : 12972, 12, 2022/12/21, 17:19:01.567, 163403292445, vstest.console.dll, TcpClientExtensions.MessageLoopAsync: NotifyDataAvailable remoteEndPoint: 127.0.0.1:56667 localEndPoint: 127.0.0.1:56666
TpTrace Verbose: 0 : 12972, 12, 2022/12/21, 17:19:01.567, 163403294367, vstest.console.dll, TestRequestSender.OnExecutionMessageReceived: Received message: {"Version":7,"MessageType":"TestExecution.Completed","Payload":{"TestRunCompleteArgs":{"TestRunStatistics":{"ExecutedTests":33,"Stats":{"Passed":31,"Failed":2}},"IsCanceled":false,"IsAborted":false,"Error":null,"AttachmentSets":[],"InvokedDataCollectors":[],"ElapsedTimeInRunningTests":"00:00:05.8634258","Metrics":{},"DiscoveredExtensions":{"TestDiscoverers":["Xunit.Runner.VisualStudio.VsTestRunner, xunit.runner.visualstudio.dotnetcore.testadapter, Version=2.4.0.0, Culture=neutral, PublicKeyToken=8d05b1bb7a6fdb6c"],"TestExecutors":["executor://xunit/VsTestRunner2/netcoreapp"],"TestExecutors2":[],"TestSettingsProviders":[]}},"LastRunTests":{"NewTestResults":[{"TestCase":{"Id":"d69ae51a-d495-d106-7f69-33d8e82c3e2f","FullyQualifiedName":"IntegrationTests.Tests.ShopTests.TestPutShopAsync","DisplayName":"IntegrationTests.Tests.ShopTests.TestPutShopAsync","ExecutorUri":"executor://xunit/VsTestRunner2/netcoreapp","Source":"C:\\Facultate\\dotNET\\MyVetAppoinmentApp\\IntegrationTests\\bin\\Debug\\net7.0\\fine-code-coverage\\build-output\\IntegrationTests.dll","CodeFilePath":null,"LineNumber":0,"Properties":[]},"Attachments":[],"Outcome":1,"ErrorMessage":null,"ErrorStackTrace":null,"DisplayName":"IntegrationTests.Tests.ShopTests.TestPutShopAsync","Messages":[],"ComputerName":"DESKTOP-AI463B2","Duration":"00:00:00.0214902","StartTime":"2022-12-21T15:19:01.2688989+00:00","EndTime":"2022-12-21T15:19:01.2688991+00:00","Properties":[]},{"TestCase":{"Id":"c933fa77-53f1-fdbc-bacc-8b5188c49818","FullyQualifiedName":"IntegrationTests.Tests.AppointmentTests.TestDeleteAppointmentAsync","DisplayName":"IntegrationTests.Tests.AppointmentTests.TestDeleteAppointmentAsync","ExecutorUri":"executor://xunit/VsTestRunner2/netcoreapp","Source":"C:\\Facultate\\dotNET\\MyVetAppoinmentApp\\IntegrationTests\\bin\\Debug\\net7.0\\fine-code-coverage\\build-output\\IntegrationTests.dll","CodeFilePath":null,"LineNumber":0,"Properties":[]},"Attachments":[],"Outcome":1,"ErrorMessage":null,"ErrorStackTrace":null,"DisplayName":"IntegrationTests.Tests.AppointmentTests.TestDeleteAppointmentAsync","Messages":[],"ComputerName":"DESKTOP-AI463B2","Duration":"00:00:00.1401369","StartTime":"2022-12-21T15:19:01.4105864+00:00","EndTime":"2022-12-21T15:19:01.4105867+00:00","Properties":[]},{"TestCase":{"Id":"571d5d43-030a-2120-a9e6-3c9526f19101","FullyQualifiedName":"IntegrationTests.Tests.AppointmentTests.TestGetAppointmentAsync","DisplayName":"IntegrationTests.Tests.AppointmentTests.TestGetAppointmentAsync","ExecutorUri":"executor://xunit/VsTestRunner2/netcoreapp","Source":"C:\\Facultate\\dotNET\\MyVetAppoinmentApp\\IntegrationTests\\bin\\Debug\\net7.0\\fine-code-coverage\\build-output\\IntegrationTests.dll","CodeFilePath":null,"LineNumber":0,"Properties":[]},"Attachments":[],"Outcome":1,"ErrorMessage":null,"ErrorStackTrace":null,"DisplayName":"IntegrationTests.Tests.AppointmentTests.TestGetAppointmentAsync","Messages":[],"ComputerName":"DESKTOP-AI463B2","Duration":"00:00:00.0215900","StartTime":"2022-12-21T15:19:01.4329679+00:00","EndTime":"2022-12-21T15:19:01.4329681+00:00","Properties":[]},{"TestCase":{"Id":"30c8ff77-5e9b-3caa-4827-f8040ce127ec","FullyQualifiedName":"IntegrationTests.Tests.AppointmentTests.TestGetAppointmentsAsync","DisplayName":"IntegrationTests.Tests.AppointmentTests.TestGetAppointmentsAsync","ExecutorUri":"executor://xunit/VsTestRunner2/netcoreapp","Source":"C:\\Facultate\\dotNET\\MyVetAppoinmentApp\\IntegrationTests\\bin\\Debug\\net7.0\\fine-code-coverage\\build-output\\IntegrationTests.dll","CodeFilePath":null,"LineNumber":0,"Properties":[]},"Attachments":[],"Outcome":1,"ErrorMessage":null,"ErrorStackTrace":null,"DisplayName":"IntegrationTests.Tests.AppointmentTests.TestGetAppointmentsAsync","Messages":[],"ComputerName":"DESKTOP-AI463B2","Duration":"00:00:00.0560687","StartTime":"2022-12-21T15:19:01.489925+00:00","EndTime":"2022-12-21T15:19:01.4899256+00:00","Properties":[]},{"TestCase":{"Id":"1db66174-33db-8666-01c3-c98eb313afc4","FullyQualifiedName":"IntegrationTests.Tests.AppointmentTests.TestPostAppointmentAsync","DisplayName":"IntegrationTests.Tests.AppointmentTests.TestPostAppointmentAsync","ExecutorUri":"executor://xunit/VsTestRunner2/netcoreapp","Source":"C:\\Facultate\\dotNET\\MyVetAppoinmentApp\\IntegrationTests\\bin\\Debug\\net7.0\\fine-code-coverage\\build-output\\IntegrationTests.dll","CodeFilePath":null,"LineNumber":0,"Properties":[]},"Attachments":[],"Outcome":1,"ErrorMessage":null,"ErrorStackTrace":null,"DisplayName":"IntegrationTests.Tests.AppointmentTests.TestPostAppointmentAsync","Messages":[],"ComputerName":"DESKTOP-AI463B2","Duration":"00:00:00.0429644","StartTime":"2022-12-21T15:19:01.5335969+00:00","EndTime":"2022-12-21T15:19:01.5335971+00:00","Properties":[]}],"TestRunStatistics":{"ExecutedTests":33,"Stats":{"Passed":31,"Failed":2}},"ActiveTests":[]},"RunAttachments":[],"ExecutorUris":["executor://xunit/VsTestRunner2/netcoreapp"]}}
TpTrace Verbose: 0 : 12972, 12, 2022/12/21, 17:19:01.567, 163403295819, vstest.console.dll, TestRequestSender.EndSession: Sending end session.
TpTrace Verbose: 0 : 12972, 12, 2022/12/21, 17:19:01.567, 163403297963, vstest.console.dll, ProxyOperationManager.Close: waiting for test host to exit for 100 ms
TpTrace Warning: 0 : 12972, 11, 2022/12/21, 17:19:01.610, 163403728243, vstest.console.dll, TestHostManagerCallbacks.ErrorReceivedCallback Test host standard error line: 
TpTrace Verbose: 0 : 12972, 11, 2022/12/21, 17:19:01.654, 163404162752, vstest.console.dll, TestHostProvider.ExitCallBack: Host exited starting callback.
TpTrace Information: 0 : 12972, 11, 2022/12/21, 17:19:01.654, 163404164784, vstest.console.dll, TestHostManagerCallbacks.ExitCallBack: Testhost processId: 15836 exited with exitcode: 0 error: ''
TpTrace Verbose: 0 : 12972, 11, 2022/12/21, 17:19:01.654, 163404165209, vstest.console.dll, DotnetTestHostManager.OnHostExited: invoking OnHostExited callback
TpTrace Verbose: 0 : 12972, 11, 2022/12/21, 17:19:01.654, 163404165784, vstest.console.dll, CrossPlatEngine.TestHostManagerHostExited: calling on client process exit callback.
TpTrace Information: 0 : 12972, 11, 2022/12/21, 17:19:01.654, 163404166328, vstest.console.dll, TestRequestSender.OnClientProcessExit: Test host process exited. Standard error: 
TpTrace Information: 0 : 12972, 11, 2022/12/21, 17:19:01.654, 163404166718, vstest.console.dll, SocketServer.Stop: Stop server endPoint: 127.0.0.1:56666
TpTrace Information: 0 : 12972, 11, 2022/12/21, 17:19:01.654, 163404166968, vstest.console.dll, SocketServer.Stop: Cancellation requested. Stopping message loop.
TpTrace Information: 0 : 12972, 12, 2022/12/21, 17:19:01.654, 163404167342, vstest.console.dll, SocketServer.Stop: Stop server endPoint: 127.0.0.1:56666
TpTrace Information: 0 : 12972, 12, 2022/12/21, 17:19:01.654, 163404168004, vstest.console.dll, SocketServer.Stop: Cancellation requested. Stopping message loop.
TpTrace Verbose: 0 : 12972, 11, 2022/12/21, 17:19:01.654, 163404167936, vstest.console.dll, MulticastDelegateUtilities.SafeInvoke: HostProviderEvents.OnHostExited: Invoking callback 1/1 for Microsoft.VisualStudio.TestPlatform.CrossPlatEngine.Client.ProxyOperationManager., took 0 ms.
TpTrace Information: 0 : 12972, 12, 2022/12/21, 17:19:01.654, 163404168565, vstest.console.dll, Closing the connection
TpTrace Verbose: 0 : 12972, 12, 2022/12/21, 17:19:01.655, 163404171743, vstest.console.dll, ProxyDataCollectionManager.InvokeDataCollectionServiceAction: Starting.
TpTrace Information: 0 : 12972, 12, 2022/12/21, 17:19:01.655, 163404172402, vstest.console.dll, ProxyDataCollectionManager.AfterTestRunEnd: Get attachment set and invoked data collectors processId: 8764 port: 56663
TpTrace Verbose: 0 : 12972, 12, 2022/12/21, 17:19:01.655, 163404173079, vstest.console.dll, DataCollectionRequestSender.SendAfterTestRunStartAndGetResult: Send AfterTestRunEnd message with isCancelled: False
TpTrace Verbose: 0 : 12972, 12, 2022/12/21, 17:19:01.662, 163404246711, vstest.console.dll, DataCollectionRequestSender.SendAfterTestRunStartAndGetResult: Received message: (DataCollection.AfterTestRunEndResult) -> {"MessageType":"DataCollection.AfterTestRunEndResult","Payload":{"AttachmentSets":[],"InvokedDataCollectors":[{"Uri":"datacollector://Microsoft/TestPlatform/Extensions/Blame/v1","FriendlyName":"Blame","AssemblyQualifiedName":"Microsoft.TestPlatform.Extensions.BlameDataCollector.BlameCollector, Microsoft.TestPlatform.Extensions.BlameDataCollector, Version=15.0.0.0, Culture=neutral, PublicKeyToken=b03f5f7f11d50a3a","FilePath":"C:\\Program Files\\dotnet\\sdk\\7.0.100\\Extensions\\Microsoft.TestPlatform.Extensions.BlameDataCollector.dll","HasAttachmentProcessor":false}],"Metrics":{}}}
TpTrace Warning: 0 : 12972, 9, 2022/12/21, 17:19:01.670, 163404326018, vstest.console.dll, DataCollectionLauncher.ErrorReceivedCallback datacollector standard error line: 
TpTrace Information: 0 : 12972, 12, 2022/12/21, 17:19:01.674, 163404367088, vstest.console.dll, ProxyDataCollectionManager.InvokeDataCollectionServiceAction: Completed.
TpTrace Information: 0 : 12972, 9, 2022/12/21, 17:19:01.677, 163404399404, vstest.console.dll, DataCollectionLauncher.ExitCallBack: Data collector exited with exitcode: 0 error: ''
TpTrace Verbose: 0 : 12972, 12, 2022/12/21, 17:19:01.749, 163405119581, vstest.console.dll, TestRunRequest:SendTestRunStatsChange: Starting.
TpTrace Verbose: 0 : 12972, 12, 2022/12/21, 17:19:01.750, 163405121313, vstest.console.dll, MulticastDelegateUtilities.SafeInvoke: TestRun.RunStatsChanged: Invoking callbacks was skipped because there are no subscribers.
TpTrace Information: 0 : 12972, 12, 2022/12/21, 17:19:01.750, 163405121744, vstest.console.dll, TestRunRequest:SendTestRunStatsChange: Completed.
TpTrace Verbose: 0 : 12972, 4, 2022/12/21, 17:19:01.750, 163405122104, vstest.console.dll, MulticastDelegateUtilities.SafeInvoke: InternalTestLoggerEvents.SendTestResult: Invoking callback 1/1 for Microsoft.VisualStudio.TestPlatform.CommandLine.Internal.ConsoleLogger., took 0 ms.
TpTrace Verbose: 0 : 12972, 4, 2022/12/21, 17:19:01.750, 163405123174, vstest.console.dll, MulticastDelegateUtilities.SafeInvoke: InternalTestLoggerEvents.SendTestResult: Invoking callback 1/1 for Microsoft.VisualStudio.TestPlatform.CommandLine.Internal.ConsoleLogger., took 0 ms.
TpTrace Verbose: 0 : 12972, 4, 2022/12/21, 17:19:01.750, 163405123967, vstest.console.dll, MulticastDelegateUtilities.SafeInvoke: InternalTestLoggerEvents.SendTestResult: Invoking callback 1/1 for Microsoft.VisualStudio.TestPlatform.CommandLine.Internal.ConsoleLogger., took 0 ms.
TpTrace Verbose: 0 : 12972, 4, 2022/12/21, 17:19:01.750, 163405124629, vstest.console.dll, MulticastDelegateUtilities.SafeInvoke: InternalTestLoggerEvents.SendTestResult: Invoking callback 1/1 for Microsoft.VisualStudio.TestPlatform.CommandLine.Internal.ConsoleLogger., took 0 ms.
TpTrace Verbose: 0 : 12972, 4, 2022/12/21, 17:19:01.750, 163405125239, vstest.console.dll, MulticastDelegateUtilities.SafeInvoke: InternalTestLoggerEvents.SendTestResult: Invoking callback 1/1 for Microsoft.VisualStudio.TestPlatform.CommandLine.Internal.ConsoleLogger., took 0 ms.
TpTrace Verbose: 0 : 12972, 12, 2022/12/21, 17:19:01.750, 163405129092, vstest.console.dll, ParallelProxyExecutionManager: HandlePartialRunComplete: Total completed clients = 1, Run complete = True, Run canceled: False.
TpTrace Verbose: 0 : 12972, 4, 2022/12/21, 17:19:01.765, 163405280779, vstest.console.dll, MulticastDelegateUtilities.SafeInvoke: InternalTestLoggerEvents.SendTestRunComplete: Invoking callback 1/2 for Microsoft.TestPlatform.Extensions.BlameDataCollector.BlameLogger., took 0 ms.
TpTrace Verbose: 0 : 12972, 4, 2022/12/21, 17:19:01.778, 163405402029, vstest.console.dll, MulticastDelegateUtilities.SafeInvoke: InternalTestLoggerEvents.SendTestRunComplete: Invoking callback 2/2 for Microsoft.VisualStudio.TestPlatform.CommandLine.Internal.ConsoleLogger., took 11 ms.
TpTrace Verbose: 0 : 12972, 12, 2022/12/21, 17:19:01.778, 163405408181, vstest.console.dll, TestRunRequest:TestRunComplete: Starting. IsAborted:False IsCanceled:False.
TpTrace Verbose: 0 : 12972, 12, 2022/12/21, 17:19:01.780, 163405424940, vstest.console.dll, TestLoggerManager.HandleTestRunComplete: Ignoring as the object is disposed.
TpTrace Verbose: 0 : 12972, 12, 2022/12/21, 17:19:01.780, 163405428833, vstest.console.dll, MulticastDelegateUtilities.SafeInvoke: TestRun.TestRunComplete: Invoking callback 1/2 for Microsoft.VisualStudio.TestPlatform.CommandLine.TestRunResultAggregator., took 0 ms.
TpTrace Verbose: 0 : 12972, 12, 2022/12/21, 17:19:01.781, 163405434045, vstest.console.dll, MulticastDelegateUtilities.SafeInvoke: TestRun.TestRunComplete: Invoking callback 2/2 for Microsoft.VisualStudio.TestPlatform.CommandLine.Processors.RunTestsArgumentExecutor+TestRunRequestEventsRegistrar., took 0 ms.
TpTrace Information: 0 : 12972, 12, 2022/12/21, 17:19:01.781, 163405436973, vstest.console.dll, TestRunRequest:TestRunComplete: Completed.
TpTrace Verbose: 0 : 12972, 1, 2022/12/21, 17:19:01.781, 163405437641, vstest.console.dll, TestRunRequest.Dispose: Starting.
TpTrace Verbose: 0 : 12972, 12, 2022/12/21, 17:19:01.781, 163405437743, vstest.console.dll, TestRequestSender.SetOperationComplete: Setting operation complete.
TpTrace Information: 0 : 12972, 1, 2022/12/21, 17:19:01.781, 163405438475, vstest.console.dll, TestRunRequest.Dispose: Completed.
TpTrace Information: 0 : 12972, 12, 2022/12/21, 17:19:01.781, 163405438987, vstest.console.dll, SocketServer.Stop: Stop server endPoint: 127.0.0.1:56666
TpTrace Information: 0 : 12972, 1, 2022/12/21, 17:19:01.781, 163405439484, vstest.console.dll, TestRequestManager.RunTests: run tests completed.
TpTrace Information: 0 : 12972, 12, 2022/12/21, 17:19:01.781, 163405439947, vstest.console.dll, SocketServer.Stop: Cancellation requested. Stopping message loop.
TpTrace Verbose: 0 : 12972, 12, 2022/12/21, 17:19:01.781, 163405440853, vstest.console.dll, MulticastDelegateUtilities.SafeInvoke: LengthPrefixCommunicationChannel: MessageReceived: Invoking callback 1/1 for Microsoft.VisualStudio.TestPlatform.CommunicationUtilities.TestRequestSender+<>c__DisplayClass31_0., took 214 ms.
TpTrace Information: 0 : 12972, 1, 2022/12/21, 17:19:01.782, 163405441420, vstest.console.dll, RunTestsArgumentProcessor:Execute: Test run is completed.
TpTrace Information: 0 : 12972, 12, 2022/12/21, 17:19:01.782, 163405441529, vstest.console.dll, SocketServer.PrivateStop: Stopping server endPoint: 127.0.0.1:56666 error: 
TpTrace Verbose: 0 : 12972, 1, 2022/12/21, 17:19:01.782, 163405444398, vstest.console.dll, Executor.Execute: Exiting with exit code of 1
TpTrace Verbose: 0 : 12972, 12, 2022/12/21, 17:19:01.783, 163405453020, vstest.console.dll, LengthPrefixCommunicationChannel.Dispose: Dispose reader and writer.
